Started by user Pham Van Nhieu
Running as SYSTEM
Building in workspace /var/lib/jenkins/workspace/eCommerceApp
The recommended git tool is: NONE
using credential f6348bc7-79d3-490c-9ffd-156cc93fdade
 > git rev-parse --resolve-git-dir /var/lib/jenkins/workspace/eCommerceApp/.git # timeout=10
Fetching changes from the remote Git repository
 > git config remote.origin.url https://github.com/nhieupv-coder/nd035-c4-Security-and-DevOps.git # timeout=10
Fetching upstream changes from https://github.com/nhieupv-coder/nd035-c4-Security-and-DevOps.git
 > git --version # timeout=10
 > git --version # 'git version 2.40.1'
using GIT_SSH to set credentials 
Verifying host key using known hosts file
You're using 'Known hosts file' strategy to verify ssh host keys, but your known_hosts file does not exist, please go to 'Manage Jenkins' -> 'Security' -> 'Git Host Key Verification Configuration' and configure host key verification.
 > git fetch --tags --force --progress -- https://github.com/nhieupv-coder/nd035-c4-Security-and-DevOps.git +refs/heads/*:refs/remotes/origin/* # timeout=10
 > git rev-parse refs/remotes/origin/master^{commit} # timeout=10
Checking out Revision c3eaa160bbc7808febc0b7180ef05df338ee19b5 (refs/remotes/origin/master)
 > git config core.sparsecheckout # timeout=10
 > git checkout -f c3eaa160bbc7808febc0b7180ef05df338ee19b5 # timeout=10
Commit message: "update"
 > git rev-list --no-walk c3eaa160bbc7808febc0b7180ef05df338ee19b5 # timeout=10
[eCommerceApp] $ mvn -f starter_code/pom.xml package
[INFO] Scanning for projects...
[INFO] 
[INFO] ----------------------< com.example:auth-course >-----------------------
[INFO] Building auth-course 0.0.1-SNAPSHOT
[INFO] --------------------------------[ jar ]---------------------------------
[INFO] 
[INFO] --- maven-resources-plugin:3.1.0:resources (default-resources) @ auth-course ---
[INFO] Using 'UTF-8' encoding to copy filtered resources.
[INFO] Copying 1 resource
[INFO] Copying 2 resources
[INFO] 
[INFO] --- maven-compiler-plugin:3.8.1:compile (default-compile) @ auth-course ---
[INFO] Nothing to compile - all classes are up to date
[INFO] 
[INFO] --- maven-resources-plugin:3.1.0:testResources (default-testResources) @ auth-course ---
[INFO] Using 'UTF-8' encoding to copy filtered resources.
[INFO] skip non existing resourceDirectory /var/lib/jenkins/workspace/eCommerceApp/starter_code/src/test/resources
[INFO] 
[INFO] --- maven-compiler-plugin:3.8.1:testCompile (default-testCompile) @ auth-course ---
[INFO] Nothing to compile - all classes are up to date
[INFO] 
[INFO] --- maven-surefire-plugin:2.22.2:test (default-test) @ auth-course ---
[INFO] 
[INFO] -------------------------------------------------------
[INFO]  T E S T S
[INFO] -------------------------------------------------------
SLF4J: Class path contains multiple SLF4J bindings.
SLF4J: Found binding in [jar:file:/var/lib/jenkins/.m2/repository/ch/qos/logback/logback-classic/1.2.3/logback-classic-1.2.3.jar!/org/slf4j/impl/StaticLoggerBinder.class]
SLF4J: Found binding in [jar:file:/var/lib/jenkins/.m2/repository/org/slf4j/slf4j-log4j12/1.7.30/slf4j-log4j12-1.7.30.jar!/org/slf4j/impl/StaticLoggerBinder.class]
SLF4J: See http://www.slf4j.org/codes.html#multiple_bindings for an explanation.
SLF4J: Actual binding is of type [ch.qos.logback.classic.util.ContextSelectorStaticBinder]
14:40:10.898 INFO  org.springframework.test.context.support.AbstractTestContextBootstrapper -- main -- [o.s.b.t.c.SpringBootTestContextBootstrapper] -- Neither @ContextConfiguration nor @ContextHierarchy found for test class [com.example.demo.SareetaApplicationTests], using SpringBootContextLoader
14:40:10.908 INFO  org.springframework.test.context.support.AbstractContextLoader -- main -- [o.s.t.c.s.AbstractContextLoader] -- Could not detect default resource locations for test class [com.example.demo.SareetaApplicationTests]: no resource found for suffixes {-context.xml, Context.groovy}.
14:40:10.909 INFO  org.springframework.test.context.support.AnnotationConfigContextLoaderUtils -- main -- [o.s.t.c.s.AnnotationConfigContextLoaderUtils] -- Could not detect default configuration classes for test class [com.example.demo.SareetaApplicationTests]: SareetaApplicationTests does not declare any static, non-private, non-final, nested classes annotated with @Configuration.
14:40:11.153 INFO  org.springframework.boot.test.context.SpringBootTestContextBootstrapper -- main -- [o.s.b.t.c.SpringBootTestContextBootstrapper] -- Found @SpringBootConfiguration com.example.demo.SareetaApplication for test class com.example.demo.SareetaApplicationTests
14:40:11.322 INFO  org.springframework.test.context.support.AbstractTestContextBootstrapper -- main -- [o.s.b.t.c.SpringBootTestContextBootstrapper] -- Loaded default TestExecutionListener class names from location [META-INF/spring.factories]: [org.springframework.boot.test.mock.mockito.MockitoTestExecutionListener, org.springframework.boot.test.mock.mockito.ResetMocksTestExecutionListener, org.springframework.boot.test.autoconfigure.restdocs.RestDocsTestExecutionListener, org.springframework.boot.test.autoconfigure.web.client.MockRestServiceServerResetTestExecutionListener, org.springframework.boot.test.autoconfigure.web.servlet.MockMvcPrintOnlyOnFailureTestExecutionListener, org.springframework.boot.test.autoconfigure.web.servlet.WebDriverTestExecutionListener, org.springframework.boot.test.autoconfigure.webservices.client.MockWebServiceServerTestExecutionListener, org.springframework.test.context.web.ServletTestExecutionListener, org.springframework.test.context.support.DirtiesContextBeforeModesTestExecutionListener, org.springframework.test.context.support.DependencyInjectionTestExecutionListener, org.springframework.test.context.support.DirtiesContextTestExecutionListener, org.springframework.test.context.transaction.TransactionalTestExecutionListener, org.springframework.test.context.jdbc.SqlScriptsTestExecutionListener, org.springframework.test.context.event.EventPublishingTestExecutionListener, org.springframework.security.test.context.support.WithSecurityContextTestExecutionListener, org.springframework.security.test.context.support.ReactorContextTestExecutionListener]
14:40:11.363 INFO  org.springframework.test.context.support.AbstractTestContextBootstrapper -- main -- [o.s.b.t.c.SpringBootTestContextBootstrapper] -- Using TestExecutionListeners: [org.springframework.test.context.web.ServletTestExecutionListener@3300f4fd, org.springframework.test.context.support.DirtiesContextBeforeModesTestExecutionListener@ebb6851, org.springframework.boot.test.mock.mockito.MockitoTestExecutionListener@70ab2d48, org.springframework.boot.test.autoconfigure.SpringBootDependencyInjectionTestExecutionListener@5b068087, org.springframework.test.context.support.DirtiesContextTestExecutionListener@6f152006, org.springframework.test.context.transaction.TransactionalTestExecutionListener@3a393455, org.springframework.test.context.jdbc.SqlScriptsTestExecutionListener@13518f37, org.springframework.test.context.event.EventPublishingTestExecutionListener@7cbc3762, org.springframework.security.test.context.support.WithSecurityContextTestExecutionListener@3a6f2de3, org.springframework.security.test.context.support.ReactorContextTestExecutionListener@49872d67, org.springframework.boot.test.mock.mockito.ResetMocksTestExecutionListener@56303b57, org.springframework.boot.test.autoconfigure.restdocs.RestDocsTestExecutionListener@4b2a01d4, org.springframework.boot.test.autoconfigure.web.client.MockRestServiceServerResetTestExecutionListener@8692d67, org.springframework.boot.test.autoconfigure.web.servlet.MockMvcPrintOnlyOnFailureTestExecutionListener@78f5c518, org.springframework.boot.test.autoconfigure.web.servlet.WebDriverTestExecutionListener@2f48b3d2, org.springframework.boot.test.autoconfigure.webservices.client.MockWebServiceServerTestExecutionListener@34f7234e]
14:40:11.392 INFO  org.springframework.test.context.support.AbstractTestContextBootstrapper -- main -- [o.s.b.t.c.SpringBootTestContextBootstrapper] -- Neither @ContextConfiguration nor @ContextHierarchy found for test class [com.example.demo.SareetaApplicationTests], using SpringBootContextLoader
14:40:11.406 INFO  org.springframework.test.context.support.AbstractContextLoader -- main -- [o.s.t.c.s.AbstractContextLoader] -- Could not detect default resource locations for test class [com.example.demo.SareetaApplicationTests]: no resource found for suffixes {-context.xml, Context.groovy}.
14:40:11.408 INFO  org.springframework.test.context.support.AnnotationConfigContextLoaderUtils -- main -- [o.s.t.c.s.AnnotationConfigContextLoaderUtils] -- Could not detect default configuration classes for test class [com.example.demo.SareetaApplicationTests]: SareetaApplicationTests does not declare any static, non-private, non-final, nested classes annotated with @Configuration.
14:40:11.412 INFO  org.springframework.boot.test.context.SpringBootTestContextBootstrapper -- main -- [o.s.b.t.c.SpringBootTestContextBootstrapper] -- Found @SpringBootConfiguration com.example.demo.SareetaApplication for test class com.example.demo.SareetaApplicationTests
14:40:11.415 INFO  org.springframework.test.context.support.AbstractTestContextBootstrapper -- main -- [o.s.b.t.c.SpringBootTestContextBootstrapper] -- Loaded default TestExecutionListener class names from location [META-INF/spring.factories]: [org.springframework.boot.test.mock.mockito.MockitoTestExecutionListener, org.springframework.boot.test.mock.mockito.ResetMocksTestExecutionListener, org.springframework.boot.test.autoconfigure.restdocs.RestDocsTestExecutionListener, org.springframework.boot.test.autoconfigure.web.client.MockRestServiceServerResetTestExecutionListener, org.springframework.boot.test.autoconfigure.web.servlet.MockMvcPrintOnlyOnFailureTestExecutionListener, org.springframework.boot.test.autoconfigure.web.servlet.WebDriverTestExecutionListener, org.springframework.boot.test.autoconfigure.webservices.client.MockWebServiceServerTestExecutionListener, org.springframework.test.context.web.ServletTestExecutionListener, org.springframework.test.context.support.DirtiesContextBeforeModesTestExecutionListener, org.springframework.test.context.support.DependencyInjectionTestExecutionListener, org.springframework.test.context.support.DirtiesContextTestExecutionListener, org.springframework.test.context.transaction.TransactionalTestExecutionListener, org.springframework.test.context.jdbc.SqlScriptsTestExecutionListener, org.springframework.test.context.event.EventPublishingTestExecutionListener, org.springframework.security.test.context.support.WithSecurityContextTestExecutionListener, org.springframework.security.test.context.support.ReactorContextTestExecutionListener]
14:40:11.416 INFO  org.springframework.test.context.support.AbstractTestContextBootstrapper -- main -- [o.s.b.t.c.SpringBootTestContextBootstrapper] -- Using TestExecutionListeners: [org.springframework.test.context.web.ServletTestExecutionListener@5cbe877d, org.springframework.test.context.support.DirtiesContextBeforeModesTestExecutionListener@5c08c46a, org.springframework.boot.test.mock.mockito.MockitoTestExecutionListener@4cf8b2dc, org.springframework.boot.test.autoconfigure.SpringBootDependencyInjectionTestExecutionListener@708400f6, org.springframework.test.context.support.DirtiesContextTestExecutionListener@5829e4f4, org.springframework.test.context.transaction.TransactionalTestExecutionListener@4218500f, org.springframework.test.context.jdbc.SqlScriptsTestExecutionListener@4bff64c2, org.springframework.test.context.event.EventPublishingTestExecutionListener@1b2c4efb, org.springframework.security.test.context.support.WithSecurityContextTestExecutionListener@c35172e, org.springframework.security.test.context.support.ReactorContextTestExecutionListener@c2db68f, org.springframework.boot.test.mock.mockito.ResetMocksTestExecutionListener@3cc41abc, org.springframework.boot.test.autoconfigure.restdocs.RestDocsTestExecutionListener@4566d049, org.springframework.boot.test.autoconfigure.web.client.MockRestServiceServerResetTestExecutionListener@61ce23ac, org.springframework.boot.test.autoconfigure.web.servlet.MockMvcPrintOnlyOnFailureTestExecutionListener@3668d4, org.springframework.boot.test.autoconfigure.web.servlet.WebDriverTestExecutionListener@1c3b9394, org.springframework.boot.test.autoconfigure.webservices.client.MockWebServiceServerTestExecutionListener@6f2cfcc2]
[INFO] Running com.example.demo.controllers.CartControllerTest
14:40:12.550 ERROR com.example.demo.controllers.CartController -- main -- [c.e.demo.controllers.CartController] -- [ADD TO CART] - [FAIL], REASON : Item 2 not found
14:40:12.585 ERROR com.example.demo.controllers.CartController -- main -- [c.e.demo.controllers.CartController] -- [ADD TO CART] - [FAIL], REASON : User boo not found
14:40:12.590 ERROR com.example.demo.controllers.CartController -- main -- [c.e.demo.controllers.CartController] -- [REMOVE FROM CART] - [FAIL], REASON : Item 2 not found
14:40:12.594 ERROR com.example.demo.controllers.CartController -- main -- [c.e.demo.controllers.CartController] -- [REMOVE FROM CART] - [FAIL], REASON : User boo not found
14:40:12.601 INFO  com.example.demo.controllers.CartController -- main -- [c.e.demo.controllers.CartController] -- [ADD TO CART] - [SUCCESS], user test add to cart success
14:40:12.603 INFO  com.example.demo.controllers.CartController -- main -- [c.e.demo.controllers.CartController] -- [REMOVE FROM CART] - [SUCCESS], user test add to cart success
14:40:12.615 INFO  com.example.demo.controllers.CartController -- main -- [c.e.demo.controllers.CartController] -- [ADD TO CART] - [SUCCESS], user test add to cart success
[INFO] Tests run: 6, Failures: 0, Errors: 0, Skipped: 0, Time elapsed: 1.086 s - in com.example.demo.controllers.CartControllerTest
[INFO] Running com.example.demo.controllers.ItemControllerTest
[INFO] Tests run: 5, Failures: 0, Errors: 0, Skipped: 0, Time elapsed: 0.002 s - in com.example.demo.controllers.ItemControllerTest
[INFO] Running com.example.demo.controllers.OrderControllerTest
14:40:12.773 ERROR com.example.demo.controllers.OrderController -- main -- [c.e.demo.controllers.CartController] -- [SUBMIT ORDER] - [FAIL], REASON : User someone not found
14:40:12.790 ERROR com.example.demo.controllers.OrderController -- main -- [c.e.demo.controllers.CartController] -- [GET ORDERS FOR USER] - [FAIL], REASON : User someone not found
14:40:12.799 INFO  com.example.demo.controllers.OrderController -- main -- [c.e.demo.controllers.CartController] -- [GET ORDERS FOR USER] - [SUCCESS], user test get order success
14:40:12.817 INFO  com.example.demo.controllers.OrderController -- main -- [c.e.demo.controllers.CartController] -- [SUBMIT ORDER] - [SUCCESS], user test submit order success
[INFO] Tests run: 4, Failures: 0, Errors: 0, Skipped: 0, Time elapsed: 0.109 s - in com.example.demo.controllers.OrderControllerTest
[INFO] Running com.example.demo.controllers.UserControllerTest
14:40:12.899 INFO  com.example.demo.controllers.UserController -- main -- [c.e.demo.controllers.CartController] -- [CREATE USER] - [SUCCESS], with username test
14:40:12.904 ERROR com.example.demo.controllers.UserController -- main -- [c.e.demo.controllers.CartController] -- [CREATE USER] - [FAIL], REASON : Either length is less than 7 or pass and conf pass do not match. Unable to create
14:40:12.914 ERROR com.example.demo.controllers.UserController -- main -- [c.e.demo.controllers.CartController] -- [CREATE USER] - [FAIL], REASON : Either length is less than 7 or pass and conf pass do not match. Unable to create
[INFO] Tests run: 7, Failures: 0, Errors: 0, Skipped: 0, Time elapsed: 0.09 s - in com.example.demo.controllers.UserControllerTest
[INFO] Running com.example.demo.SareetaApplicationTests

  .   ____          _            __ _ _
 /\\ / ___'_ __ _ _(_)_ __  __ _ \ \ \ \
( ( )\___ | '_ | '_| | '_ \/ _` | \ \ \ \
 \\/  ___)| |_)| | | | | || (_| |  ) ) ) )
  '  |____| .__|_| |_|_| |_\__, | / / / /
 =========|_|==============|___/=/_/_/_/
 :: Spring Boot ::        (v2.3.2.RELEASE)

14:40:13.395 INFO  org.springframework.boot.StartupInfoLogger -- main -- [c.e.demo.SareetaApplicationTests] -- Starting SareetaApplicationTests on ip-172-31-25-155.ec2.internal with PID 2402 (started by jenkins in /var/lib/jenkins/workspace/eCommerceApp/starter_code)
14:40:13.399 INFO  org.springframework.boot.SpringApplication -- main -- [c.e.demo.SareetaApplicationTests] -- No active profile set, falling back to default profiles: default
14:40:14.367 INFO  org.springframework.data.repository.config.RepositoryConfigurationDelegate -- main -- [o.s.d.r.c.RepositoryConfigurationDelegate] -- Bootstrapping Spring Data JPA repositories in DEFAULT mode.
14:40:14.485 INFO  org.springframework.data.repository.config.RepositoryConfigurationDelegate -- main -- [o.s.d.r.c.RepositoryConfigurationDelegate] -- Finished Spring Data repository scanning in 103ms. Found 4 JPA repository interfaces.
14:40:16.014 INFO  org.hibernate.jpa.internal.util.LogHelper -- main -- [o.h.jpa.internal.util.LogHelper] -- HHH000204: Processing PersistenceUnitInfo [name: default]
14:40:16.138 INFO  org.hibernate.Version -- main -- [org.hibernate.Version] -- HHH000412: Hibernate ORM core version 5.4.18.Final
14:40:16.216 INFO  org.hibernate.annotations.common.reflection.java.JavaReflectionManager -- main -- [o.h.annotations.common.Version] -- HCANN000001: Hibernate Commons Annotations {5.1.0.Final}
14:40:16.429 INFO  com.zaxxer.hikari.HikariDataSource -- main -- [com.zaxxer.hikari.HikariDataSource] -- HikariPool-1 - Starting...
14:40:16.825 INFO  com.zaxxer.hikari.HikariDataSource -- main -- [com.zaxxer.hikari.HikariDataSource] -- HikariPool-1 - Start completed.
14:40:16.863 INFO  org.hibernate.dialect.Dialect -- main -- [org.hibernate.dialect.Dialect] -- HHH000400: Using dialect: org.hibernate.dialect.H2Dialect
14:40:17.919 INFO  org.hibernate.engine.transaction.jta.platform.internal.JtaPlatformInitiator -- main -- [o.h.e.t.j.p.i.JtaPlatformInitiator] -- HHH000490: Using JtaPlatform implementation: [org.hibernate.engine.transaction.jta.platform.internal.NoJtaPlatform]
14:40:17.930 INFO  org.springframework.orm.jpa.AbstractEntityManagerFactoryBean -- main -- [o.s.o.j.LocalContainerEntityManagerFactoryBean] -- Initialized JPA EntityManagerFactory for persistence unit 'default'
14:40:18.875 WARN  org.springframework.boot.autoconfigure.orm.jpa.JpaBaseConfiguration$JpaWebConfiguration -- main -- [o.s.b.a.o.j.JpaBaseConfiguration$JpaWebConfiguration] -- spring.jpa.open-in-view is enabled by default. Therefore, database queries may be performed during view rendering. Explicitly configure spring.jpa.open-in-view to disable this warning
14:40:20.218 INFO  org.springframework.security.web.DefaultSecurityFilterChain -- main -- [o.s.s.web.DefaultSecurityFilterChain] -- Creating filter chain: any request, [org.springframework.security.web.context.request.async.WebAsyncManagerIntegrationFilter@82382d1, org.springframework.security.web.context.SecurityContextPersistenceFilter@5c2ae7d7, org.springframework.security.web.header.HeaderWriterFilter@68b3de47, org.springframework.web.filter.CorsFilter@6c120b00, org.springframework.security.web.authentication.logout.LogoutFilter@106f2425, com.example.demo.security.JWTAuthenticationFilter@d8a2b1b, com.example.demo.security.JWTAuthenticationVerficationFilter@2709e075, org.springframework.security.web.savedrequest.RequestCacheAwareFilter@5c04ec8, org.springframework.security.web.servletapi.SecurityContextHolderAwareRequestFilter@c19bb2a, org.springframework.security.web.authentication.AnonymousAuthenticationFilter@3328db4f, org.springframework.security.web.session.SessionManagementFilter@7d108063, org.springframework.security.web.access.ExceptionTranslationFilter@382608d0, org.springframework.security.web.access.intercept.FilterSecurityInterceptor@2b569858]
14:40:20.531 INFO  org.springframework.scheduling.concurrent.ExecutorConfigurationSupport -- main -- [o.s.s.c.ThreadPoolTaskExecutor] -- Initializing ExecutorService 'applicationTaskExecutor'
14:40:20.906 INFO  org.springframework.boot.StartupInfoLogger -- main -- [c.e.demo.SareetaApplicationTests] -- Started SareetaApplicationTests in 7.902 seconds (JVM running for 11.832)
[INFO] Tests run: 1, Failures: 0, Errors: 0, Skipped: 0, Time elapsed: 8.021 s - in com.example.demo.SareetaApplicationTests
14:40:20.988 INFO  org.springframework.scheduling.concurrent.ExecutorConfigurationSupport -- SpringContextShutdownHook -- [o.s.s.c.ThreadPoolTaskExecutor] -- Shutting down ExecutorService 'applicationTaskExecutor'
14:40:21.007 INFO  org.springframework.orm.jpa.AbstractEntityManagerFactoryBean -- SpringContextShutdownHook -- [o.s.o.j.LocalContainerEntityManagerFactoryBean] -- Closing JPA EntityManagerFactory for persistence unit 'default'
14:40:21.011 INFO  com.zaxxer.hikari.HikariDataSource -- SpringContextShutdownHook -- [com.zaxxer.hikari.HikariDataSource] -- HikariPool-1 - Shutdown initiated...
14:40:21.015 INFO  com.zaxxer.hikari.HikariDataSource -- SpringContextShutdownHook -- [com.zaxxer.hikari.HikariDataSource] -- HikariPool-1 - Shutdown completed.
[INFO] 
[INFO] Results:
[INFO] 
[INFO] Tests run: 23, Failures: 0, Errors: 0, Skipped: 0
[INFO] 
[INFO] 
[INFO] --- maven-jar-plugin:3.1.1:jar (default-jar) @ auth-course ---
Downloading from central: https://repo.maven.apache.org/maven2/org/apache/maven/maven-archiver/3.3.0/maven-archiver-3.3.0.pom
Progress (1): 2.8/4.4 kBProgress (1): 4.4 kB                        Downloaded from central: https://repo.maven.apache.org/maven2/org/apache/maven/maven-archiver/3.3.0/maven-archiver-3.3.0.pom (4.4 kB at 8.1 kB/s)
Downloading from central: https://repo.maven.apache.org/maven2/org/apache/maven/shared/maven-shared-components/33/maven-shared-components-33.pom
Progress (1): 2.8/5.1 kBProgress (1): 5.1 kB                        Downloaded from central: https://repo.maven.apache.org/maven2/org/apache/maven/shared/maven-shared-components/33/maven-shared-components-33.pom (5.1 kB at 243 kB/s)
Downloading from central: https://repo.maven.apache.org/maven2/org/codehaus/plexus/plexus-archiver/3.6.0/plexus-archiver-3.6.0.pom
Progress (1): 2.8/4.8 kBProgress (1): 4.8 kB                        Downloaded from central: https://repo.maven.apache.org/maven2/org/codehaus/plexus/plexus-archiver/3.6.0/plexus-archiver-3.6.0.pom (4.8 kB at 219 kB/s)
Downloading from central: https://repo.maven.apache.org/maven2/org/codehaus/plexus/plexus/5.0/plexus-5.0.pom
Progress (1): 2.8/21 kBProgress (1): 5.5/21 kBProgress (1): 8.3/21 kBProgress (1): 11/21 kB Progress (1): 14/21 kBProgress (1): 17/21 kBProgress (1): 19/21 kBProgress (1): 21 kB                      Downloaded from central: https://repo.maven.apache.org/maven2/org/codehaus/plexus/plexus/5.0/plexus-5.0.pom (21 kB at 688 kB/s)
Downloading from central: https://repo.maven.apache.org/maven2/org/codehaus/plexus/plexus-io/3.0.1/plexus-io-3.0.1.pom
Progress (1): 2.8/4.5 kBProgress (1): 4.5 kB                        Downloaded from central: https://repo.maven.apache.org/maven2/org/codehaus/plexus/plexus-io/3.0.1/plexus-io-3.0.1.pom (4.5 kB at 303 kB/s)
Downloading from central: https://repo.maven.apache.org/maven2/commons-io/commons-io/2.6/commons-io-2.6.pom
Progress (1): 2.8/14 kBProgress (1): 5.5/14 kBProgress (1): 8.3/14 kBProgress (1): 11/14 kB Progress (1): 14/14 kBProgress (1): 14 kB                      Downloaded from central: https://repo.maven.apache.org/maven2/commons-io/commons-io/2.6/commons-io-2.6.pom (14 kB at 594 kB/s)
Downloading from central: https://repo.maven.apache.org/maven2/org/apache/commons/commons-parent/42/commons-parent-42.pom
Progress (1): 4.1/68 kBProgress (1): 8.2/68 kBProgress (1): 12/68 kB Progress (1): 16/68 kBProgress (1): 20/68 kBProgress (1): 25/68 kBProgress (1): 29/68 kBProgress (1): 33/68 kBProgress (1): 37/68 kBProgress (1): 41/68 kBProgress (1): 45/68 kBProgress (1): 49/68 kBProgress (1): 53/68 kBProgress (1): 57/68 kBProgress (1): 61/68 kBProgress (1): 66/68 kBProgress (1): 68 kB                      Downloaded from central: https://repo.maven.apache.org/maven2/org/apache/commons/commons-parent/42/commons-parent-42.pom (68 kB at 1.9 MB/s)
Downloading from central: https://repo.maven.apache.org/maven2/org/apache/commons/commons-compress/1.16.1/commons-compress-1.16.1.pom
Progress (1): 4.1/16 kBProgress (1): 8.2/16 kBProgress (1): 12/16 kB Progress (1): 16 kB                      Downloaded from central: https://repo.maven.apache.org/maven2/org/apache/commons/commons-compress/1.16.1/commons-compress-1.16.1.pom (16 kB at 782 kB/s)
Downloading from central: https://repo.maven.apache.org/maven2/org/apache/commons/commons-parent/43/commons-parent-43.pom
Progress (1): 4.1/70 kBProgress (1): 8.2/70 kBProgress (1): 12/70 kB Progress (1): 16/70 kBProgress (1): 20/70 kBProgress (1): 25/70 kBProgress (1): 29/70 kBProgress (1): 33/70 kBProgress (1): 37/70 kBProgress (1): 41/70 kBProgress (1): 45/70 kBProgress (1): 49/70 kBProgress (1): 53/70 kBProgress (1): 57/70 kBProgress (1): 61/70 kBProgress (1): 66/70 kBProgress (1): 70/70 kBProgress (1): 70 kB                      Downloaded from central: https://repo.maven.apache.org/maven2/org/apache/commons/commons-parent/43/commons-parent-43.pom (70 kB at 1.9 MB/s)
Downloading from central: https://repo.maven.apache.org/maven2/org/iq80/snappy/snappy/0.4/snappy-0.4.pom
Progress (1): 4.1/15 kBProgress (1): 8.2/15 kBProgress (1): 12/15 kB Progress (1): 15 kB                      Downloaded from central: https://repo.maven.apache.org/maven2/org/iq80/snappy/snappy/0.4/snappy-0.4.pom (15 kB at 909 kB/s)
Downloading from central: https://repo.maven.apache.org/maven2/org/tukaani/xz/1.8/xz-1.8.pom
Progress (1): 1.9 kB                    Downloaded from central: https://repo.maven.apache.org/maven2/org/tukaani/xz/1.8/xz-1.8.pom (1.9 kB at 159 kB/s)
Downloading from central: https://repo.maven.apache.org/maven2/org/codehaus/plexus/plexus-interpolation/1.25/plexus-interpolation-1.25.pom
Progress (1): 2.6 kB                    Downloaded from central: https://repo.maven.apache.org/maven2/org/codehaus/plexus/plexus-interpolation/1.25/plexus-interpolation-1.25.pom (2.6 kB at 204 kB/s)
Downloading from central: https://repo.maven.apache.org/maven2/org/codehaus/plexus/plexus/5.1/plexus-5.1.pom
Progress (1): 4.1/23 kBProgress (1): 8.2/23 kBProgress (1): 12/23 kB Progress (1): 16/23 kBProgress (1): 20/23 kBProgress (1): 23 kB                      Downloaded from central: https://repo.maven.apache.org/maven2/org/codehaus/plexus/plexus/5.1/plexus-5.1.pom (23 kB at 978 kB/s)
Downloading from central: https://repo.maven.apache.org/maven2/org/codehaus/plexus/plexus-archiver/3.7.0/plexus-archiver-3.7.0.pom
Progress (1): 4.1/4.8 kBProgress (1): 4.8 kB                        Downloaded from central: https://repo.maven.apache.org/maven2/org/codehaus/plexus/plexus-archiver/3.7.0/plexus-archiver-3.7.0.pom (4.8 kB at 345 kB/s)
Downloading from central: https://repo.maven.apache.org/maven2/org/codehaus/plexus/plexus-io/3.1.0/plexus-io-3.1.0.pom
Progress (1): 4.1/4.5 kBProgress (1): 4.5 kB                        Downloaded from central: https://repo.maven.apache.org/maven2/org/codehaus/plexus/plexus-io/3.1.0/plexus-io-3.1.0.pom (4.5 kB at 198 kB/s)
Downloading from central: https://repo.maven.apache.org/maven2/org/apache/commons/commons-compress/1.18/commons-compress-1.18.pom
Progress (1): 4.1/18 kBProgress (1): 8.2/18 kBProgress (1): 12/18 kB Progress (1): 16/18 kBProgress (1): 18 kB                      Downloaded from central: https://repo.maven.apache.org/maven2/org/apache/commons/commons-compress/1.18/commons-compress-1.18.pom (18 kB at 1.3 MB/s)
Downloading from central: https://repo.maven.apache.org/maven2/org/apache/commons/commons-parent/47/commons-parent-47.pom
Progress (1): 4.1/78 kBProgress (1): 8.2/78 kBProgress (1): 12/78 kB Progress (1): 16/78 kBProgress (1): 20/78 kBProgress (1): 25/78 kBProgress (1): 29/78 kBProgress (1): 33/78 kBProgress (1): 37/78 kBProgress (1): 41/78 kBProgress (1): 45/78 kBProgress (1): 49/78 kBProgress (1): 53/78 kBProgress (1): 57/78 kBProgress (1): 61/78 kBProgress (1): 66/78 kBProgress (1): 70/78 kBProgress (1): 74/78 kBProgress (1): 78 kB                      Downloaded from central: https://repo.maven.apache.org/maven2/org/apache/commons/commons-parent/47/commons-parent-47.pom (78 kB at 2.3 MB/s)
Downloading from central: https://repo.maven.apache.org/maven2/org/apache/maven/maven-archiver/3.3.0/maven-archiver-3.3.0.jar
Downloading from central: https://repo.maven.apache.org/maven2/org/codehaus/plexus/plexus-archiver/3.7.0/plexus-archiver-3.7.0.jar
Progress (1): 4.1/24 kBProgress (1): 8.2/24 kBProgress (1): 12/24 kB Progress (1): 16/24 kBProgress (1): 20/24 kBProgress (1): 24 kB                      Downloading from central: https://repo.maven.apache.org/maven2/org/codehaus/plexus/plexus-io/3.1.0/plexus-io-3.1.0.jar
Downloading from central: https://repo.maven.apache.org/maven2/org/apache/commons/commons-compress/1.18/commons-compress-1.18.jar
Downloaded from central: https://repo.maven.apache.org/maven2/org/apache/maven/maven-archiver/3.3.0/maven-archiver-3.3.0.jar (24 kB at 723 kB/s)
Downloading from central: https://repo.maven.apache.org/maven2/org/iq80/snappy/snappy/0.4/snappy-0.4.jar
Progress (1): 4.1/58 kB                       Downloading from central: https://repo.maven.apache.org/maven2/org/tukaani/xz/1.8/xz-1.8.jar
Progress (1): 8.2/58 kBProgress (1): 12/58 kB Progress (1): 16/58 kBProgress (1): 20/58 kBProgress (1): 24/58 kBProgress (1): 28/58 kBProgress (1): 32/58 kBProgress (1): 36/58 kBProgress (1): 40/58 kBProgress (1): 45/58 kBProgress (2): 45/58 kB | 2.8/75 kBProgress (3): 45/58 kB | 2.8/75 kB | 2.8/192 kBProgress (3): 45/58 kB | 2.8/75 kB | 5.5/192 kBProgress (3): 45/58 kB | 2.8/75 kB | 8.3/192 kBProgress (3): 45/58 kB | 2.8/75 kB | 11/192 kB Progress (3): 45/58 kB | 5.5/75 kB | 11/192 kBProgress (3): 45/58 kB | 8.3/75 kB | 11/192 kBProgress (3): 45/58 kB | 11/75 kB | 11/192 kB Progress (3): 45/58 kB | 14/75 kB | 11/192 kBProgress (3): 45/58 kB | 16/75 kB | 11/192 kBProgress (3): 45/58 kB | 19/75 kB | 11/192 kBProgress (3): 49/58 kB | 19/75 kB | 11/192 kBProgress (3): 53/58 kB | 19/75 kB | 11/192 kBProgress (3): 57/58 kB | 19/75 kB | 11/192 kBProgress (3): 58 kB | 19/75 kB | 11/192 kB   Progress (4): 58 kB | 19/75 kB | 11/192 kB | 2.8/592 kBProgress (4): 58 kB | 19/75 kB | 11/192 kB | 5.5/592 kBProgress (4): 58 kB | 19/75 kB | 11/192 kB | 8.3/592 kBProgress (4): 58 kB | 19/75 kB | 11/192 kB | 11/592 kB Progress (5): 58 kB | 19/75 kB | 11/192 kB | 11/592 kB | 4.1/109 kBProgress (5): 58 kB | 19/75 kB | 11/192 kB | 11/592 kB | 8.2/109 kBProgress (5): 58 kB | 19/75 kB | 11/192 kB | 11/592 kB | 12/109 kB Progress (5): 58 kB | 19/75 kB | 11/192 kB | 11/592 kB | 16/109 kBProgress (5): 58 kB | 19/75 kB | 11/192 kB | 11/592 kB | 20/109 kBProgress (5): 58 kB | 19/75 kB | 11/192 kB | 11/592 kB | 25/109 kBProgress (5): 58 kB | 19/75 kB | 11/192 kB | 11/592 kB | 29/109 kBProgress (5): 58 kB | 19/75 kB | 11/192 kB | 11/592 kB | 33/109 kBProgress (5): 58 kB | 19/75 kB | 11/192 kB | 11/592 kB | 37/109 kB                                                                  Downloaded from central: https://repo.maven.apache.org/maven2/org/iq80/snappy/snappy/0.4/snappy-0.4.jar (58 kB at 852 kB/s)
Progress (4): 22/75 kB | 11/192 kB | 11/592 kB | 37/109 kBProgress (4): 25/75 kB | 11/192 kB | 11/592 kB | 37/109 kBProgress (4): 27/75 kB | 11/192 kB | 11/592 kB | 37/109 kBProgress (4): 30/75 kB | 11/192 kB | 11/592 kB | 37/109 kBProgress (4): 33/75 kB | 11/192 kB | 11/592 kB | 37/109 kBProgress (4): 36/75 kB | 11/192 kB | 11/592 kB | 37/109 kBProgress (4): 38/75 kB | 11/192 kB | 11/592 kB | 37/109 kBProgress (4): 41/75 kB | 11/192 kB | 11/592 kB | 37/109 kBProgress (4): 44/75 kB | 11/192 kB | 11/592 kB | 37/109 kBProgress (4): 47/75 kB | 11/192 kB | 11/592 kB | 37/109 kBProgress (4): 49/75 kB | 11/192 kB | 11/592 kB | 37/109 kBProgress (4): 52/75 kB | 11/192 kB | 11/592 kB | 37/109 kBProgress (4): 55/75 kB | 11/192 kB | 11/592 kB | 37/109 kBProgress (4): 58/75 kB | 11/192 kB | 11/592 kB | 37/109 kBProgress (4): 58/75 kB | 14/192 kB | 11/592 kB | 37/109 kBProgress (4): 58/75 kB | 16/192 kB | 11/592 kB | 37/109 kBProgress (4): 58/75 kB | 19/192 kB | 11/592 kB | 37/109 kBProgress (4): 58/75 kB | 22/192 kB | 11/592 kB | 37/109 kBProgress (4): 58/75 kB | 25/192 kB | 11/592 kB | 37/109 kBProgress (4): 58/75 kB | 27/192 kB | 11/592 kB | 37/109 kBProgress (4): 58/75 kB | 30/192 kB | 11/592 kB | 37/109 kBProgress (4): 58/75 kB | 33/192 kB | 11/592 kB | 37/109 kBProgress (4): 58/75 kB | 36/192 kB | 11/592 kB | 37/109 kBProgress (4): 58/75 kB | 38/192 kB | 11/592 kB | 37/109 kBProgress (4): 58/75 kB | 41/192 kB | 11/592 kB | 37/109 kBProgress (4): 58/75 kB | 44/192 kB | 11/592 kB | 37/109 kBProgress (4): 58/75 kB | 47/192 kB | 11/592 kB | 37/109 kBProgress (4): 58/75 kB | 49/192 kB | 11/592 kB | 37/109 kBProgress (4): 58/75 kB | 52/192 kB | 11/592 kB | 37/109 kBProgress (4): 58/75 kB | 52/192 kB | 14/592 kB | 37/109 kBProgress (4): 58/75 kB | 52/192 kB | 17/592 kB | 37/109 kBProgress (4): 58/75 kB | 52/192 kB | 19/592 kB | 37/109 kBProgress (4): 58/75 kB | 52/192 kB | 22/592 kB | 37/109 kBProgress (4): 58/75 kB | 52/192 kB | 25/592 kB | 37/109 kBProgress (4): 58/75 kB | 52/192 kB | 28/592 kB | 37/109 kBProgress (4): 58/75 kB | 52/192 kB | 30/592 kB | 37/109 kBProgress (4): 58/75 kB | 52/192 kB | 33/592 kB | 37/109 kBProgress (4): 58/75 kB | 52/192 kB | 36/592 kB | 37/109 kBProgress (4): 58/75 kB | 52/192 kB | 39/592 kB | 37/109 kBProgress (4): 58/75 kB | 52/192 kB | 41/592 kB | 37/109 kBProgress (4): 58/75 kB | 52/192 kB | 44/592 kB | 37/109 kBProgress (4): 58/75 kB | 52/192 kB | 47/592 kB | 37/109 kBProgress (4): 58/75 kB | 52/192 kB | 50/592 kB | 37/109 kBProgress (4): 60/75 kB | 52/192 kB | 50/592 kB | 37/109 kBProgress (4): 60/75 kB | 52/192 kB | 50/592 kB | 41/109 kBProgress (4): 60/75 kB | 52/192 kB | 50/592 kB | 45/109 kBProgress (4): 60/75 kB | 52/192 kB | 50/592 kB | 49/109 kBProgress (4): 60/75 kB | 52/192 kB | 50/592 kB | 53/109 kBProgress (4): 60/75 kB | 52/192 kB | 50/592 kB | 57/109 kBProgress (4): 60/75 kB | 52/192 kB | 50/592 kB | 61/109 kBProgress (4): 60/75 kB | 52/192 kB | 50/592 kB | 66/109 kBProgress (4): 60/75 kB | 52/192 kB | 50/592 kB | 70/109 kBProgress (4): 60/75 kB | 52/192 kB | 50/592 kB | 74/109 kBProgress (4): 60/75 kB | 52/192 kB | 50/592 kB | 78/109 kBProgress (4): 60/75 kB | 52/192 kB | 50/592 kB | 82/109 kBProgress (4): 63/75 kB | 52/192 kB | 50/592 kB | 82/109 kBProgress (4): 67/75 kB | 52/192 kB | 50/592 kB | 82/109 kBProgress (4): 71/75 kB | 52/192 kB | 50/592 kB | 82/109 kBProgress (4): 75 kB | 52/192 kB | 50/592 kB | 82/109 kB   Progress (4): 75 kB | 55/192 kB | 50/592 kB | 82/109 kBProgress (4): 75 kB | 58/192 kB | 50/592 kB | 82/109 kBProgress (4): 75 kB | 61/192 kB | 50/592 kB | 82/109 kBProgress (4): 75 kB | 63/192 kB | 50/592 kB | 82/109 kBProgress (4): 75 kB | 67/192 kB | 50/592 kB | 82/109 kBProgress (4): 75 kB | 71/192 kB | 50/592 kB | 82/109 kBProgress (4): 75 kB | 76/192 kB | 50/592 kB | 82/109 kBProgress (4): 75 kB | 80/192 kB | 50/592 kB | 82/109 kBProgress (4): 75 kB | 80/192 kB | 52/592 kB | 82/109 kBProgress (4): 75 kB | 80/192 kB | 55/592 kB | 82/109 kBProgress (4): 75 kB | 80/192 kB | 58/592 kB | 82/109 kBProgress (4): 75 kB | 80/192 kB | 61/592 kB | 82/109 kBProgress (4): 75 kB | 80/192 kB | 65/592 kB | 82/109 kBProgress (4): 75 kB | 80/192 kB | 69/592 kB | 82/109 kBProgress (4): 75 kB | 80/192 kB | 73/592 kB | 82/109 kBProgress (4): 75 kB | 80/192 kB | 77/592 kB | 82/109 kB                                                       Downloaded from central: https://repo.maven.apache.org/maven2/org/codehaus/plexus/plexus-io/3.1.0/plexus-io-3.1.0.jar (75 kB at 608 kB/s)
Progress (3): 80/192 kB | 77/592 kB | 86/109 kBProgress (3): 80/192 kB | 77/592 kB | 90/109 kBProgress (3): 80/192 kB | 77/592 kB | 94/109 kBProgress (3): 80/192 kB | 77/592 kB | 98/109 kBProgress (3): 80/192 kB | 77/592 kB | 102/109 kBProgress (3): 80/192 kB | 77/592 kB | 106/109 kBProgress (3): 80/192 kB | 77/592 kB | 109 kB    Progress (3): 84/192 kB | 77/592 kB | 109 kBProgress (3): 88/192 kB | 77/592 kB | 109 kBProgress (3): 92/192 kB | 77/592 kB | 109 kBProgress (3): 96/192 kB | 77/592 kB | 109 kBProgress (3): 100/192 kB | 77/592 kB | 109 kBProgress (3): 104/192 kB | 77/592 kB | 109 kBProgress (3): 108/192 kB | 77/592 kB | 109 kBProgress (3): 112/192 kB | 77/592 kB | 109 kB                                             Downloaded from central: https://repo.maven.apache.org/maven2/org/tukaani/xz/1.8/xz-1.8.jar (109 kB at 1.0 MB/s)
Progress (2): 112/192 kB | 81/592 kBProgress (2): 112/192 kB | 85/592 kBProgress (2): 112/192 kB | 89/592 kBProgress (2): 112/192 kB | 93/592 kBProgress (2): 117/192 kB | 93/592 kBProgress (2): 121/192 kB | 93/592 kBProgress (2): 125/192 kB | 93/592 kBProgress (2): 129/192 kB | 93/592 kBProgress (2): 133/192 kB | 93/592 kBProgress (2): 137/192 kB | 93/592 kBProgress (2): 141/192 kB | 93/592 kBProgress (2): 145/192 kB | 93/592 kBProgress (2): 145/192 kB | 98/592 kBProgress (2): 145/192 kB | 102/592 kBProgress (2): 145/192 kB | 106/592 kBProgress (2): 145/192 kB | 110/592 kBProgress (2): 145/192 kB | 114/592 kBProgress (2): 145/192 kB | 118/592 kBProgress (2): 145/192 kB | 122/592 kBProgress (2): 145/192 kB | 126/592 kBProgress (2): 145/192 kB | 130/592 kBProgress (2): 145/192 kB | 134/592 kBProgress (2): 145/192 kB | 138/592 kBProgress (2): 145/192 kB | 143/592 kBProgress (2): 145/192 kB | 147/592 kBProgress (2): 149/192 kB | 147/592 kBProgress (2): 153/192 kB | 147/592 kBProgress (2): 157/192 kB | 147/592 kBProgress (2): 162/192 kB | 147/592 kBProgress (2): 166/192 kB | 147/592 kBProgress (2): 170/192 kB | 147/592 kBProgress (2): 174/192 kB | 147/592 kBProgress (2): 178/192 kB | 147/592 kBProgress (2): 182/192 kB | 147/592 kBProgress (2): 186/192 kB | 147/592 kBProgress (2): 190/192 kB | 147/592 kBProgress (2): 192 kB | 147/592 kB    Progress (2): 192 kB | 151/592 kBProgress (2): 192 kB | 155/592 kBProgress (2): 192 kB | 159/592 kBProgress (2): 192 kB | 163/592 kBProgress (2): 192 kB | 167/592 kBProgress (2): 192 kB | 171/592 kBProgress (2): 192 kB | 175/592 kBProgress (2): 192 kB | 179/592 kBProgress (2): 192 kB | 184/592 kBProgress (2): 192 kB | 188/592 kBProgress (2): 192 kB | 192/592 kBProgress (2): 192 kB | 196/592 kB                                 Downloaded from central: https://repo.maven.apache.org/maven2/org/codehaus/plexus/plexus-archiver/3.7.0/plexus-archiver-3.7.0.jar (192 kB at 1.2 MB/s)
Progress (1): 200/592 kBProgress (1): 204/592 kBProgress (1): 208/592 kBProgress (1): 212/592 kBProgress (1): 216/592 kBProgress (1): 220/592 kBProgress (1): 225/592 kBProgress (1): 229/592 kBProgress (1): 233/592 kBProgress (1): 237/592 kBProgress (1): 241/592 kBProgress (1): 245/592 kBProgress (1): 249/592 kBProgress (1): 253/592 kBProgress (1): 257/592 kBProgress (1): 261/592 kBProgress (1): 265/592 kBProgress (1): 270/592 kBProgress (1): 274/592 kBProgress (1): 278/592 kBProgress (1): 282/592 kBProgress (1): 286/592 kBProgress (1): 290/592 kBProgress (1): 294/592 kBProgress (1): 298/592 kBProgress (1): 302/592 kBProgress (1): 306/592 kBProgress (1): 311/592 kBProgress (1): 315/592 kBProgress (1): 319/592 kBProgress (1): 323/592 kBProgress (1): 327/592 kBProgress (1): 331/592 kBProgress (1): 335/592 kBProgress (1): 339/592 kBProgress (1): 343/592 kBProgress (1): 347/592 kBProgress (1): 351/592 kBProgress (1): 356/592 kBProgress (1): 360/592 kBProgress (1): 364/592 kBProgress (1): 368/592 kBProgress (1): 372/592 kBProgress (1): 376/592 kBProgress (1): 380/592 kBProgress (1): 384/592 kBProgress (1): 388/592 kBProgress (1): 392/592 kBProgress (1): 397/592 kBProgress (1): 401/592 kBProgress (1): 405/592 kBProgress (1): 409/592 kBProgress (1): 413/592 kBProgress (1): 417/592 kBProgress (1): 421/592 kBProgress (1): 425/592 kBProgress (1): 429/592 kBProgress (1): 433/592 kBProgress (1): 438/592 kBProgress (1): 442/592 kBProgress (1): 446/592 kBProgress (1): 450/592 kBProgress (1): 454/592 kBProgress (1): 458/592 kBProgress (1): 462/592 kBProgress (1): 466/592 kBProgress (1): 470/592 kBProgress (1): 474/592 kBProgress (1): 478/592 kBProgress (1): 483/592 kBProgress (1): 487/592 kBProgress (1): 491/592 kBProgress (1): 495/592 kBProgress (1): 499/592 kBProgress (1): 503/592 kBProgress (1): 507/592 kBProgress (1): 511/592 kBProgress (1): 515/592 kBProgress (1): 519/592 kBProgress (1): 524/592 kBProgress (1): 528/592 kBProgress (1): 532/592 kBProgress (1): 536/592 kBProgress (1): 540/592 kBProgress (1): 544/592 kBProgress (1): 548/592 kBProgress (1): 552/592 kBProgress (1): 556/592 kBProgress (1): 560/592 kBProgress (1): 564/592 kBProgress (1): 569/592 kBProgress (1): 573/592 kBProgress (1): 577/592 kBProgress (1): 581/592 kBProgress (1): 585/592 kBProgress (1): 589/592 kBProgress (1): 592 kB                        Downloaded from central: https://repo.maven.apache.org/maven2/org/apache/commons/commons-compress/1.18/commons-compress-1.18.jar (592 kB at 2.9 MB/s)
[INFO] Building jar: /var/lib/jenkins/workspace/eCommerceApp/starter_code/target/auth-course-0.0.1-SNAPSHOT.jar
[INFO] 
[INFO] --- spring-boot-maven-plugin:2.3.2.RELEASE:repackage (repackage) @ auth-course ---
Downloading from central: https://repo.maven.apache.org/maven2/org/springframework/boot/spring-boot-buildpack-platform/2.3.2.RELEASE/spring-boot-buildpack-platform-2.3.2.RELEASE.pom
Progress (1): 3.1 kB                    Downloaded from central: https://repo.maven.apache.org/maven2/org/springframework/boot/spring-boot-buildpack-platform/2.3.2.RELEASE/spring-boot-buildpack-platform-2.3.2.RELEASE.pom (3.1 kB at 162 kB/s)
Downloading from central: https://repo.maven.apache.org/maven2/net/java/dev/jna/jna-platform/5.5.0/jna-platform-5.5.0.pom
Progress (1): 1.8 kB                    Downloaded from central: https://repo.maven.apache.org/maven2/net/java/dev/jna/jna-platform/5.5.0/jna-platform-5.5.0.pom (1.8 kB at 164 kB/s)
Downloading from central: https://repo.maven.apache.org/maven2/net/java/dev/jna/jna/5.5.0/jna-5.5.0.pom
Progress (1): 1.6 kB                    Downloaded from central: https://repo.maven.apache.org/maven2/net/java/dev/jna/jna/5.5.0/jna-5.5.0.pom (1.6 kB at 263 kB/s)
Downloading from central: https://repo.maven.apache.org/maven2/org/apache/commons/commons-compress/1.19/commons-compress-1.19.pom
Progress (1): 4.1/18 kBProgress (1): 8.2/18 kBProgress (1): 12/18 kB Progress (1): 16/18 kBProgress (1): 18 kB                      Downloaded from central: https://repo.maven.apache.org/maven2/org/apache/commons/commons-compress/1.19/commons-compress-1.19.pom (18 kB at 1.8 MB/s)
Downloading from central: https://repo.maven.apache.org/maven2/org/apache/commons/commons-parent/48/commons-parent-48.pom
Progress (1): 4.1/72 kBProgress (1): 8.2/72 kBProgress (1): 12/72 kB Progress (1): 16/72 kBProgress (1): 20/72 kBProgress (1): 25/72 kBProgress (1): 29/72 kBProgress (1): 33/72 kBProgress (1): 37/72 kBProgress (1): 41/72 kBProgress (1): 45/72 kBProgress (1): 49/72 kBProgress (1): 53/72 kBProgress (1): 57/72 kBProgress (1): 61/72 kBProgress (1): 66/72 kBProgress (1): 70/72 kBProgress (1): 72 kB                      Downloaded from central: https://repo.maven.apache.org/maven2/org/apache/commons/commons-parent/48/commons-parent-48.pom (72 kB at 4.0 MB/s)
Downloading from central: https://repo.maven.apache.org/maven2/org/apache/httpcomponents/httpclient/4.5.12/httpclient-4.5.12.pom
Progress (1): 4.1/6.6 kBProgress (1): 6.6 kB                        Downloaded from central: https://repo.maven.apache.org/maven2/org/apache/httpcomponents/httpclient/4.5.12/httpclient-4.5.12.pom (6.6 kB at 441 kB/s)
Downloading from central: https://repo.maven.apache.org/maven2/org/apache/httpcomponents/httpcomponents-client/4.5.12/httpcomponents-client-4.5.12.pom
Progress (1): 4.1/16 kBProgress (1): 8.2/16 kBProgress (1): 12/16 kB Progress (1): 16 kB                      Downloaded from central: https://repo.maven.apache.org/maven2/org/apache/httpcomponents/httpcomponents-client/4.5.12/httpcomponents-client-4.5.12.pom (16 kB at 1.3 MB/s)
Downloading from central: https://repo.maven.apache.org/maven2/org/apache/httpcomponents/httpcomponents-parent/11/httpcomponents-parent-11.pom
Progress (1): 4.1/35 kBProgress (1): 8.2/35 kBProgress (1): 12/35 kB Progress (1): 16/35 kBProgress (1): 20/35 kBProgress (1): 25/35 kBProgress (1): 29/35 kBProgress (1): 33/35 kBProgress (1): 35 kB                      Downloaded from central: https://repo.maven.apache.org/maven2/org/apache/httpcomponents/httpcomponents-parent/11/httpcomponents-parent-11.pom (35 kB at 3.9 MB/s)
Downloading from central: https://repo.maven.apache.org/maven2/org/apache/httpcomponents/httpcore/4.4.13/httpcore-4.4.13.pom
Progress (1): 4.1/5.0 kBProgress (1): 5.0 kB                        Downloaded from central: https://repo.maven.apache.org/maven2/org/apache/httpcomponents/httpcore/4.4.13/httpcore-4.4.13.pom (5.0 kB at 497 kB/s)
Downloading from central: https://repo.maven.apache.org/maven2/org/apache/httpcomponents/httpcomponents-core/4.4.13/httpcomponents-core-4.4.13.pom
Progress (1): 4.1/13 kBProgress (1): 8.2/13 kBProgress (1): 12/13 kB Progress (1): 13 kB                      Downloaded from central: https://repo.maven.apache.org/maven2/org/apache/httpcomponents/httpcomponents-core/4.4.13/httpcomponents-core-4.4.13.pom (13 kB at 1.5 MB/s)
Downloading from central: https://repo.maven.apache.org/maven2/commons-logging/commons-logging/1.2/commons-logging-1.2.pom
Progress (1): 4.1/19 kBProgress (1): 8.2/19 kBProgress (1): 12/19 kB Progress (1): 16/19 kBProgress (1): 19 kB                      Downloaded from central: https://repo.maven.apache.org/maven2/commons-logging/commons-logging/1.2/commons-logging-1.2.pom (19 kB at 1.5 MB/s)
Downloading from central: https://repo.maven.apache.org/maven2/org/apache/commons/commons-parent/34/commons-parent-34.pom
Progress (1): 4.1/56 kBProgress (1): 8.2/56 kBProgress (1): 12/56 kB Progress (1): 16/56 kBProgress (1): 20/56 kBProgress (1): 25/56 kBProgress (1): 29/56 kBProgress (1): 33/56 kBProgress (1): 37/56 kBProgress (1): 41/56 kBProgress (1): 45/56 kBProgress (1): 49/56 kBProgress (1): 53/56 kBProgress (1): 56 kB                      Downloaded from central: https://repo.maven.apache.org/maven2/org/apache/commons/commons-parent/34/commons-parent-34.pom (56 kB at 2.9 MB/s)
Downloading from central: https://repo.maven.apache.org/maven2/commons-codec/commons-codec/1.11/commons-codec-1.11.pom
Progress (1): 4.1/14 kBProgress (1): 8.2/14 kBProgress (1): 12/14 kB Progress (1): 14 kB                      Downloaded from central: https://repo.maven.apache.org/maven2/commons-codec/commons-codec/1.11/commons-codec-1.11.pom (14 kB at 1.6 MB/s)
Downloading from central: https://repo.maven.apache.org/maven2/org/springframework/boot/spring-boot-loader-tools/2.3.2.RELEASE/spring-boot-loader-tools-2.3.2.RELEASE.pom
Progress (1): 2.3 kB                    Downloaded from central: https://repo.maven.apache.org/maven2/org/springframework/boot/spring-boot-loader-tools/2.3.2.RELEASE/spring-boot-loader-tools-2.3.2.RELEASE.pom (2.3 kB at 253 kB/s)
Downloading from central: https://repo.maven.apache.org/maven2/org/apache/maven/shared/maven-common-artifact-filters/3.1.0/maven-common-artifact-filters-3.1.0.pom
Progress (1): 4.1/5.3 kBProgress (1): 5.3 kB                        Downloaded from central: https://repo.maven.apache.org/maven2/org/apache/maven/shared/maven-common-artifact-filters/3.1.0/maven-common-artifact-filters-3.1.0.pom (5.3 kB at 881 kB/s)
Downloading from central: https://repo.maven.apache.org/maven2/org/codehaus/plexus/plexus-component-annotations/1.5.5/plexus-component-annotations-1.5.5.pom
Progress (1): 815 B                   Downloaded from central: https://repo.maven.apache.org/maven2/org/codehaus/plexus/plexus-component-annotations/1.5.5/plexus-component-annotations-1.5.5.pom (815 B at 51 kB/s)
Downloading from central: https://repo.maven.apache.org/maven2/org/codehaus/plexus/plexus-containers/1.5.5/plexus-containers-1.5.5.pom
Progress (1): 4.1/4.2 kBProgress (1): 4.2 kB                        Downloaded from central: https://repo.maven.apache.org/maven2/org/codehaus/plexus/plexus-containers/1.5.5/plexus-containers-1.5.5.pom (4.2 kB at 707 kB/s)
Downloading from central: https://repo.maven.apache.org/maven2/org/codehaus/plexus/plexus-component-annotations/1.5.4/plexus-component-annotations-1.5.4.pom
Progress (1): 815 B                   Downloaded from central: https://repo.maven.apache.org/maven2/org/codehaus/plexus/plexus-component-annotations/1.5.4/plexus-component-annotations-1.5.4.pom (815 B at 43 kB/s)
Downloading from central: https://repo.maven.apache.org/maven2/org/codehaus/plexus/plexus-containers/1.5.4/plexus-containers-1.5.4.pom
Progress (1): 4.1/4.2 kBProgress (1): 4.2 kB                        Downloaded from central: https://repo.maven.apache.org/maven2/org/codehaus/plexus/plexus-containers/1.5.4/plexus-containers-1.5.4.pom (4.2 kB at 606 kB/s)
Downloading from central: https://repo.maven.apache.org/maven2/org/codehaus/plexus/plexus/2.0.5/plexus-2.0.5.pom
Progress (1): 4.1/17 kBProgress (1): 8.2/17 kBProgress (1): 12/17 kB Progress (1): 16/17 kBProgress (1): 17 kB                      Downloaded from central: https://repo.maven.apache.org/maven2/org/codehaus/plexus/plexus/2.0.5/plexus-2.0.5.pom (17 kB at 1.3 MB/s)
Downloading from central: https://repo.maven.apache.org/maven2/org/apache/maven/shared/maven-shared-utils/3.1.0/maven-shared-utils-3.1.0.pom
Progress (1): 4.1/5.0 kBProgress (1): 5.0 kB                        Downloaded from central: https://repo.maven.apache.org/maven2/org/apache/maven/shared/maven-shared-utils/3.1.0/maven-shared-utils-3.1.0.pom (5.0 kB at 383 kB/s)
Downloading from central: https://repo.maven.apache.org/maven2/org/apache/maven/maven-plugin-api/3.6.3/maven-plugin-api-3.6.3.pom
Progress (1): 3.0 kB                    Downloaded from central: https://repo.maven.apache.org/maven2/org/apache/maven/maven-plugin-api/3.6.3/maven-plugin-api-3.6.3.pom (3.0 kB at 234 kB/s)
Downloading from central: https://repo.maven.apache.org/maven2/org/apache/maven/maven/3.6.3/maven-3.6.3.pom
Progress (1): 4.1/26 kBProgress (1): 8.2/26 kBProgress (1): 12/26 kB Progress (1): 16/26 kBProgress (1): 20/26 kBProgress (1): 25/26 kBProgress (1): 26 kB                      Downloaded from central: https://repo.maven.apache.org/maven2/org/apache/maven/maven/3.6.3/maven-3.6.3.pom (26 kB at 4.4 MB/s)
Downloading from central: https://repo.maven.apache.org/maven2/org/apache/maven/maven-model/3.6.3/maven-model-3.6.3.pom
Progress (1): 4.1 kB                    Downloaded from central: https://repo.maven.apache.org/maven2/org/apache/maven/maven-model/3.6.3/maven-model-3.6.3.pom (4.1 kB at 454 kB/s)
Downloading from central: https://repo.maven.apache.org/maven2/org/codehaus/plexus/plexus-utils/3.2.1/plexus-utils-3.2.1.pom
Progress (1): 4.1/5.3 kBProgress (1): 5.3 kB                        Downloaded from central: https://repo.maven.apache.org/maven2/org/codehaus/plexus/plexus-utils/3.2.1/plexus-utils-3.2.1.pom (5.3 kB at 486 kB/s)
Downloading from central: https://repo.maven.apache.org/maven2/org/apache/maven/maven-artifact/3.6.3/maven-artifact-3.6.3.pom
Progress (1): 2.4 kB                    Downloaded from central: https://repo.maven.apache.org/maven2/org/apache/maven/maven-artifact/3.6.3/maven-artifact-3.6.3.pom (2.4 kB at 299 kB/s)
Downloading from central: https://repo.maven.apache.org/maven2/org/apache/commons/commons-lang3/3.8.1/commons-lang3-3.8.1.pom
Progress (1): 4.1/28 kBProgress (1): 8.2/28 kBProgress (1): 12/28 kB Progress (1): 16/28 kBProgress (1): 20/28 kBProgress (1): 25/28 kBProgress (1): 28 kB                      Downloaded from central: https://repo.maven.apache.org/maven2/org/apache/commons/commons-lang3/3.8.1/commons-lang3-3.8.1.pom (28 kB at 3.1 MB/s)
Downloading from central: https://repo.maven.apache.org/maven2/org/eclipse/sisu/org.eclipse.sisu.plexus/0.3.4/org.eclipse.sisu.plexus-0.3.4.pom
Progress (1): 4.1/4.2 kBProgress (1): 4.2 kB                        Downloaded from central: https://repo.maven.apache.org/maven2/org/eclipse/sisu/org.eclipse.sisu.plexus/0.3.4/org.eclipse.sisu.plexus-0.3.4.pom (4.2 kB at 463 kB/s)
Downloading from central: https://repo.maven.apache.org/maven2/org/eclipse/sisu/sisu-plexus/0.3.4/sisu-plexus-0.3.4.pom
Progress (1): 4.1/14 kBProgress (1): 8.2/14 kBProgress (1): 12/14 kB Progress (1): 14 kB                      Downloaded from central: https://repo.maven.apache.org/maven2/org/eclipse/sisu/sisu-plexus/0.3.4/sisu-plexus-0.3.4.pom (14 kB at 549 kB/s)
Downloading from central: https://repo.maven.apache.org/maven2/javax/enterprise/cdi-api/1.0/cdi-api-1.0.pom
Progress (1): 1.4 kB                    Downloaded from central: https://repo.maven.apache.org/maven2/javax/enterprise/cdi-api/1.0/cdi-api-1.0.pom (1.4 kB at 159 kB/s)
Downloading from central: https://repo.maven.apache.org/maven2/org/jboss/weld/weld-api-parent/1.0/weld-api-parent-1.0.pom
Progress (1): 2.4 kB                    Downloaded from central: https://repo.maven.apache.org/maven2/org/jboss/weld/weld-api-parent/1.0/weld-api-parent-1.0.pom (2.4 kB at 157 kB/s)
Downloading from central: https://repo.maven.apache.org/maven2/org/jboss/weld/weld-api-bom/1.0/weld-api-bom-1.0.pom
Progress (1): 4.1/7.9 kBProgress (1): 7.9 kB                        Downloaded from central: https://repo.maven.apache.org/maven2/org/jboss/weld/weld-api-bom/1.0/weld-api-bom-1.0.pom (7.9 kB at 1.6 MB/s)
Downloading from central: https://repo.maven.apache.org/maven2/org/jboss/weld/weld-parent/6/weld-parent-6.pom
Progress (1): 4.1/21 kBProgress (1): 8.2/21 kBProgress (1): 12/21 kB Progress (1): 16/21 kBProgress (1): 20/21 kBProgress (1): 21 kB                      Downloaded from central: https://repo.maven.apache.org/maven2/org/jboss/weld/weld-parent/6/weld-parent-6.pom (21 kB at 3.0 MB/s)
Downloading from central: https://repo.maven.apache.org/maven2/javax/annotation/jsr250-api/1.0/jsr250-api-1.0.pom
Progress (1): 1.0 kB                    Downloaded from central: https://repo.maven.apache.org/maven2/javax/annotation/jsr250-api/1.0/jsr250-api-1.0.pom (1.0 kB at 60 kB/s)
Downloading from central: https://repo.maven.apache.org/maven2/javax/inject/javax.inject/1/javax.inject-1.pom
Progress (1): 612 B                   Downloaded from central: https://repo.maven.apache.org/maven2/javax/inject/javax.inject/1/javax.inject-1.pom (612 B at 102 kB/s)
Downloading from central: https://repo.maven.apache.org/maven2/org/eclipse/sisu/org.eclipse.sisu.inject/0.3.4/org.eclipse.sisu.inject-0.3.4.pom
Progress (1): 2.6 kB                    Downloaded from central: https://repo.maven.apache.org/maven2/org/eclipse/sisu/org.eclipse.sisu.inject/0.3.4/org.eclipse.sisu.inject-0.3.4.pom (2.6 kB at 328 kB/s)
Downloading from central: https://repo.maven.apache.org/maven2/org/eclipse/sisu/sisu-inject/0.3.4/sisu-inject-0.3.4.pom
Progress (1): 4.1/14 kBProgress (1): 8.2/14 kBProgress (1): 12/14 kB Progress (1): 14 kB                      Downloaded from central: https://repo.maven.apache.org/maven2/org/eclipse/sisu/sisu-inject/0.3.4/sisu-inject-0.3.4.pom (14 kB at 2.4 MB/s)
Downloading from central: https://repo.maven.apache.org/maven2/org/codehaus/plexus/plexus-classworlds/2.5.2/plexus-classworlds-2.5.2.pom
Progress (1): 4.1/7.3 kBProgress (1): 7.3 kB                        Downloaded from central: https://repo.maven.apache.org/maven2/org/codehaus/plexus/plexus-classworlds/2.5.2/plexus-classworlds-2.5.2.pom (7.3 kB at 1.0 MB/s)
Downloading from central: https://repo.maven.apache.org/maven2/org/codehaus/plexus/plexus-utils/3.0.17/plexus-utils-3.0.17.pom
Progress (1): 3.4 kB                    Downloaded from central: https://repo.maven.apache.org/maven2/org/codehaus/plexus/plexus-utils/3.0.17/plexus-utils-3.0.17.pom (3.4 kB at 424 kB/s)
Downloading from central: https://repo.maven.apache.org/maven2/org/codehaus/plexus/plexus-classworlds/2.6.0/plexus-classworlds-2.6.0.pom
Progress (1): 4.1/7.9 kBProgress (1): 7.9 kB                        Downloaded from central: https://repo.maven.apache.org/maven2/org/codehaus/plexus/plexus-classworlds/2.6.0/plexus-classworlds-2.6.0.pom (7.9 kB at 989 kB/s)
Downloading from central: https://repo.maven.apache.org/maven2/org/springframework/boot/spring-boot-buildpack-platform/2.3.2.RELEASE/spring-boot-buildpack-platform-2.3.2.RELEASE.jar
Downloading from central: https://repo.maven.apache.org/maven2/net/java/dev/jna/jna-platform/5.5.0/jna-platform-5.5.0.jar
Progress (1): 4.1/182 kBProgress (1): 8.2/182 kBProgress (1): 12/182 kB Progress (1): 16/182 kBProgress (1): 20/182 kBProgress (1): 25/182 kBProgress (1): 29/182 kBProgress (1): 33/182 kBProgress (1): 37/182 kBProgress (1): 41/182 kBProgress (1): 45/182 kBProgress (1): 49/182 kBProgress (1): 53/182 kBProgress (1): 57/182 kBProgress (1): 61/182 kBProgress (1): 64/182 kBProgress (1): 68/182 kBProgress (1): 72/182 kBProgress (1): 76/182 kBProgress (1): 80/182 kBProgress (1): 84/182 kBProgress (1): 88/182 kBProgress (1): 92/182 kBProgress (1): 96/182 kBProgress (1): 101/182 kBProgress (1): 105/182 kBProgress (1): 109/182 kBProgress (1): 113/182 kBProgress (1): 117/182 kBProgress (1): 121/182 kBProgress (1): 125/182 kBProgress (1): 129/182 kBProgress (1): 133/182 kBProgress (2): 133/182 kB | 0/2.7 MBProgress (2): 133/182 kB | 0/2.7 MBProgress (2): 133/182 kB | 0/2.7 MBProgress (2): 133/182 kB | 0.1/2.7 MBProgress (2): 133/182 kB | 0.1/2.7 MBProgress (2): 133/182 kB | 0.1/2.7 MBProgress (2): 133/182 kB | 0.1/2.7 MBProgress (2): 133/182 kB | 0.1/2.7 MBProgress (2): 133/182 kB | 0.1/2.7 MB                                     Downloading from central: https://repo.maven.apache.org/maven2/org/apache/commons/commons-compress/1.19/commons-compress-1.19.jar
Downloading from central: https://repo.maven.apache.org/maven2/net/java/dev/jna/jna/5.5.0/jna-5.5.0.jar
Progress (2): 133/182 kB | 0.2/2.7 MBProgress (2): 133/182 kB | 0.2/2.7 MBProgress (2): 133/182 kB | 0.2/2.7 MBProgress (2): 133/182 kB | 0.2/2.7 MBProgress (2): 133/182 kB | 0.2/2.7 MB                                     Downloading from central: https://repo.maven.apache.org/maven2/org/apache/httpcomponents/httpclient/4.5.12/httpclient-4.5.12.jar
Progress (2): 137/182 kB | 0.2/2.7 MBProgress (2): 141/182 kB | 0.2/2.7 MBProgress (2): 146/182 kB | 0.2/2.7 MBProgress (2): 150/182 kB | 0.2/2.7 MBProgress (2): 154/182 kB | 0.2/2.7 MBProgress (2): 158/182 kB | 0.2/2.7 MBProgress (2): 162/182 kB | 0.2/2.7 MBProgress (2): 166/182 kB | 0.2/2.7 MBProgress (2): 170/182 kB | 0.2/2.7 MBProgress (2): 174/182 kB | 0.2/2.7 MBProgress (2): 178/182 kB | 0.2/2.7 MBProgress (2): 182 kB | 0.2/2.7 MB    Progress (3): 182 kB | 0.2/2.7 MB | 0/1.5 MBProgress (3): 182 kB | 0.2/2.7 MB | 0/1.5 MBProgress (3): 182 kB | 0.2/2.7 MB | 0/1.5 MBProgress (3): 182 kB | 0.2/2.7 MB | 0/1.5 MBProgress (3): 182 kB | 0.2/2.7 MB | 0/1.5 MBProgress (3): 182 kB | 0.2/2.7 MB | 0/1.5 MBProgress (4): 182 kB | 0.2/2.7 MB | 0/1.5 MB | 4.1/615 kBProgress (4): 182 kB | 0.2/2.7 MB | 0/1.5 MB | 8.2/615 kBProgress (4): 182 kB | 0.2/2.7 MB | 0/1.5 MB | 12/615 kB Progress (4): 182 kB | 0.2/2.7 MB | 0/1.5 MB | 16/615 kBProgress (4): 182 kB | 0.2/2.7 MB | 0/1.5 MB | 20/615 kBProgress (4): 182 kB | 0.2/2.7 MB | 0/1.5 MB | 25/615 kBProgress (4): 182 kB | 0.2/2.7 MB | 0/1.5 MB | 29/615 kBProgress (4): 182 kB | 0.2/2.7 MB | 0/1.5 MB | 33/615 kBProgress (4): 182 kB | 0.2/2.7 MB | 0/1.5 MB | 37/615 kBProgress (4): 182 kB | 0.2/2.7 MB | 0/1.5 MB | 41/615 kBProgress (4): 182 kB | 0.2/2.7 MB | 0/1.5 MB | 45/615 kBProgress (4): 182 kB | 0.2/2.7 MB | 0/1.5 MB | 49/615 kBProgress (4): 182 kB | 0.2/2.7 MB | 0.1/1.5 MB | 49/615 kBProgress (4): 182 kB | 0.2/2.7 MB | 0.1/1.5 MB | 49/615 kBProgress (4): 182 kB | 0.2/2.7 MB | 0.1/1.5 MB | 49/615 kBProgress (4): 182 kB | 0.2/2.7 MB | 0.1/1.5 MB | 49/615 kBProgress (4): 182 kB | 0.2/2.7 MB | 0.1/1.5 MB | 49/615 kBProgress (4): 182 kB | 0.2/2.7 MB | 0.1/1.5 MB | 49/615 kB                                                          Downloaded from central: https://repo.maven.apache.org/maven2/org/springframework/boot/spring-boot-buildpack-platform/2.3.2.RELEASE/spring-boot-buildpack-platform-2.3.2.RELEASE.jar (182 kB at 3.6 MB/s)
Downloading from central: https://repo.maven.apache.org/maven2/org/apache/httpcomponents/httpcore/4.4.13/httpcore-4.4.13.jar
Progress (3): 0.2/2.7 MB | 0.1/1.5 MB | 49/615 kBProgress (3): 0.2/2.7 MB | 0.1/1.5 MB | 49/615 kBProgress (3): 0.2/2.7 MB | 0.1/1.5 MB | 49/615 kBProgress (3): 0.2/2.7 MB | 0.1/1.5 MB | 49/615 kBProgress (3): 0.2/2.7 MB | 0.1/1.5 MB | 49/615 kBProgress (3): 0.2/2.7 MB | 0.1/1.5 MB | 49/615 kBProgress (3): 0.2/2.7 MB | 0.2/1.5 MB | 49/615 kBProgress (3): 0.2/2.7 MB | 0.2/1.5 MB | 49/615 kBProgress (3): 0.2/2.7 MB | 0.2/1.5 MB | 49/615 kBProgress (3): 0.2/2.7 MB | 0.2/1.5 MB | 49/615 kBProgress (3): 0.3/2.7 MB | 0.2/1.5 MB | 49/615 kBProgress (3): 0.3/2.7 MB | 0.2/1.5 MB | 49/615 kBProgress (3): 0.3/2.7 MB | 0.2/1.5 MB | 49/615 kBProgress (3): 0.3/2.7 MB | 0.2/1.5 MB | 53/615 kBProgress (3): 0.3/2.7 MB | 0.2/1.5 MB | 57/615 kBProgress (3): 0.3/2.7 MB | 0.2/1.5 MB | 61/615 kBProgress (3): 0.3/2.7 MB | 0.2/1.5 MB | 65/615 kBProgress (3): 0.3/2.7 MB | 0.2/1.5 MB | 70/615 kBProgress (3): 0.3/2.7 MB | 0.2/1.5 MB | 74/615 kBProgress (3): 0.3/2.7 MB | 0.2/1.5 MB | 78/615 kBProgress (3): 0.3/2.7 MB | 0.2/1.5 MB | 82/615 kBProgress (3): 0.3/2.7 MB | 0.2/1.5 MB | 86/615 kBProgress (3): 0.3/2.7 MB | 0.2/1.5 MB | 90/615 kBProgress (4): 0.3/2.7 MB | 0.2/1.5 MB | 90/615 kB | 4.1/778 kBProgress (4): 0.3/2.7 MB | 0.2/1.5 MB | 90/615 kB | 8.2/778 kBProgress (4): 0.3/2.7 MB | 0.2/1.5 MB | 90/615 kB | 12/778 kB Progress (4): 0.3/2.7 MB | 0.2/1.5 MB | 90/615 kB | 16/778 kBProgress (4): 0.3/2.7 MB | 0.2/1.5 MB | 90/615 kB | 20/778 kBProgress (4): 0.3/2.7 MB | 0.2/1.5 MB | 90/615 kB | 25/778 kBProgress (4): 0.3/2.7 MB | 0.2/1.5 MB | 90/615 kB | 29/778 kBProgress (4): 0.3/2.7 MB | 0.2/1.5 MB | 90/615 kB | 33/778 kBProgress (4): 0.3/2.7 MB | 0.2/1.5 MB | 90/615 kB | 37/778 kBProgress (4): 0.3/2.7 MB | 0.2/1.5 MB | 90/615 kB | 41/778 kBProgress (4): 0.3/2.7 MB | 0.2/1.5 MB | 90/615 kB | 45/778 kBProgress (4): 0.3/2.7 MB | 0.2/1.5 MB | 90/615 kB | 49/778 kBProgress (4): 0.3/2.7 MB | 0.2/1.5 MB | 90/615 kB | 53/778 kBProgress (4): 0.3/2.7 MB | 0.2/1.5 MB | 90/615 kB | 57/778 kBProgress (4): 0.3/2.7 MB | 0.2/1.5 MB | 90/615 kB | 61/778 kBProgress (4): 0.3/2.7 MB | 0.2/1.5 MB | 90/615 kB | 66/778 kBProgress (5): 0.3/2.7 MB | 0.2/1.5 MB | 90/615 kB | 66/778 kB | 4.1/329 kBProgress (5): 0.3/2.7 MB | 0.2/1.5 MB | 90/615 kB | 66/778 kB | 8.2/329 kBProgress (5): 0.3/2.7 MB | 0.2/1.5 MB | 90/615 kB | 66/778 kB | 12/329 kB Progress (5): 0.3/2.7 MB | 0.2/1.5 MB | 90/615 kB | 66/778 kB | 16/329 kBProgress (5): 0.3/2.7 MB | 0.2/1.5 MB | 90/615 kB | 66/778 kB | 20/329 kBProgress (5): 0.3/2.7 MB | 0.2/1.5 MB | 90/615 kB | 66/778 kB | 25/329 kBProgress (5): 0.3/2.7 MB | 0.2/1.5 MB | 90/615 kB | 66/778 kB | 29/329 kBProgress (5): 0.3/2.7 MB | 0.2/1.5 MB | 90/615 kB | 66/778 kB | 33/329 kBProgress (5): 0.3/2.7 MB | 0.2/1.5 MB | 90/615 kB | 66/778 kB | 37/329 kBProgress (5): 0.3/2.7 MB | 0.2/1.5 MB | 90/615 kB | 66/778 kB | 41/329 kBProgress (5): 0.3/2.7 MB | 0.2/1.5 MB | 90/615 kB | 66/778 kB | 45/329 kBProgress (5): 0.3/2.7 MB | 0.2/1.5 MB | 90/615 kB | 66/778 kB | 49/329 kBProgress (5): 0.3/2.7 MB | 0.2/1.5 MB | 90/615 kB | 66/778 kB | 53/329 kBProgress (5): 0.3/2.7 MB | 0.2/1.5 MB | 90/615 kB | 66/778 kB | 57/329 kBProgress (5): 0.3/2.7 MB | 0.2/1.5 MB | 90/615 kB | 66/778 kB | 61/329 kBProgress (5): 0.3/2.7 MB | 0.2/1.5 MB | 90/615 kB | 66/778 kB | 66/329 kBProgress (5): 0.3/2.7 MB | 0.2/1.5 MB | 94/615 kB | 66/778 kB | 66/329 kBProgress (5): 0.3/2.7 MB | 0.2/1.5 MB | 98/615 kB | 66/778 kB | 66/329 kBProgress (5): 0.3/2.7 MB | 0.2/1.5 MB | 102/615 kB | 66/778 kB | 66/329 kBProgress (5): 0.3/2.7 MB | 0.2/1.5 MB | 106/615 kB | 66/778 kB | 66/329 kBProgress (5): 0.3/2.7 MB | 0.2/1.5 MB | 111/615 kB | 66/778 kB | 66/329 kBProgress (5): 0.3/2.7 MB | 0.2/1.5 MB | 115/615 kB | 66/778 kB | 66/329 kBProgress (5): 0.3/2.7 MB | 0.2/1.5 MB | 119/615 kB | 66/778 kB | 66/329 kBProgress (5): 0.3/2.7 MB | 0.2/1.5 MB | 123/615 kB | 66/778 kB | 66/329 kBProgress (5): 0.3/2.7 MB | 0.2/1.5 MB | 127/615 kB | 66/778 kB | 66/329 kBProgress (5): 0.3/2.7 MB | 0.2/1.5 MB | 131/615 kB | 66/778 kB | 66/329 kBProgress (5): 0.3/2.7 MB | 0.2/1.5 MB | 135/615 kB | 66/778 kB | 66/329 kBProgress (5): 0.3/2.7 MB | 0.2/1.5 MB | 139/615 kB | 66/778 kB | 66/329 kBProgress (5): 0.3/2.7 MB | 0.2/1.5 MB | 143/615 kB | 66/778 kB | 66/329 kBProgress (5): 0.3/2.7 MB | 0.2/1.5 MB | 147/615 kB | 66/778 kB | 66/329 kBProgress (5): 0.3/2.7 MB | 0.2/1.5 MB | 152/615 kB | 66/778 kB | 66/329 kBProgress (5): 0.3/2.7 MB | 0.2/1.5 MB | 152/615 kB | 66/778 kB | 66/329 kBProgress (5): 0.3/2.7 MB | 0.2/1.5 MB | 152/615 kB | 66/778 kB | 66/329 kBProgress (5): 0.3/2.7 MB | 0.2/1.5 MB | 152/615 kB | 66/778 kB | 66/329 kBProgress (5): 0.4/2.7 MB | 0.2/1.5 MB | 152/615 kB | 66/778 kB | 66/329 kBProgress (5): 0.4/2.7 MB | 0.2/1.5 MB | 152/615 kB | 66/778 kB | 66/329 kBProgress (5): 0.4/2.7 MB | 0.2/1.5 MB | 152/615 kB | 66/778 kB | 66/329 kBProgress (5): 0.4/2.7 MB | 0.2/1.5 MB | 152/615 kB | 66/778 kB | 66/329 kBProgress (5): 0.4/2.7 MB | 0.2/1.5 MB | 152/615 kB | 66/778 kB | 66/329 kBProgress (5): 0.4/2.7 MB | 0.2/1.5 MB | 152/615 kB | 66/778 kB | 70/329 kBProgress (5): 0.4/2.7 MB | 0.2/1.5 MB | 152/615 kB | 66/778 kB | 74/329 kBProgress (5): 0.4/2.7 MB | 0.2/1.5 MB | 152/615 kB | 66/778 kB | 78/329 kBProgress (5): 0.4/2.7 MB | 0.2/1.5 MB | 152/615 kB | 70/778 kB | 78/329 kBProgress (5): 0.4/2.7 MB | 0.2/1.5 MB | 152/615 kB | 74/778 kB | 78/329 kBProgress (5): 0.4/2.7 MB | 0.2/1.5 MB | 152/615 kB | 78/778 kB | 78/329 kBProgress (5): 0.4/2.7 MB | 0.2/1.5 MB | 152/615 kB | 82/778 kB | 78/329 kBProgress (5): 0.4/2.7 MB | 0.2/1.5 MB | 152/615 kB | 86/778 kB | 78/329 kBProgress (5): 0.4/2.7 MB | 0.2/1.5 MB | 152/615 kB | 90/778 kB | 78/329 kBProgress (5): 0.4/2.7 MB | 0.2/1.5 MB | 152/615 kB | 94/778 kB | 78/329 kBProgress (5): 0.4/2.7 MB | 0.2/1.5 MB | 152/615 kB | 98/778 kB | 78/329 kBProgress (5): 0.4/2.7 MB | 0.2/1.5 MB | 152/615 kB | 102/778 kB | 78/329 kBProgress (5): 0.4/2.7 MB | 0.2/1.5 MB | 152/615 kB | 106/778 kB | 78/329 kBProgress (5): 0.4/2.7 MB | 0.2/1.5 MB | 152/615 kB | 111/778 kB | 78/329 kBProgress (5): 0.4/2.7 MB | 0.2/1.5 MB | 152/615 kB | 115/778 kB | 78/329 kBProgress (5): 0.4/2.7 MB | 0.2/1.5 MB | 152/615 kB | 119/778 kB | 78/329 kBProgress (5): 0.4/2.7 MB | 0.2/1.5 MB | 152/615 kB | 123/778 kB | 78/329 kBProgress (5): 0.4/2.7 MB | 0.2/1.5 MB | 152/615 kB | 127/778 kB | 78/329 kBProgress (5): 0.4/2.7 MB | 0.2/1.5 MB | 152/615 kB | 131/778 kB | 78/329 kBProgress (5): 0.4/2.7 MB | 0.2/1.5 MB | 152/615 kB | 131/778 kB | 78/329 kBProgress (5): 0.4/2.7 MB | 0.2/1.5 MB | 152/615 kB | 131/778 kB | 78/329 kBProgress (5): 0.4/2.7 MB | 0.2/1.5 MB | 152/615 kB | 131/778 kB | 78/329 kBProgress (5): 0.4/2.7 MB | 0.2/1.5 MB | 152/615 kB | 131/778 kB | 78/329 kBProgress (5): 0.4/2.7 MB | 0.2/1.5 MB | 152/615 kB | 131/778 kB | 78/329 kBProgress (5): 0.4/2.7 MB | 0.2/1.5 MB | 152/615 kB | 131/778 kB | 78/329 kBProgress (5): 0.4/2.7 MB | 0.2/1.5 MB | 152/615 kB | 131/778 kB | 78/329 kBProgress (5): 0.4/2.7 MB | 0.2/1.5 MB | 152/615 kB | 135/778 kB | 78/329 kBProgress (5): 0.4/2.7 MB | 0.2/1.5 MB | 152/615 kB | 139/778 kB | 78/329 kBProgress (5): 0.4/2.7 MB | 0.2/1.5 MB | 152/615 kB | 143/778 kB | 78/329 kBProgress (5): 0.4/2.7 MB | 0.2/1.5 MB | 152/615 kB | 147/778 kB | 78/329 kBProgress (5): 0.4/2.7 MB | 0.2/1.5 MB | 152/615 kB | 152/778 kB | 78/329 kBProgress (5): 0.4/2.7 MB | 0.2/1.5 MB | 156/615 kB | 152/778 kB | 78/329 kBProgress (5): 0.4/2.7 MB | 0.2/1.5 MB | 160/615 kB | 152/778 kB | 78/329 kBProgress (5): 0.4/2.7 MB | 0.2/1.5 MB | 164/615 kB | 152/778 kB | 78/329 kBProgress (5): 0.4/2.7 MB | 0.2/1.5 MB | 168/615 kB | 152/778 kB | 78/329 kBProgress (5): 0.4/2.7 MB | 0.2/1.5 MB | 172/615 kB | 152/778 kB | 78/329 kBProgress (5): 0.4/2.7 MB | 0.2/1.5 MB | 176/615 kB | 152/778 kB | 78/329 kBProgress (5): 0.4/2.7 MB | 0.2/1.5 MB | 180/615 kB | 152/778 kB | 78/329 kBProgress (5): 0.4/2.7 MB | 0.2/1.5 MB | 180/615 kB | 156/778 kB | 78/329 kBProgress (5): 0.4/2.7 MB | 0.2/1.5 MB | 180/615 kB | 160/778 kB | 78/329 kBProgress (5): 0.4/2.7 MB | 0.2/1.5 MB | 180/615 kB | 164/778 kB | 78/329 kBProgress (5): 0.4/2.7 MB | 0.2/1.5 MB | 180/615 kB | 168/778 kB | 78/329 kBProgress (5): 0.4/2.7 MB | 0.2/1.5 MB | 180/615 kB | 172/778 kB | 78/329 kBProgress (5): 0.4/2.7 MB | 0.2/1.5 MB | 180/615 kB | 176/778 kB | 78/329 kBProgress (5): 0.4/2.7 MB | 0.2/1.5 MB | 180/615 kB | 180/778 kB | 78/329 kBProgress (5): 0.4/2.7 MB | 0.2/1.5 MB | 180/615 kB | 184/778 kB | 78/329 kBProgress (5): 0.4/2.7 MB | 0.2/1.5 MB | 180/615 kB | 188/778 kB | 78/329 kBProgress (5): 0.4/2.7 MB | 0.2/1.5 MB | 180/615 kB | 193/778 kB | 78/329 kBProgress (5): 0.4/2.7 MB | 0.2/1.5 MB | 180/615 kB | 197/778 kB | 78/329 kBProgress (5): 0.4/2.7 MB | 0.2/1.5 MB | 180/615 kB | 197/778 kB | 78/329 kBProgress (5): 0.4/2.7 MB | 0.2/1.5 MB | 180/615 kB | 197/778 kB | 82/329 kBProgress (5): 0.4/2.7 MB | 0.2/1.5 MB | 180/615 kB | 197/778 kB | 86/329 kBProgress (5): 0.4/2.7 MB | 0.2/1.5 MB | 180/615 kB | 197/778 kB | 90/329 kBProgress (5): 0.4/2.7 MB | 0.2/1.5 MB | 180/615 kB | 197/778 kB | 94/329 kBProgress (5): 0.4/2.7 MB | 0.2/1.5 MB | 180/615 kB | 197/778 kB | 98/329 kBProgress (5): 0.4/2.7 MB | 0.2/1.5 MB | 180/615 kB | 197/778 kB | 102/329 kBProgress (5): 0.4/2.7 MB | 0.2/1.5 MB | 180/615 kB | 197/778 kB | 106/329 kBProgress (5): 0.4/2.7 MB | 0.2/1.5 MB | 180/615 kB | 197/778 kB | 111/329 kBProgress (5): 0.4/2.7 MB | 0.2/1.5 MB | 180/615 kB | 197/778 kB | 115/329 kBProgress (5): 0.4/2.7 MB | 0.2/1.5 MB | 180/615 kB | 197/778 kB | 119/329 kBProgress (5): 0.4/2.7 MB | 0.2/1.5 MB | 180/615 kB | 197/778 kB | 123/329 kBProgress (5): 0.4/2.7 MB | 0.2/1.5 MB | 180/615 kB | 197/778 kB | 127/329 kBProgress (5): 0.4/2.7 MB | 0.2/1.5 MB | 180/615 kB | 197/778 kB | 131/329 kBProgress (5): 0.4/2.7 MB | 0.2/1.5 MB | 180/615 kB | 197/778 kB | 135/329 kBProgress (5): 0.4/2.7 MB | 0.2/1.5 MB | 180/615 kB | 197/778 kB | 139/329 kBProgress (5): 0.4/2.7 MB | 0.2/1.5 MB | 180/615 kB | 197/778 kB | 143/329 kBProgress (5): 0.4/2.7 MB | 0.2/1.5 MB | 180/615 kB | 197/778 kB | 147/329 kBProgress (5): 0.4/2.7 MB | 0.2/1.5 MB | 180/615 kB | 197/778 kB | 152/329 kBProgress (5): 0.4/2.7 MB | 0.2/1.5 MB | 180/615 kB | 197/778 kB | 156/329 kBProgress (5): 0.4/2.7 MB | 0.2/1.5 MB | 180/615 kB | 197/778 kB | 160/329 kBProgress (5): 0.4/2.7 MB | 0.2/1.5 MB | 180/615 kB | 197/778 kB | 164/329 kBProgress (5): 0.4/2.7 MB | 0.2/1.5 MB | 180/615 kB | 197/778 kB | 168/329 kBProgress (5): 0.4/2.7 MB | 0.2/1.5 MB | 180/615 kB | 197/778 kB | 172/329 kBProgress (5): 0.4/2.7 MB | 0.2/1.5 MB | 180/615 kB | 197/778 kB | 176/329 kBProgress (5): 0.4/2.7 MB | 0.2/1.5 MB | 180/615 kB | 197/778 kB | 180/329 kBProgress (5): 0.4/2.7 MB | 0.2/1.5 MB | 180/615 kB | 197/778 kB | 184/329 kBProgress (5): 0.4/2.7 MB | 0.2/1.5 MB | 180/615 kB | 197/778 kB | 188/329 kBProgress (5): 0.4/2.7 MB | 0.2/1.5 MB | 180/615 kB | 197/778 kB | 193/329 kBProgress (5): 0.4/2.7 MB | 0.2/1.5 MB | 180/615 kB | 197/778 kB | 197/329 kBProgress (5): 0.4/2.7 MB | 0.2/1.5 MB | 180/615 kB | 197/778 kB | 201/329 kBProgress (5): 0.4/2.7 MB | 0.2/1.5 MB | 180/615 kB | 197/778 kB | 205/329 kBProgress (5): 0.4/2.7 MB | 0.2/1.5 MB | 180/615 kB | 197/778 kB | 209/329 kBProgress (5): 0.4/2.7 MB | 0.2/1.5 MB | 180/615 kB | 197/778 kB | 213/329 kBProgress (5): 0.4/2.7 MB | 0.2/1.5 MB | 180/615 kB | 197/778 kB | 217/329 kBProgress (5): 0.4/2.7 MB | 0.2/1.5 MB | 180/615 kB | 197/778 kB | 221/329 kBProgress (5): 0.4/2.7 MB | 0.2/1.5 MB | 180/615 kB | 197/778 kB | 225/329 kBProgress (5): 0.4/2.7 MB | 0.2/1.5 MB | 180/615 kB | 197/778 kB | 229/329 kBProgress (5): 0.4/2.7 MB | 0.2/1.5 MB | 180/615 kB | 197/778 kB | 233/329 kBProgress (5): 0.4/2.7 MB | 0.2/1.5 MB | 180/615 kB | 197/778 kB | 238/329 kBProgress (5): 0.4/2.7 MB | 0.2/1.5 MB | 180/615 kB | 197/778 kB | 242/329 kBProgress (5): 0.4/2.7 MB | 0.2/1.5 MB | 180/615 kB | 197/778 kB | 246/329 kBProgress (5): 0.4/2.7 MB | 0.2/1.5 MB | 180/615 kB | 197/778 kB | 250/329 kBProgress (5): 0.4/2.7 MB | 0.2/1.5 MB | 180/615 kB | 197/778 kB | 254/329 kBProgress (5): 0.4/2.7 MB | 0.2/1.5 MB | 180/615 kB | 197/778 kB | 258/329 kBProgress (5): 0.4/2.7 MB | 0.2/1.5 MB | 180/615 kB | 197/778 kB | 262/329 kBProgress (5): 0.4/2.7 MB | 0.2/1.5 MB | 180/615 kB | 197/778 kB | 266/329 kBProgress (5): 0.4/2.7 MB | 0.2/1.5 MB | 180/615 kB | 197/778 kB | 270/329 kBProgress (5): 0.4/2.7 MB | 0.2/1.5 MB | 180/615 kB | 197/778 kB | 274/329 kBProgress (5): 0.4/2.7 MB | 0.2/1.5 MB | 180/615 kB | 197/778 kB | 279/329 kBProgress (5): 0.4/2.7 MB | 0.2/1.5 MB | 180/615 kB | 197/778 kB | 283/329 kBProgress (5): 0.4/2.7 MB | 0.2/1.5 MB | 180/615 kB | 197/778 kB | 287/329 kBProgress (5): 0.4/2.7 MB | 0.2/1.5 MB | 180/615 kB | 197/778 kB | 291/329 kBProgress (5): 0.4/2.7 MB | 0.2/1.5 MB | 180/615 kB | 197/778 kB | 295/329 kBProgress (5): 0.4/2.7 MB | 0.2/1.5 MB | 180/615 kB | 197/778 kB | 299/329 kBProgress (5): 0.4/2.7 MB | 0.2/1.5 MB | 180/615 kB | 197/778 kB | 303/329 kBProgress (5): 0.4/2.7 MB | 0.2/1.5 MB | 180/615 kB | 197/778 kB | 307/329 kBProgress (5): 0.4/2.7 MB | 0.2/1.5 MB | 180/615 kB | 197/778 kB | 311/329 kBProgress (5): 0.4/2.7 MB | 0.2/1.5 MB | 180/615 kB | 197/778 kB | 315/329 kBProgress (5): 0.4/2.7 MB | 0.2/1.5 MB | 180/615 kB | 197/778 kB | 319/329 kBProgress (5): 0.4/2.7 MB | 0.2/1.5 MB | 180/615 kB | 197/778 kB | 324/329 kBProgress (5): 0.4/2.7 MB | 0.2/1.5 MB | 180/615 kB | 197/778 kB | 328/329 kBProgress (5): 0.4/2.7 MB | 0.2/1.5 MB | 180/615 kB | 197/778 kB | 329 kB    Progress (5): 0.4/2.7 MB | 0.2/1.5 MB | 180/615 kB | 197/778 kB | 329 kBProgress (5): 0.4/2.7 MB | 0.2/1.5 MB | 180/615 kB | 197/778 kB | 329 kBProgress (5): 0.4/2.7 MB | 0.3/1.5 MB | 180/615 kB | 197/778 kB | 329 kBProgress (5): 0.4/2.7 MB | 0.3/1.5 MB | 180/615 kB | 197/778 kB | 329 kBProgress (5): 0.4/2.7 MB | 0.3/1.5 MB | 180/615 kB | 197/778 kB | 329 kBProgress (5): 0.4/2.7 MB | 0.3/1.5 MB | 180/615 kB | 197/778 kB | 329 kBProgress (5): 0.4/2.7 MB | 0.3/1.5 MB | 180/615 kB | 197/778 kB | 329 kBProgress (5): 0.4/2.7 MB | 0.3/1.5 MB | 180/615 kB | 197/778 kB | 329 kBProgress (5): 0.4/2.7 MB | 0.3/1.5 MB | 180/615 kB | 197/778 kB | 329 kBProgress (5): 0.4/2.7 MB | 0.3/1.5 MB | 180/615 kB | 197/778 kB | 329 kBProgress (5): 0.4/2.7 MB | 0.3/1.5 MB | 180/615 kB | 197/778 kB | 329 kBProgress (5): 0.4/2.7 MB | 0.3/1.5 MB | 180/615 kB | 197/778 kB | 329 kBProgress (5): 0.4/2.7 MB | 0.3/1.5 MB | 180/615 kB | 197/778 kB | 329 kBProgress (5): 0.4/2.7 MB | 0.3/1.5 MB | 180/615 kB | 197/778 kB | 329 kBProgress (5): 0.4/2.7 MB | 0.4/1.5 MB | 180/615 kB | 197/778 kB | 329 kBProgress (5): 0.4/2.7 MB | 0.4/1.5 MB | 180/615 kB | 197/778 kB | 329 kBProgress (5): 0.4/2.7 MB | 0.4/1.5 MB | 184/615 kB | 197/778 kB | 329 kBProgress (5): 0.4/2.7 MB | 0.4/1.5 MB | 188/615 kB | 197/778 kB | 329 kBProgress (5): 0.4/2.7 MB | 0.4/1.5 MB | 192/615 kB | 197/778 kB | 329 kBProgress (5): 0.4/2.7 MB | 0.4/1.5 MB | 197/615 kB | 197/778 kB | 329 kBProgress (5): 0.4/2.7 MB | 0.4/1.5 MB | 201/615 kB | 197/778 kB | 329 kBProgress (5): 0.4/2.7 MB | 0.4/1.5 MB | 205/615 kB | 197/778 kB | 329 kBProgress (5): 0.4/2.7 MB | 0.4/1.5 MB | 209/615 kB | 197/778 kB | 329 kBProgress (5): 0.4/2.7 MB | 0.4/1.5 MB | 213/615 kB | 197/778 kB | 329 kBProgress (5): 0.4/2.7 MB | 0.4/1.5 MB | 217/615 kB | 197/778 kB | 329 kBProgress (5): 0.4/2.7 MB | 0.4/1.5 MB | 221/615 kB | 197/778 kB | 329 kBProgress (5): 0.4/2.7 MB | 0.4/1.5 MB | 225/615 kB | 197/778 kB | 329 kBProgress (5): 0.4/2.7 MB | 0.4/1.5 MB | 229/615 kB | 197/778 kB | 329 kBProgress (5): 0.4/2.7 MB | 0.4/1.5 MB | 233/615 kB | 197/778 kB | 329 kBProgress (5): 0.4/2.7 MB | 0.4/1.5 MB | 238/615 kB | 197/778 kB | 329 kBProgress (5): 0.4/2.7 MB | 0.4/1.5 MB | 242/615 kB | 197/778 kB | 329 kBProgress (5): 0.4/2.7 MB | 0.4/1.5 MB | 246/615 kB | 197/778 kB | 329 kBProgress (5): 0.4/2.7 MB | 0.4/1.5 MB | 250/615 kB | 197/778 kB | 329 kBProgress (5): 0.5/2.7 MB | 0.4/1.5 MB | 250/615 kB | 197/778 kB | 329 kBProgress (5): 0.5/2.7 MB | 0.4/1.5 MB | 250/615 kB | 197/778 kB | 329 kBProgress (5): 0.5/2.7 MB | 0.4/1.5 MB | 250/615 kB | 197/778 kB | 329 kBProgress (5): 0.5/2.7 MB | 0.4/1.5 MB | 250/615 kB | 197/778 kB | 329 kBProgress (5): 0.5/2.7 MB | 0.4/1.5 MB | 250/615 kB | 197/778 kB | 329 kBProgress (5): 0.5/2.7 MB | 0.4/1.5 MB | 250/615 kB | 197/778 kB | 329 kBProgress (5): 0.6/2.7 MB | 0.4/1.5 MB | 250/615 kB | 197/778 kB | 329 kBProgress (5): 0.6/2.7 MB | 0.4/1.5 MB | 250/615 kB | 197/778 kB | 329 kBProgress (5): 0.6/2.7 MB | 0.4/1.5 MB | 250/615 kB | 201/778 kB | 329 kBProgress (5): 0.6/2.7 MB | 0.4/1.5 MB | 250/615 kB | 205/778 kB | 329 kBProgress (5): 0.6/2.7 MB | 0.4/1.5 MB | 250/615 kB | 209/778 kB | 329 kBProgress (5): 0.6/2.7 MB | 0.4/1.5 MB | 250/615 kB | 213/778 kB | 329 kBProgress (5): 0.6/2.7 MB | 0.4/1.5 MB | 250/615 kB | 217/778 kB | 329 kBProgress (5): 0.6/2.7 MB | 0.4/1.5 MB | 250/615 kB | 221/778 kB | 329 kBProgress (5): 0.6/2.7 MB | 0.4/1.5 MB | 250/615 kB | 225/778 kB | 329 kBProgress (5): 0.6/2.7 MB | 0.4/1.5 MB | 250/615 kB | 229/778 kB | 329 kBProgress (5): 0.6/2.7 MB | 0.4/1.5 MB | 250/615 kB | 233/778 kB | 329 kBProgress (5): 0.6/2.7 MB | 0.4/1.5 MB | 250/615 kB | 238/778 kB | 329 kBProgress (5): 0.6/2.7 MB | 0.4/1.5 MB | 250/615 kB | 242/778 kB | 329 kBProgress (5): 0.6/2.7 MB | 0.4/1.5 MB | 250/615 kB | 246/778 kB | 329 kBProgress (5): 0.6/2.7 MB | 0.4/1.5 MB | 250/615 kB | 250/778 kB | 329 kBProgress (5): 0.6/2.7 MB | 0.4/1.5 MB | 250/615 kB | 254/778 kB | 329 kBProgress (5): 0.6/2.7 MB | 0.4/1.5 MB | 250/615 kB | 258/778 kB | 329 kBProgress (5): 0.6/2.7 MB | 0.4/1.5 MB | 250/615 kB | 258/778 kB | 329 kBProgress (5): 0.6/2.7 MB | 0.4/1.5 MB | 250/615 kB | 258/778 kB | 329 kBProgress (5): 0.6/2.7 MB | 0.4/1.5 MB | 250/615 kB | 258/778 kB | 329 kBProgress (5): 0.6/2.7 MB | 0.4/1.5 MB | 250/615 kB | 258/778 kB | 329 kBProgress (5): 0.6/2.7 MB | 0.4/1.5 MB | 250/615 kB | 258/778 kB | 329 kBProgress (5): 0.6/2.7 MB | 0.4/1.5 MB | 250/615 kB | 258/778 kB | 329 kBProgress (5): 0.6/2.7 MB | 0.4/1.5 MB | 250/615 kB | 258/778 kB | 329 kBProgress (5): 0.6/2.7 MB | 0.4/1.5 MB | 250/615 kB | 258/778 kB | 329 kBProgress (5): 0.6/2.7 MB | 0.4/1.5 MB | 250/615 kB | 258/778 kB | 329 kBProgress (5): 0.6/2.7 MB | 0.4/1.5 MB | 250/615 kB | 258/778 kB | 329 kBProgress (5): 0.6/2.7 MB | 0.5/1.5 MB | 250/615 kB | 258/778 kB | 329 kBProgress (5): 0.6/2.7 MB | 0.5/1.5 MB | 250/615 kB | 258/778 kB | 329 kBProgress (5): 0.6/2.7 MB | 0.5/1.5 MB | 250/615 kB | 258/778 kB | 329 kBProgress (5): 0.6/2.7 MB | 0.5/1.5 MB | 250/615 kB | 258/778 kB | 329 kBProgress (5): 0.6/2.7 MB | 0.5/1.5 MB | 250/615 kB | 258/778 kB | 329 kBProgress (5): 0.6/2.7 MB | 0.5/1.5 MB | 250/615 kB | 258/778 kB | 329 kBProgress (5): 0.6/2.7 MB | 0.5/1.5 MB | 254/615 kB | 258/778 kB | 329 kBProgress (5): 0.6/2.7 MB | 0.5/1.5 MB | 258/615 kB | 258/778 kB | 329 kBProgress (5): 0.6/2.7 MB | 0.5/1.5 MB | 262/615 kB | 258/778 kB | 329 kBProgress (5): 0.6/2.7 MB | 0.5/1.5 MB | 266/615 kB | 258/778 kB | 329 kBProgress (5): 0.6/2.7 MB | 0.5/1.5 MB | 270/615 kB | 258/778 kB | 329 kBProgress (5): 0.6/2.7 MB | 0.5/1.5 MB | 274/615 kB | 258/778 kB | 329 kBProgress (5): 0.6/2.7 MB | 0.5/1.5 MB | 278/615 kB | 258/778 kB | 329 kBProgress (5): 0.6/2.7 MB | 0.5/1.5 MB | 283/615 kB | 258/778 kB | 329 kBProgress (5): 0.6/2.7 MB | 0.5/1.5 MB | 287/615 kB | 258/778 kB | 329 kBProgress (5): 0.6/2.7 MB | 0.5/1.5 MB | 291/615 kB | 258/778 kB | 329 kBProgress (5): 0.6/2.7 MB | 0.5/1.5 MB | 295/615 kB | 258/778 kB | 329 kBProgress (5): 0.6/2.7 MB | 0.5/1.5 MB | 299/615 kB | 258/778 kB | 329 kBProgress (5): 0.6/2.7 MB | 0.5/1.5 MB | 303/615 kB | 258/778 kB | 329 kBProgress (5): 0.6/2.7 MB | 0.5/1.5 MB | 307/615 kB | 258/778 kB | 329 kBProgress (5): 0.6/2.7 MB | 0.5/1.5 MB | 311/615 kB | 258/778 kB | 329 kBProgress (5): 0.6/2.7 MB | 0.5/1.5 MB | 315/615 kB | 258/778 kB | 329 kBProgress (5): 0.6/2.7 MB | 0.5/1.5 MB | 319/615 kB | 258/778 kB | 329 kBProgress (5): 0.6/2.7 MB | 0.5/1.5 MB | 324/615 kB | 258/778 kB | 329 kBProgress (5): 0.6/2.7 MB | 0.5/1.5 MB | 328/615 kB | 258/778 kB | 329 kBProgress (5): 0.6/2.7 MB | 0.5/1.5 MB | 328/615 kB | 258/778 kB | 329 kBProgress (5): 0.6/2.7 MB | 0.5/1.5 MB | 328/615 kB | 258/778 kB | 329 kBProgress (5): 0.6/2.7 MB | 0.5/1.5 MB | 328/615 kB | 258/778 kB | 329 kBProgress (5): 0.7/2.7 MB | 0.5/1.5 MB | 328/615 kB | 258/778 kB | 329 kBProgress (5): 0.7/2.7 MB | 0.5/1.5 MB | 328/615 kB | 262/778 kB | 329 kBProgress (5): 0.7/2.7 MB | 0.5/1.5 MB | 328/615 kB | 266/778 kB | 329 kBProgress (5): 0.7/2.7 MB | 0.5/1.5 MB | 328/615 kB | 270/778 kB | 329 kBProgress (5): 0.7/2.7 MB | 0.5/1.5 MB | 328/615 kB | 274/778 kB | 329 kBProgress (5): 0.7/2.7 MB | 0.5/1.5 MB | 328/615 kB | 279/778 kB | 329 kBProgress (5): 0.7/2.7 MB | 0.5/1.5 MB | 328/615 kB | 283/778 kB | 329 kBProgress (5): 0.7/2.7 MB | 0.5/1.5 MB | 328/615 kB | 287/778 kB | 329 kBProgress (5): 0.7/2.7 MB | 0.5/1.5 MB | 328/615 kB | 291/778 kB | 329 kBProgress (5): 0.7/2.7 MB | 0.5/1.5 MB | 328/615 kB | 295/778 kB | 329 kBProgress (5): 0.7/2.7 MB | 0.5/1.5 MB | 328/615 kB | 299/778 kB | 329 kBProgress (5): 0.7/2.7 MB | 0.5/1.5 MB | 328/615 kB | 303/778 kB | 329 kBProgress (5): 0.7/2.7 MB | 0.5/1.5 MB | 328/615 kB | 307/778 kB | 329 kBProgress (5): 0.7/2.7 MB | 0.5/1.5 MB | 332/615 kB | 307/778 kB | 329 kBProgress (5): 0.7/2.7 MB | 0.5/1.5 MB | 336/615 kB | 307/778 kB | 329 kBProgress (5): 0.7/2.7 MB | 0.5/1.5 MB | 340/615 kB | 307/778 kB | 329 kBProgress (5): 0.7/2.7 MB | 0.5/1.5 MB | 344/615 kB | 307/778 kB | 329 kBProgress (5): 0.7/2.7 MB | 0.5/1.5 MB | 348/615 kB | 307/778 kB | 329 kBProgress (5): 0.7/2.7 MB | 0.5/1.5 MB | 352/615 kB | 307/778 kB | 329 kBProgress (5): 0.7/2.7 MB | 0.5/1.5 MB | 356/615 kB | 307/778 kB | 329 kBProgress (5): 0.7/2.7 MB | 0.5/1.5 MB | 360/615 kB | 307/778 kB | 329 kBProgress (5): 0.7/2.7 MB | 0.5/1.5 MB | 365/615 kB | 307/778 kB | 329 kBProgress (5): 0.7/2.7 MB | 0.5/1.5 MB | 369/615 kB | 307/778 kB | 329 kBProgress (5): 0.7/2.7 MB | 0.5/1.5 MB | 373/615 kB | 307/778 kB | 329 kBProgress (5): 0.7/2.7 MB | 0.5/1.5 MB | 377/615 kB | 307/778 kB | 329 kBProgress (5): 0.7/2.7 MB | 0.5/1.5 MB | 381/615 kB | 307/778 kB | 329 kBProgress (5): 0.7/2.7 MB | 0.5/1.5 MB | 385/615 kB | 307/778 kB | 329 kBProgress (5): 0.7/2.7 MB | 0.5/1.5 MB | 389/615 kB | 307/778 kB | 329 kBProgress (5): 0.7/2.7 MB | 0.5/1.5 MB | 393/615 kB | 307/778 kB | 329 kBProgress (5): 0.7/2.7 MB | 0.5/1.5 MB | 397/615 kB | 307/778 kB | 329 kBProgress (5): 0.7/2.7 MB | 0.5/1.5 MB | 401/615 kB | 307/778 kB | 329 kBProgress (5): 0.7/2.7 MB | 0.5/1.5 MB | 401/615 kB | 307/778 kB | 329 kBProgress (5): 0.7/2.7 MB | 0.5/1.5 MB | 401/615 kB | 307/778 kB | 329 kBProgress (5): 0.7/2.7 MB | 0.5/1.5 MB | 401/615 kB | 307/778 kB | 329 kBProgress (5): 0.7/2.7 MB | 0.5/1.5 MB | 401/615 kB | 307/778 kB | 329 kBProgress (5): 0.7/2.7 MB | 0.5/1.5 MB | 401/615 kB | 307/778 kB | 329 kBProgress (5): 0.7/2.7 MB | 0.5/1.5 MB | 401/615 kB | 307/778 kB | 329 kBProgress (5): 0.7/2.7 MB | 0.5/1.5 MB | 401/615 kB | 307/778 kB | 329 kBProgress (5): 0.7/2.7 MB | 0.5/1.5 MB | 401/615 kB | 307/778 kB | 329 kBProgress (5): 0.7/2.7 MB | 0.5/1.5 MB | 401/615 kB | 307/778 kB | 329 kBProgress (5): 0.7/2.7 MB | 0.5/1.5 MB | 401/615 kB | 307/778 kB | 329 kBProgress (5): 0.7/2.7 MB | 0.5/1.5 MB | 401/615 kB | 311/778 kB | 329 kBProgress (5): 0.7/2.7 MB | 0.5/1.5 MB | 401/615 kB | 315/778 kB | 329 kBProgress (5): 0.7/2.7 MB | 0.5/1.5 MB | 401/615 kB | 319/778 kB | 329 kBProgress (5): 0.7/2.7 MB | 0.5/1.5 MB | 401/615 kB | 324/778 kB | 329 kBProgress (5): 0.7/2.7 MB | 0.5/1.5 MB | 401/615 kB | 328/778 kB | 329 kBProgress (5): 0.7/2.7 MB | 0.5/1.5 MB | 401/615 kB | 332/778 kB | 329 kBProgress (5): 0.7/2.7 MB | 0.5/1.5 MB | 401/615 kB | 336/778 kB | 329 kBProgress (5): 0.7/2.7 MB | 0.5/1.5 MB | 401/615 kB | 340/778 kB | 329 kBProgress (5): 0.7/2.7 MB | 0.5/1.5 MB | 401/615 kB | 344/778 kB | 329 kBProgress (5): 0.7/2.7 MB | 0.5/1.5 MB | 401/615 kB | 348/778 kB | 329 kBProgress (5): 0.7/2.7 MB | 0.5/1.5 MB | 401/615 kB | 352/778 kB | 329 kBProgress (5): 0.7/2.7 MB | 0.5/1.5 MB | 401/615 kB | 356/778 kB | 329 kBProgress (5): 0.7/2.7 MB | 0.5/1.5 MB | 401/615 kB | 360/778 kB | 329 kBProgress (5): 0.7/2.7 MB | 0.5/1.5 MB | 401/615 kB | 365/778 kB | 329 kBProgress (5): 0.7/2.7 MB | 0.5/1.5 MB | 401/615 kB | 369/778 kB | 329 kBProgress (5): 0.7/2.7 MB | 0.5/1.5 MB | 401/615 kB | 373/778 kB | 329 kBProgress (5): 0.7/2.7 MB | 0.5/1.5 MB | 401/615 kB | 377/778 kB | 329 kBProgress (5): 0.7/2.7 MB | 0.5/1.5 MB | 401/615 kB | 381/778 kB | 329 kBProgress (5): 0.7/2.7 MB | 0.5/1.5 MB | 401/615 kB | 385/778 kB | 329 kBProgress (5): 0.7/2.7 MB | 0.5/1.5 MB | 401/615 kB | 389/778 kB | 329 kBProgress (5): 0.7/2.7 MB | 0.5/1.5 MB | 401/615 kB | 393/778 kB | 329 kBProgress (5): 0.7/2.7 MB | 0.5/1.5 MB | 405/615 kB | 393/778 kB | 329 kBProgress (5): 0.7/2.7 MB | 0.5/1.5 MB | 410/615 kB | 393/778 kB | 329 kBProgress (5): 0.7/2.7 MB | 0.5/1.5 MB | 414/615 kB | 393/778 kB | 329 kBProgress (5): 0.7/2.7 MB | 0.5/1.5 MB | 418/615 kB | 393/778 kB | 329 kBProgress (5): 0.7/2.7 MB | 0.5/1.5 MB | 422/615 kB | 393/778 kB | 329 kBProgress (5): 0.7/2.7 MB | 0.5/1.5 MB | 426/615 kB | 393/778 kB | 329 kBProgress (5): 0.7/2.7 MB | 0.5/1.5 MB | 430/615 kB | 393/778 kB | 329 kBProgress (5): 0.7/2.7 MB | 0.5/1.5 MB | 434/615 kB | 393/778 kB | 329 kBProgress (5): 0.7/2.7 MB | 0.5/1.5 MB | 438/615 kB | 393/778 kB | 329 kBProgress (5): 0.7/2.7 MB | 0.5/1.5 MB | 442/615 kB | 393/778 kB | 329 kBProgress (5): 0.7/2.7 MB | 0.5/1.5 MB | 446/615 kB | 393/778 kB | 329 kBProgress (5): 0.7/2.7 MB | 0.5/1.5 MB | 451/615 kB | 393/778 kB | 329 kBProgress (5): 0.7/2.7 MB | 0.5/1.5 MB | 455/615 kB | 393/778 kB | 329 kBProgress (5): 0.7/2.7 MB | 0.5/1.5 MB | 459/615 kB | 393/778 kB | 329 kBProgress (5): 0.7/2.7 MB | 0.5/1.5 MB | 463/615 kB | 393/778 kB | 329 kB                                                                        Downloaded from central: https://repo.maven.apache.org/maven2/org/apache/httpcomponents/httpcore/4.4.13/httpcore-4.4.13.jar (329 kB at 3.7 MB/s)
Downloading from central: https://repo.maven.apache.org/maven2/commons-logging/commons-logging/1.2/commons-logging-1.2.jar
Progress (4): 0.7/2.7 MB | 0.5/1.5 MB | 463/615 kB | 397/778 kBProgress (4): 0.7/2.7 MB | 0.5/1.5 MB | 463/615 kB | 401/778 kBProgress (4): 0.7/2.7 MB | 0.5/1.5 MB | 463/615 kB | 406/778 kBProgress (4): 0.7/2.7 MB | 0.6/1.5 MB | 463/615 kB | 406/778 kBProgress (4): 0.7/2.7 MB | 0.6/1.5 MB | 463/615 kB | 406/778 kBProgress (4): 0.7/2.7 MB | 0.6/1.5 MB | 463/615 kB | 406/778 kBProgress (4): 0.7/2.7 MB | 0.6/1.5 MB | 463/615 kB | 406/778 kBProgress (4): 0.7/2.7 MB | 0.6/1.5 MB | 463/615 kB | 406/778 kBProgress (4): 0.7/2.7 MB | 0.6/1.5 MB | 463/615 kB | 406/778 kBProgress (4): 0.7/2.7 MB | 0.6/1.5 MB | 463/615 kB | 406/778 kBProgress (4): 0.8/2.7 MB | 0.6/1.5 MB | 463/615 kB | 406/778 kBProgress (4): 0.8/2.7 MB | 0.6/1.5 MB | 463/615 kB | 406/778 kBProgress (4): 0.8/2.7 MB | 0.6/1.5 MB | 463/615 kB | 406/778 kBProgress (4): 0.8/2.7 MB | 0.6/1.5 MB | 463/615 kB | 406/778 kBProgress (4): 0.8/2.7 MB | 0.6/1.5 MB | 463/615 kB | 406/778 kBProgress (4): 0.8/2.7 MB | 0.6/1.5 MB | 463/615 kB | 406/778 kBProgress (4): 0.8/2.7 MB | 0.6/1.5 MB | 463/615 kB | 406/778 kBProgress (4): 0.8/2.7 MB | 0.6/1.5 MB | 463/615 kB | 406/778 kBProgress (4): 0.8/2.7 MB | 0.6/1.5 MB | 463/615 kB | 406/778 kBProgress (4): 0.8/2.7 MB | 0.6/1.5 MB | 463/615 kB | 406/778 kBProgress (4): 0.8/2.7 MB | 0.6/1.5 MB | 463/615 kB | 406/778 kBProgress (4): 0.8/2.7 MB | 0.6/1.5 MB | 463/615 kB | 406/778 kBProgress (4): 0.8/2.7 MB | 0.6/1.5 MB | 463/615 kB | 406/778 kBProgress (4): 0.8/2.7 MB | 0.7/1.5 MB | 463/615 kB | 406/778 kBProgress (4): 0.8/2.7 MB | 0.7/1.5 MB | 463/615 kB | 406/778 kBProgress (4): 0.8/2.7 MB | 0.7/1.5 MB | 463/615 kB | 406/778 kBProgress (4): 0.8/2.7 MB | 0.7/1.5 MB | 463/615 kB | 406/778 kBProgress (4): 0.8/2.7 MB | 0.7/1.5 MB | 463/615 kB | 406/778 kBProgress (5): 0.8/2.7 MB | 0.7/1.5 MB | 463/615 kB | 406/778 kB | 4.1/62 kBProgress (5): 0.8/2.7 MB | 0.7/1.5 MB | 463/615 kB | 406/778 kB | 8.2/62 kBProgress (5): 0.8/2.7 MB | 0.7/1.5 MB | 463/615 kB | 406/778 kB | 12/62 kB Progress (5): 0.8/2.7 MB | 0.7/1.5 MB | 463/615 kB | 406/778 kB | 16/62 kBProgress (5): 0.8/2.7 MB | 0.7/1.5 MB | 463/615 kB | 406/778 kB | 20/62 kBProgress (5): 0.8/2.7 MB | 0.7/1.5 MB | 463/615 kB | 406/778 kB | 25/62 kBProgress (5): 0.8/2.7 MB | 0.7/1.5 MB | 463/615 kB | 406/778 kB | 29/62 kBProgress (5): 0.8/2.7 MB | 0.7/1.5 MB | 463/615 kB | 406/778 kB | 33/62 kBProgress (5): 0.8/2.7 MB | 0.7/1.5 MB | 463/615 kB | 406/778 kB | 37/62 kBProgress (5): 0.8/2.7 MB | 0.7/1.5 MB | 463/615 kB | 406/778 kB | 41/62 kBProgress (5): 0.8/2.7 MB | 0.7/1.5 MB | 463/615 kB | 406/778 kB | 45/62 kBProgress (5): 0.8/2.7 MB | 0.7/1.5 MB | 463/615 kB | 406/778 kB | 49/62 kBProgress (5): 0.8/2.7 MB | 0.7/1.5 MB | 463/615 kB | 406/778 kB | 53/62 kBProgress (5): 0.8/2.7 MB | 0.7/1.5 MB | 463/615 kB | 406/778 kB | 57/62 kBProgress (5): 0.8/2.7 MB | 0.7/1.5 MB | 463/615 kB | 406/778 kB | 61/62 kBProgress (5): 0.8/2.7 MB | 0.7/1.5 MB | 463/615 kB | 406/778 kB | 62 kB   Progress (5): 0.9/2.7 MB | 0.7/1.5 MB | 463/615 kB | 406/778 kB | 62 kBProgress (5): 0.9/2.7 MB | 0.7/1.5 MB | 463/615 kB | 406/778 kB | 62 kBProgress (5): 0.9/2.7 MB | 0.7/1.5 MB | 467/615 kB | 406/778 kB | 62 kBProgress (5): 0.9/2.7 MB | 0.7/1.5 MB | 471/615 kB | 406/778 kB | 62 kBProgress (5): 0.9/2.7 MB | 0.7/1.5 MB | 475/615 kB | 406/778 kB | 62 kBProgress (5): 0.9/2.7 MB | 0.7/1.5 MB | 479/615 kB | 406/778 kB | 62 kBProgress (5): 0.9/2.7 MB | 0.7/1.5 MB | 479/615 kB | 410/778 kB | 62 kBProgress (5): 0.9/2.7 MB | 0.7/1.5 MB | 479/615 kB | 414/778 kB | 62 kBProgress (5): 0.9/2.7 MB | 0.7/1.5 MB | 479/615 kB | 418/778 kB | 62 kBProgress (5): 0.9/2.7 MB | 0.7/1.5 MB | 479/615 kB | 422/778 kB | 62 kBProgress (5): 0.9/2.7 MB | 0.7/1.5 MB | 479/615 kB | 426/778 kB | 62 kBProgress (5): 0.9/2.7 MB | 0.7/1.5 MB | 479/615 kB | 430/778 kB | 62 kBProgress (5): 0.9/2.7 MB | 0.7/1.5 MB | 479/615 kB | 434/778 kB | 62 kBProgress (5): 0.9/2.7 MB | 0.7/1.5 MB | 479/615 kB | 438/778 kB | 62 kBProgress (5): 0.9/2.7 MB | 0.7/1.5 MB | 479/615 kB | 442/778 kB | 62 kBProgress (5): 0.9/2.7 MB | 0.7/1.5 MB | 479/615 kB | 446/778 kB | 62 kBProgress (5): 0.9/2.7 MB | 0.7/1.5 MB | 479/615 kB | 451/778 kB | 62 kBProgress (5): 0.9/2.7 MB | 0.7/1.5 MB | 479/615 kB | 455/778 kB | 62 kBProgress (5): 0.9/2.7 MB | 0.7/1.5 MB | 479/615 kB | 459/778 kB | 62 kBProgress (5): 0.9/2.7 MB | 0.7/1.5 MB | 479/615 kB | 463/778 kB | 62 kBProgress (5): 0.9/2.7 MB | 0.7/1.5 MB | 479/615 kB | 467/778 kB | 62 kBProgress (5): 0.9/2.7 MB | 0.7/1.5 MB | 479/615 kB | 471/778 kB | 62 kBProgress (5): 0.9/2.7 MB | 0.7/1.5 MB | 479/615 kB | 475/778 kB | 62 kBProgress (5): 0.9/2.7 MB | 0.7/1.5 MB | 479/615 kB | 479/778 kB | 62 kBProgress (5): 0.9/2.7 MB | 0.7/1.5 MB | 479/615 kB | 483/778 kB | 62 kBProgress (5): 0.9/2.7 MB | 0.7/1.5 MB | 479/615 kB | 487/778 kB | 62 kBProgress (5): 0.9/2.7 MB | 0.7/1.5 MB | 479/615 kB | 492/778 kB | 62 kBProgress (5): 0.9/2.7 MB | 0.7/1.5 MB | 479/615 kB | 496/778 kB | 62 kBProgress (5): 0.9/2.7 MB | 0.7/1.5 MB | 479/615 kB | 500/778 kB | 62 kBProgress (5): 0.9/2.7 MB | 0.7/1.5 MB | 479/615 kB | 504/778 kB | 62 kBProgress (5): 0.9/2.7 MB | 0.7/1.5 MB | 479/615 kB | 504/778 kB | 62 kBProgress (5): 0.9/2.7 MB | 0.7/1.5 MB | 479/615 kB | 504/778 kB | 62 kBProgress (5): 0.9/2.7 MB | 0.7/1.5 MB | 479/615 kB | 504/778 kB | 62 kBProgress (5): 0.9/2.7 MB | 0.7/1.5 MB | 479/615 kB | 504/778 kB | 62 kBProgress (5): 0.9/2.7 MB | 0.7/1.5 MB | 479/615 kB | 504/778 kB | 62 kBProgress (5): 0.9/2.7 MB | 0.7/1.5 MB | 479/615 kB | 504/778 kB | 62 kBProgress (5): 0.9/2.7 MB | 0.7/1.5 MB | 479/615 kB | 504/778 kB | 62 kBProgress (5): 0.9/2.7 MB | 0.7/1.5 MB | 479/615 kB | 504/778 kB | 62 kBProgress (5): 0.9/2.7 MB | 0.7/1.5 MB | 479/615 kB | 504/778 kB | 62 kBProgress (5): 0.9/2.7 MB | 0.7/1.5 MB | 483/615 kB | 504/778 kB | 62 kBProgress (5): 0.9/2.7 MB | 0.7/1.5 MB | 487/615 kB | 504/778 kB | 62 kBProgress (5): 0.9/2.7 MB | 0.7/1.5 MB | 491/615 kB | 504/778 kB | 62 kBProgress (5): 0.9/2.7 MB | 0.7/1.5 MB | 496/615 kB | 504/778 kB | 62 kBProgress (5): 0.9/2.7 MB | 0.7/1.5 MB | 500/615 kB | 504/778 kB | 62 kBProgress (5): 0.9/2.7 MB | 0.7/1.5 MB | 504/615 kB | 504/778 kB | 62 kBProgress (5): 0.9/2.7 MB | 0.7/1.5 MB | 508/615 kB | 504/778 kB | 62 kBProgress (5): 0.9/2.7 MB | 0.7/1.5 MB | 512/615 kB | 504/778 kB | 62 kBProgress (5): 0.9/2.7 MB | 0.7/1.5 MB | 516/615 kB | 504/778 kB | 62 kBProgress (5): 0.9/2.7 MB | 0.7/1.5 MB | 520/615 kB | 504/778 kB | 62 kBProgress (5): 0.9/2.7 MB | 0.7/1.5 MB | 524/615 kB | 504/778 kB | 62 kBProgress (5): 0.9/2.7 MB | 0.7/1.5 MB | 528/615 kB | 504/778 kB | 62 kBProgress (5): 0.9/2.7 MB | 0.7/1.5 MB | 532/615 kB | 504/778 kB | 62 kBProgress (5): 0.9/2.7 MB | 0.7/1.5 MB | 537/615 kB | 504/778 kB | 62 kBProgress (5): 0.9/2.7 MB | 0.7/1.5 MB | 541/615 kB | 504/778 kB | 62 kBProgress (5): 0.9/2.7 MB | 0.7/1.5 MB | 545/615 kB | 504/778 kB | 62 kBProgress (5): 0.9/2.7 MB | 0.7/1.5 MB | 549/615 kB | 504/778 kB | 62 kBProgress (5): 0.9/2.7 MB | 0.7/1.5 MB | 553/615 kB | 504/778 kB | 62 kBProgress (5): 0.9/2.7 MB | 0.7/1.5 MB | 557/615 kB | 504/778 kB | 62 kBProgress (5): 0.9/2.7 MB | 0.7/1.5 MB | 561/615 kB | 504/778 kB | 62 kBProgress (5): 0.9/2.7 MB | 0.7/1.5 MB | 565/615 kB | 504/778 kB | 62 kBProgress (5): 0.9/2.7 MB | 0.7/1.5 MB | 569/615 kB | 504/778 kB | 62 kBProgress (5): 0.9/2.7 MB | 0.7/1.5 MB | 573/615 kB | 504/778 kB | 62 kBProgress (5): 0.9/2.7 MB | 0.7/1.5 MB | 577/615 kB | 504/778 kB | 62 kBProgress (5): 0.9/2.7 MB | 0.7/1.5 MB | 582/615 kB | 504/778 kB | 62 kBProgress (5): 0.9/2.7 MB | 0.7/1.5 MB | 586/615 kB | 504/778 kB | 62 kBProgress (5): 0.9/2.7 MB | 0.7/1.5 MB | 590/615 kB | 504/778 kB | 62 kBProgress (5): 0.9/2.7 MB | 0.7/1.5 MB | 594/615 kB | 504/778 kB | 62 kBProgress (5): 0.9/2.7 MB | 0.7/1.5 MB | 598/615 kB | 504/778 kB | 62 kBProgress (5): 0.9/2.7 MB | 0.7/1.5 MB | 602/615 kB | 504/778 kB | 62 kBProgress (5): 0.9/2.7 MB | 0.7/1.5 MB | 606/615 kB | 504/778 kB | 62 kBProgress (5): 0.9/2.7 MB | 0.7/1.5 MB | 610/615 kB | 504/778 kB | 62 kBProgress (5): 0.9/2.7 MB | 0.7/1.5 MB | 614/615 kB | 504/778 kB | 62 kBProgress (5): 0.9/2.7 MB | 0.7/1.5 MB | 615 kB | 504/778 kB | 62 kB    Progress (5): 0.9/2.7 MB | 0.7/1.5 MB | 615 kB | 504/778 kB | 62 kBProgress (5): 0.9/2.7 MB | 0.7/1.5 MB | 615 kB | 504/778 kB | 62 kBProgress (5): 0.9/2.7 MB | 0.7/1.5 MB | 615 kB | 504/778 kB | 62 kBProgress (5): 0.9/2.7 MB | 0.7/1.5 MB | 615 kB | 508/778 kB | 62 kBProgress (5): 0.9/2.7 MB | 0.7/1.5 MB | 615 kB | 512/778 kB | 62 kBProgress (5): 0.9/2.7 MB | 0.7/1.5 MB | 615 kB | 516/778 kB | 62 kBProgress (5): 0.9/2.7 MB | 0.7/1.5 MB | 615 kB | 520/778 kB | 62 kBProgress (5): 0.9/2.7 MB | 0.7/1.5 MB | 615 kB | 524/778 kB | 62 kBProgress (5): 0.9/2.7 MB | 0.7/1.5 MB | 615 kB | 528/778 kB | 62 kBProgress (5): 0.9/2.7 MB | 0.7/1.5 MB | 615 kB | 532/778 kB | 62 kBProgress (5): 0.9/2.7 MB | 0.7/1.5 MB | 615 kB | 537/778 kB | 62 kBProgress (5): 0.9/2.7 MB | 0.7/1.5 MB | 615 kB | 541/778 kB | 62 kBProgress (5): 0.9/2.7 MB | 0.7/1.5 MB | 615 kB | 545/778 kB | 62 kBProgress (5): 0.9/2.7 MB | 0.7/1.5 MB | 615 kB | 549/778 kB | 62 kB                                                                   Downloaded from central: https://repo.maven.apache.org/maven2/commons-logging/commons-logging/1.2/commons-logging-1.2.jar (62 kB at 557 kB/s)
Progress (4): 1.0/2.7 MB | 0.7/1.5 MB | 615 kB | 549/778 kBProgress (4): 1.0/2.7 MB | 0.7/1.5 MB | 615 kB | 549/778 kBProgress (4): 1.0/2.7 MB | 0.7/1.5 MB | 615 kB | 549/778 kBProgress (4): 1.0/2.7 MB | 0.7/1.5 MB | 615 kB | 549/778 kBProgress (4): 1.0/2.7 MB | 0.7/1.5 MB | 615 kB | 549/778 kBProgress (4): 1.0/2.7 MB | 0.7/1.5 MB | 615 kB | 549/778 kBProgress (4): 1.0/2.7 MB | 0.8/1.5 MB | 615 kB | 549/778 kBProgress (4): 1.0/2.7 MB | 0.8/1.5 MB | 615 kB | 549/778 kBProgress (4): 1.0/2.7 MB | 0.8/1.5 MB | 615 kB | 549/778 kBProgress (4): 1.0/2.7 MB | 0.8/1.5 MB | 615 kB | 549/778 kBProgress (4): 1.0/2.7 MB | 0.8/1.5 MB | 615 kB | 549/778 kBProgress (4): 1.0/2.7 MB | 0.8/1.5 MB | 615 kB | 549/778 kBProgress (4): 1.0/2.7 MB | 0.8/1.5 MB | 615 kB | 549/778 kBProgress (4): 1.0/2.7 MB | 0.8/1.5 MB | 615 kB | 549/778 kBProgress (4): 1.0/2.7 MB | 0.8/1.5 MB | 615 kB | 549/778 kBProgress (4): 1.0/2.7 MB | 0.8/1.5 MB | 615 kB | 549/778 kBProgress (4): 1.0/2.7 MB | 0.8/1.5 MB | 615 kB | 549/778 kBProgress (4): 1.0/2.7 MB | 0.8/1.5 MB | 615 kB | 549/778 kBProgress (4): 1.0/2.7 MB | 0.9/1.5 MB | 615 kB | 549/778 kBProgress (4): 1.0/2.7 MB | 0.9/1.5 MB | 615 kB | 553/778 kB                                                           Downloading from central: https://repo.maven.apache.org/maven2/commons-codec/commons-codec/1.11/commons-codec-1.11.jar
Progress (4): 1.0/2.7 MB | 0.9/1.5 MB | 615 kB | 557/778 kBProgress (4): 1.0/2.7 MB | 0.9/1.5 MB | 615 kB | 561/778 kBProgress (4): 1.0/2.7 MB | 0.9/1.5 MB | 615 kB | 565/778 kBProgress (4): 1.0/2.7 MB | 0.9/1.5 MB | 615 kB | 569/778 kBProgress (4): 1.0/2.7 MB | 0.9/1.5 MB | 615 kB | 573/778 kBProgress (4): 1.0/2.7 MB | 0.9/1.5 MB | 615 kB | 578/778 kBProgress (4): 1.0/2.7 MB | 0.9/1.5 MB | 615 kB | 582/778 kBProgress (4): 1.0/2.7 MB | 0.9/1.5 MB | 615 kB | 586/778 kBProgress (4): 1.0/2.7 MB | 0.9/1.5 MB | 615 kB | 590/778 kBProgress (4): 1.0/2.7 MB | 0.9/1.5 MB | 615 kB | 594/778 kBProgress (4): 1.0/2.7 MB | 0.9/1.5 MB | 615 kB | 598/778 kBProgress (4): 1.0/2.7 MB | 0.9/1.5 MB | 615 kB | 602/778 kBProgress (5): 1.0/2.7 MB | 0.9/1.5 MB | 615 kB | 602/778 kB | 4.1/335 kBProgress (5): 1.0/2.7 MB | 0.9/1.5 MB | 615 kB | 602/778 kB | 8.2/335 kBProgress (5): 1.0/2.7 MB | 0.9/1.5 MB | 615 kB | 602/778 kB | 12/335 kB Progress (5): 1.0/2.7 MB | 0.9/1.5 MB | 615 kB | 602/778 kB | 16/335 kBProgress (5): 1.0/2.7 MB | 0.9/1.5 MB | 615 kB | 602/778 kB | 20/335 kBProgress (5): 1.0/2.7 MB | 0.9/1.5 MB | 615 kB | 602/778 kB | 25/335 kBProgress (5): 1.0/2.7 MB | 0.9/1.5 MB | 615 kB | 602/778 kB | 29/335 kBProgress (5): 1.0/2.7 MB | 0.9/1.5 MB | 615 kB | 602/778 kB | 33/335 kBProgress (5): 1.0/2.7 MB | 0.9/1.5 MB | 615 kB | 602/778 kB | 37/335 kBProgress (5): 1.0/2.7 MB | 0.9/1.5 MB | 615 kB | 602/778 kB | 41/335 kBProgress (5): 1.0/2.7 MB | 0.9/1.5 MB | 615 kB | 602/778 kB | 45/335 kBProgress (5): 1.0/2.7 MB | 0.9/1.5 MB | 615 kB | 602/778 kB | 49/335 kBProgress (5): 1.0/2.7 MB | 0.9/1.5 MB | 615 kB | 602/778 kB | 53/335 kBProgress (5): 1.0/2.7 MB | 0.9/1.5 MB | 615 kB | 602/778 kB | 57/335 kBProgress (5): 1.0/2.7 MB | 0.9/1.5 MB | 615 kB | 602/778 kB | 61/335 kBProgress (5): 1.0/2.7 MB | 0.9/1.5 MB | 615 kB | 602/778 kB | 66/335 kBProgress (5): 1.0/2.7 MB | 0.9/1.5 MB | 615 kB | 602/778 kB | 70/335 kBProgress (5): 1.0/2.7 MB | 0.9/1.5 MB | 615 kB | 602/778 kB | 74/335 kBProgress (5): 1.0/2.7 MB | 0.9/1.5 MB | 615 kB | 602/778 kB | 78/335 kB                                                                       Downloaded from central: https://repo.maven.apache.org/maven2/org/apache/commons/commons-compress/1.19/commons-compress-1.19.jar (615 kB at 4.0 MB/s)
Progress (4): 1.1/2.7 MB | 0.9/1.5 MB | 602/778 kB | 78/335 kBProgress (4): 1.1/2.7 MB | 0.9/1.5 MB | 602/778 kB | 78/335 kBProgress (4): 1.1/2.7 MB | 0.9/1.5 MB | 602/778 kB | 78/335 kBProgress (4): 1.1/2.7 MB | 0.9/1.5 MB | 602/778 kB | 78/335 kBProgress (4): 1.1/2.7 MB | 0.9/1.5 MB | 602/778 kB | 78/335 kBProgress (4): 1.1/2.7 MB | 0.9/1.5 MB | 602/778 kB | 78/335 kBProgress (4): 1.1/2.7 MB | 0.9/1.5 MB | 602/778 kB | 78/335 kBProgress (4): 1.2/2.7 MB | 0.9/1.5 MB | 602/778 kB | 78/335 kBProgress (4): 1.2/2.7 MB | 0.9/1.5 MB | 602/778 kB | 78/335 kBProgress (4): 1.2/2.7 MB | 0.9/1.5 MB | 602/778 kB | 78/335 kBProgress (4): 1.2/2.7 MB | 0.9/1.5 MB | 602/778 kB | 78/335 kBProgress (4): 1.2/2.7 MB | 0.9/1.5 MB | 602/778 kB | 78/335 kBProgress (4): 1.2/2.7 MB | 0.9/1.5 MB | 602/778 kB | 78/335 kBProgress (4): 1.2/2.7 MB | 0.9/1.5 MB | 602/778 kB | 78/335 kBProgress (4): 1.2/2.7 MB | 0.9/1.5 MB | 606/778 kB | 78/335 kBProgress (4): 1.2/2.7 MB | 0.9/1.5 MB | 610/778 kB | 78/335 kBProgress (4): 1.2/2.7 MB | 0.9/1.5 MB | 614/778 kB | 78/335 kBProgress (4): 1.2/2.7 MB | 0.9/1.5 MB | 618/778 kB | 78/335 kBProgress (4): 1.2/2.7 MB | 0.9/1.5 MB | 623/778 kB | 78/335 kBProgress (4): 1.2/2.7 MB | 0.9/1.5 MB | 627/778 kB | 78/335 kBProgress (4): 1.2/2.7 MB | 0.9/1.5 MB | 631/778 kB | 78/335 kBProgress (4): 1.2/2.7 MB | 0.9/1.5 MB | 635/778 kB | 78/335 kBProgress (4): 1.2/2.7 MB | 0.9/1.5 MB | 639/778 kB | 78/335 kBProgress (4): 1.2/2.7 MB | 0.9/1.5 MB | 643/778 kB | 78/335 kBProgress (4): 1.2/2.7 MB | 0.9/1.5 MB | 647/778 kB | 78/335 kBProgress (4): 1.2/2.7 MB | 0.9/1.5 MB | 651/778 kB | 78/335 kBProgress (4): 1.2/2.7 MB | 0.9/1.5 MB | 655/778 kB | 78/335 kBProgress (4): 1.2/2.7 MB | 0.9/1.5 MB | 659/778 kB | 78/335 kBProgress (4): 1.2/2.7 MB | 0.9/1.5 MB | 664/778 kB | 78/335 kBProgress (4): 1.2/2.7 MB | 0.9/1.5 MB | 668/778 kB | 78/335 kBProgress (4): 1.2/2.7 MB | 0.9/1.5 MB | 672/778 kB | 78/335 kBProgress (4): 1.2/2.7 MB | 0.9/1.5 MB | 676/778 kB | 78/335 kBProgress (4): 1.2/2.7 MB | 0.9/1.5 MB | 680/778 kB | 78/335 kBProgress (4): 1.2/2.7 MB | 0.9/1.5 MB | 684/778 kB | 78/335 kBProgress (4): 1.2/2.7 MB | 0.9/1.5 MB | 688/778 kB | 78/335 kBProgress (4): 1.2/2.7 MB | 0.9/1.5 MB | 688/778 kB | 82/335 kB                                                              Downloading from central: https://repo.maven.apache.org/maven2/org/springframework/boot/spring-boot-loader-tools/2.3.2.RELEASE/spring-boot-loader-tools-2.3.2.RELEASE.jar
Progress (4): 1.2/2.7 MB | 0.9/1.5 MB | 688/778 kB | 86/335 kBProgress (4): 1.2/2.7 MB | 0.9/1.5 MB | 688/778 kB | 90/335 kBProgress (4): 1.2/2.7 MB | 0.9/1.5 MB | 688/778 kB | 94/335 kBProgress (4): 1.2/2.7 MB | 0.9/1.5 MB | 688/778 kB | 98/335 kBProgress (4): 1.2/2.7 MB | 0.9/1.5 MB | 688/778 kB | 102/335 kBProgress (4): 1.2/2.7 MB | 0.9/1.5 MB | 688/778 kB | 106/335 kBProgress (4): 1.2/2.7 MB | 0.9/1.5 MB | 688/778 kB | 111/335 kBProgress (4): 1.2/2.7 MB | 0.9/1.5 MB | 688/778 kB | 115/335 kBProgress (4): 1.2/2.7 MB | 0.9/1.5 MB | 688/778 kB | 119/335 kBProgress (4): 1.2/2.7 MB | 0.9/1.5 MB | 688/778 kB | 123/335 kBProgress (4): 1.2/2.7 MB | 0.9/1.5 MB | 688/778 kB | 127/335 kBProgress (4): 1.2/2.7 MB | 0.9/1.5 MB | 688/778 kB | 131/335 kBProgress (4): 1.2/2.7 MB | 0.9/1.5 MB | 688/778 kB | 135/335 kBProgress (4): 1.2/2.7 MB | 0.9/1.5 MB | 688/778 kB | 139/335 kBProgress (4): 1.2/2.7 MB | 0.9/1.5 MB | 688/778 kB | 143/335 kBProgress (4): 1.2/2.7 MB | 0.9/1.5 MB | 688/778 kB | 143/335 kBProgress (4): 1.2/2.7 MB | 0.9/1.5 MB | 688/778 kB | 143/335 kBProgress (5): 1.2/2.7 MB | 0.9/1.5 MB | 688/778 kB | 143/335 kB | 4.1/240 kBProgress (5): 1.2/2.7 MB | 0.9/1.5 MB | 688/778 kB | 143/335 kB | 8.2/240 kBProgress (5): 1.2/2.7 MB | 0.9/1.5 MB | 688/778 kB | 143/335 kB | 12/240 kB Progress (5): 1.2/2.7 MB | 0.9/1.5 MB | 688/778 kB | 143/335 kB | 16/240 kBProgress (5): 1.2/2.7 MB | 0.9/1.5 MB | 688/778 kB | 143/335 kB | 20/240 kBProgress (5): 1.2/2.7 MB | 0.9/1.5 MB | 688/778 kB | 143/335 kB | 25/240 kBProgress (5): 1.2/2.7 MB | 0.9/1.5 MB | 688/778 kB | 143/335 kB | 29/240 kBProgress (5): 1.2/2.7 MB | 0.9/1.5 MB | 688/778 kB | 143/335 kB | 33/240 kBProgress (5): 1.2/2.7 MB | 0.9/1.5 MB | 688/778 kB | 143/335 kB | 37/240 kBProgress (5): 1.2/2.7 MB | 0.9/1.5 MB | 688/778 kB | 143/335 kB | 41/240 kBProgress (5): 1.2/2.7 MB | 0.9/1.5 MB | 688/778 kB | 143/335 kB | 45/240 kBProgress (5): 1.2/2.7 MB | 0.9/1.5 MB | 688/778 kB | 143/335 kB | 49/240 kBProgress (5): 1.2/2.7 MB | 0.9/1.5 MB | 688/778 kB | 143/335 kB | 53/240 kBProgress (5): 1.2/2.7 MB | 0.9/1.5 MB | 688/778 kB | 143/335 kB | 53/240 kBProgress (5): 1.2/2.7 MB | 0.9/1.5 MB | 688/778 kB | 143/335 kB | 53/240 kBProgress (5): 1.2/2.7 MB | 0.9/1.5 MB | 688/778 kB | 143/335 kB | 53/240 kBProgress (5): 1.2/2.7 MB | 0.9/1.5 MB | 688/778 kB | 143/335 kB | 53/240 kBProgress (5): 1.2/2.7 MB | 0.9/1.5 MB | 688/778 kB | 143/335 kB | 53/240 kBProgress (5): 1.2/2.7 MB | 1.0/1.5 MB | 688/778 kB | 143/335 kB | 53/240 kBProgress (5): 1.2/2.7 MB | 1.0/1.5 MB | 688/778 kB | 143/335 kB | 53/240 kBProgress (5): 1.2/2.7 MB | 1.0/1.5 MB | 688/778 kB | 143/335 kB | 53/240 kBProgress (5): 1.2/2.7 MB | 1.0/1.5 MB | 688/778 kB | 143/335 kB | 53/240 kBProgress (5): 1.2/2.7 MB | 1.0/1.5 MB | 688/778 kB | 143/335 kB | 53/240 kBProgress (5): 1.2/2.7 MB | 1.0/1.5 MB | 688/778 kB | 143/335 kB | 53/240 kBProgress (5): 1.2/2.7 MB | 1.0/1.5 MB | 688/778 kB | 147/335 kB | 53/240 kBProgress (5): 1.2/2.7 MB | 1.0/1.5 MB | 688/778 kB | 152/335 kB | 53/240 kBProgress (5): 1.2/2.7 MB | 1.0/1.5 MB | 688/778 kB | 156/335 kB | 53/240 kBProgress (5): 1.2/2.7 MB | 1.0/1.5 MB | 688/778 kB | 160/335 kB | 53/240 kBProgress (5): 1.2/2.7 MB | 1.0/1.5 MB | 688/778 kB | 164/335 kB | 53/240 kBProgress (5): 1.2/2.7 MB | 1.0/1.5 MB | 688/778 kB | 168/335 kB | 53/240 kBProgress (5): 1.2/2.7 MB | 1.0/1.5 MB | 688/778 kB | 168/335 kB | 53/240 kBProgress (5): 1.2/2.7 MB | 1.0/1.5 MB | 688/778 kB | 168/335 kB | 53/240 kBProgress (5): 1.3/2.7 MB | 1.0/1.5 MB | 688/778 kB | 168/335 kB | 53/240 kBProgress (5): 1.3/2.7 MB | 1.0/1.5 MB | 688/778 kB | 168/335 kB | 53/240 kBProgress (5): 1.3/2.7 MB | 1.0/1.5 MB | 688/778 kB | 168/335 kB | 53/240 kBProgress (5): 1.3/2.7 MB | 1.0/1.5 MB | 692/778 kB | 168/335 kB | 53/240 kBProgress (5): 1.3/2.7 MB | 1.0/1.5 MB | 696/778 kB | 168/335 kB | 53/240 kBProgress (5): 1.3/2.7 MB | 1.0/1.5 MB | 700/778 kB | 168/335 kB | 53/240 kBProgress (5): 1.3/2.7 MB | 1.0/1.5 MB | 705/778 kB | 168/335 kB | 53/240 kBProgress (5): 1.3/2.7 MB | 1.0/1.5 MB | 709/778 kB | 168/335 kB | 53/240 kBProgress (5): 1.3/2.7 MB | 1.0/1.5 MB | 713/778 kB | 168/335 kB | 53/240 kBProgress (5): 1.3/2.7 MB | 1.0/1.5 MB | 717/778 kB | 168/335 kB | 53/240 kBProgress (5): 1.3/2.7 MB | 1.0/1.5 MB | 721/778 kB | 168/335 kB | 53/240 kBProgress (5): 1.3/2.7 MB | 1.0/1.5 MB | 725/778 kB | 168/335 kB | 53/240 kBProgress (5): 1.3/2.7 MB | 1.0/1.5 MB | 729/778 kB | 168/335 kB | 53/240 kBProgress (5): 1.3/2.7 MB | 1.0/1.5 MB | 733/778 kB | 168/335 kB | 53/240 kBProgress (5): 1.3/2.7 MB | 1.0/1.5 MB | 737/778 kB | 168/335 kB | 53/240 kBProgress (5): 1.3/2.7 MB | 1.0/1.5 MB | 741/778 kB | 168/335 kB | 53/240 kBProgress (5): 1.3/2.7 MB | 1.0/1.5 MB | 745/778 kB | 168/335 kB | 53/240 kBProgress (5): 1.3/2.7 MB | 1.0/1.5 MB | 750/778 kB | 168/335 kB | 53/240 kBProgress (5): 1.3/2.7 MB | 1.0/1.5 MB | 754/778 kB | 168/335 kB | 53/240 kBProgress (5): 1.3/2.7 MB | 1.0/1.5 MB | 758/778 kB | 168/335 kB | 53/240 kBProgress (5): 1.3/2.7 MB | 1.0/1.5 MB | 762/778 kB | 168/335 kB | 53/240 kBProgress (5): 1.3/2.7 MB | 1.0/1.5 MB | 766/778 kB | 168/335 kB | 53/240 kBProgress (5): 1.3/2.7 MB | 1.0/1.5 MB | 770/778 kB | 168/335 kB | 53/240 kBProgress (5): 1.3/2.7 MB | 1.0/1.5 MB | 774/778 kB | 168/335 kB | 53/240 kBProgress (5): 1.3/2.7 MB | 1.0/1.5 MB | 778 kB | 168/335 kB | 53/240 kB    Progress (5): 1.3/2.7 MB | 1.0/1.5 MB | 778 kB | 168/335 kB | 53/240 kBProgress (5): 1.3/2.7 MB | 1.0/1.5 MB | 778 kB | 168/335 kB | 53/240 kBProgress (5): 1.3/2.7 MB | 1.0/1.5 MB | 778 kB | 168/335 kB | 53/240 kBProgress (5): 1.3/2.7 MB | 1.0/1.5 MB | 778 kB | 168/335 kB | 53/240 kBProgress (5): 1.3/2.7 MB | 1.0/1.5 MB | 778 kB | 168/335 kB | 53/240 kBProgress (5): 1.3/2.7 MB | 1.0/1.5 MB | 778 kB | 168/335 kB | 53/240 kBProgress (5): 1.3/2.7 MB | 1.1/1.5 MB | 778 kB | 168/335 kB | 53/240 kBProgress (5): 1.3/2.7 MB | 1.1/1.5 MB | 778 kB | 172/335 kB | 53/240 kBProgress (5): 1.3/2.7 MB | 1.1/1.5 MB | 778 kB | 176/335 kB | 53/240 kBProgress (5): 1.3/2.7 MB | 1.1/1.5 MB | 778 kB | 180/335 kB | 53/240 kBProgress (5): 1.3/2.7 MB | 1.1/1.5 MB | 778 kB | 180/335 kB | 57/240 kBProgress (5): 1.3/2.7 MB | 1.1/1.5 MB | 778 kB | 180/335 kB | 61/240 kBProgress (5): 1.3/2.7 MB | 1.1/1.5 MB | 778 kB | 180/335 kB | 66/240 kBProgress (5): 1.3/2.7 MB | 1.1/1.5 MB | 778 kB | 180/335 kB | 70/240 kBProgress (5): 1.3/2.7 MB | 1.1/1.5 MB | 778 kB | 180/335 kB | 74/240 kBProgress (5): 1.3/2.7 MB | 1.1/1.5 MB | 778 kB | 180/335 kB | 78/240 kBProgress (5): 1.3/2.7 MB | 1.1/1.5 MB | 778 kB | 180/335 kB | 82/240 kBProgress (5): 1.3/2.7 MB | 1.1/1.5 MB | 778 kB | 180/335 kB | 86/240 kBProgress (5): 1.3/2.7 MB | 1.1/1.5 MB | 778 kB | 180/335 kB | 90/240 kBProgress (5): 1.3/2.7 MB | 1.1/1.5 MB | 778 kB | 180/335 kB | 94/240 kBProgress (5): 1.3/2.7 MB | 1.1/1.5 MB | 778 kB | 180/335 kB | 98/240 kBProgress (5): 1.3/2.7 MB | 1.1/1.5 MB | 778 kB | 180/335 kB | 102/240 kBProgress (5): 1.3/2.7 MB | 1.1/1.5 MB | 778 kB | 180/335 kB | 106/240 kBProgress (5): 1.3/2.7 MB | 1.1/1.5 MB | 778 kB | 180/335 kB | 111/240 kBProgress (5): 1.3/2.7 MB | 1.1/1.5 MB | 778 kB | 180/335 kB | 115/240 kBProgress (5): 1.3/2.7 MB | 1.1/1.5 MB | 778 kB | 180/335 kB | 119/240 kBProgress (5): 1.3/2.7 MB | 1.1/1.5 MB | 778 kB | 180/335 kB | 123/240 kBProgress (5): 1.3/2.7 MB | 1.1/1.5 MB | 778 kB | 180/335 kB | 127/240 kBProgress (5): 1.3/2.7 MB | 1.1/1.5 MB | 778 kB | 180/335 kB | 127/240 kBProgress (5): 1.3/2.7 MB | 1.1/1.5 MB | 778 kB | 180/335 kB | 127/240 kBProgress (5): 1.3/2.7 MB | 1.1/1.5 MB | 778 kB | 180/335 kB | 127/240 kBProgress (5): 1.3/2.7 MB | 1.1/1.5 MB | 778 kB | 180/335 kB | 127/240 kBProgress (5): 1.3/2.7 MB | 1.1/1.5 MB | 778 kB | 184/335 kB | 127/240 kBProgress (5): 1.3/2.7 MB | 1.1/1.5 MB | 778 kB | 188/335 kB | 127/240 kBProgress (5): 1.3/2.7 MB | 1.1/1.5 MB | 778 kB | 193/335 kB | 127/240 kBProgress (5): 1.3/2.7 MB | 1.1/1.5 MB | 778 kB | 197/335 kB | 127/240 kBProgress (5): 1.3/2.7 MB | 1.1/1.5 MB | 778 kB | 201/335 kB | 127/240 kBProgress (5): 1.3/2.7 MB | 1.1/1.5 MB | 778 kB | 205/335 kB | 127/240 kBProgress (5): 1.3/2.7 MB | 1.1/1.5 MB | 778 kB | 209/335 kB | 127/240 kBProgress (5): 1.3/2.7 MB | 1.1/1.5 MB | 778 kB | 213/335 kB | 127/240 kBProgress (5): 1.3/2.7 MB | 1.1/1.5 MB | 778 kB | 217/335 kB | 127/240 kBProgress (5): 1.3/2.7 MB | 1.1/1.5 MB | 778 kB | 221/335 kB | 127/240 kBProgress (5): 1.3/2.7 MB | 1.1/1.5 MB | 778 kB | 225/335 kB | 127/240 kBProgress (5): 1.3/2.7 MB | 1.1/1.5 MB | 778 kB | 229/335 kB | 127/240 kBProgress (5): 1.3/2.7 MB | 1.1/1.5 MB | 778 kB | 233/335 kB | 127/240 kBProgress (5): 1.3/2.7 MB | 1.1/1.5 MB | 778 kB | 238/335 kB | 127/240 kBProgress (5): 1.3/2.7 MB | 1.1/1.5 MB | 778 kB | 242/335 kB | 127/240 kBProgress (5): 1.3/2.7 MB | 1.1/1.5 MB | 778 kB | 246/335 kB | 127/240 kBProgress (5): 1.3/2.7 MB | 1.1/1.5 MB | 778 kB | 246/335 kB | 127/240 kBProgress (5): 1.3/2.7 MB | 1.1/1.5 MB | 778 kB | 246/335 kB | 127/240 kBProgress (5): 1.3/2.7 MB | 1.1/1.5 MB | 778 kB | 246/335 kB | 127/240 kBProgress (5): 1.3/2.7 MB | 1.1/1.5 MB | 778 kB | 246/335 kB | 127/240 kBProgress (5): 1.3/2.7 MB | 1.1/1.5 MB | 778 kB | 246/335 kB | 127/240 kBProgress (5): 1.3/2.7 MB | 1.1/1.5 MB | 778 kB | 246/335 kB | 131/240 kBProgress (5): 1.3/2.7 MB | 1.1/1.5 MB | 778 kB | 246/335 kB | 135/240 kBProgress (5): 1.3/2.7 MB | 1.1/1.5 MB | 778 kB | 246/335 kB | 139/240 kBProgress (5): 1.3/2.7 MB | 1.1/1.5 MB | 778 kB | 246/335 kB | 143/240 kBProgress (5): 1.3/2.7 MB | 1.1/1.5 MB | 778 kB | 246/335 kB | 147/240 kBProgress (5): 1.3/2.7 MB | 1.1/1.5 MB | 778 kB | 246/335 kB | 151/240 kBProgress (5): 1.3/2.7 MB | 1.1/1.5 MB | 778 kB | 246/335 kB | 156/240 kBProgress (5): 1.3/2.7 MB | 1.1/1.5 MB | 778 kB | 246/335 kB | 160/240 kBProgress (5): 1.3/2.7 MB | 1.1/1.5 MB | 778 kB | 246/335 kB | 164/240 kBProgress (5): 1.4/2.7 MB | 1.1/1.5 MB | 778 kB | 246/335 kB | 164/240 kBProgress (5): 1.4/2.7 MB | 1.1/1.5 MB | 778 kB | 246/335 kB | 164/240 kBProgress (5): 1.4/2.7 MB | 1.1/1.5 MB | 778 kB | 246/335 kB | 164/240 kBProgress (5): 1.4/2.7 MB | 1.1/1.5 MB | 778 kB | 246/335 kB | 164/240 kBProgress (5): 1.4/2.7 MB | 1.1/1.5 MB | 778 kB | 246/335 kB | 164/240 kBProgress (5): 1.4/2.7 MB | 1.1/1.5 MB | 778 kB | 246/335 kB | 164/240 kBProgress (5): 1.5/2.7 MB | 1.1/1.5 MB | 778 kB | 246/335 kB | 164/240 kBProgress (5): 1.5/2.7 MB | 1.1/1.5 MB | 778 kB | 246/335 kB | 164/240 kBProgress (5): 1.5/2.7 MB | 1.1/1.5 MB | 778 kB | 250/335 kB | 164/240 kBProgress (5): 1.5/2.7 MB | 1.1/1.5 MB | 778 kB | 254/335 kB | 164/240 kBProgress (5): 1.5/2.7 MB | 1.1/1.5 MB | 778 kB | 258/335 kB | 164/240 kBProgress (5): 1.5/2.7 MB | 1.1/1.5 MB | 778 kB | 262/335 kB | 164/240 kBProgress (5): 1.5/2.7 MB | 1.1/1.5 MB | 778 kB | 266/335 kB | 164/240 kBProgress (5): 1.5/2.7 MB | 1.1/1.5 MB | 778 kB | 270/335 kB | 164/240 kBProgress (5): 1.5/2.7 MB | 1.1/1.5 MB | 778 kB | 274/335 kB | 164/240 kBProgress (5): 1.5/2.7 MB | 1.1/1.5 MB | 778 kB | 279/335 kB | 164/240 kBProgress (5): 1.5/2.7 MB | 1.1/1.5 MB | 778 kB | 283/335 kB | 164/240 kBProgress (5): 1.5/2.7 MB | 1.1/1.5 MB | 778 kB | 287/335 kB | 164/240 kBProgress (5): 1.5/2.7 MB | 1.1/1.5 MB | 778 kB | 287/335 kB | 164/240 kBProgress (5): 1.5/2.7 MB | 1.1/1.5 MB | 778 kB | 287/335 kB | 164/240 kBProgress (5): 1.5/2.7 MB | 1.1/1.5 MB | 778 kB | 287/335 kB | 164/240 kBProgress (5): 1.5/2.7 MB | 1.1/1.5 MB | 778 kB | 287/335 kB | 164/240 kBProgress (5): 1.5/2.7 MB | 1.1/1.5 MB | 778 kB | 287/335 kB | 164/240 kB                                                                        Downloaded from central: https://repo.maven.apache.org/maven2/org/apache/httpcomponents/httpclient/4.5.12/httpclient-4.5.12.jar (778 kB at 4.2 MB/s)
Downloading from central: https://repo.maven.apache.org/maven2/org/apache/maven/shared/maven-common-artifact-filters/3.1.0/maven-common-artifact-filters-3.1.0.jar
Progress (4): 1.5/2.7 MB | 1.1/1.5 MB | 287/335 kB | 168/240 kBProgress (4): 1.5/2.7 MB | 1.1/1.5 MB | 287/335 kB | 172/240 kBProgress (4): 1.5/2.7 MB | 1.1/1.5 MB | 287/335 kB | 176/240 kBProgress (4): 1.5/2.7 MB | 1.1/1.5 MB | 287/335 kB | 180/240 kBProgress (4): 1.5/2.7 MB | 1.1/1.5 MB | 287/335 kB | 184/240 kBProgress (4): 1.5/2.7 MB | 1.1/1.5 MB | 287/335 kB | 188/240 kBProgress (4): 1.5/2.7 MB | 1.1/1.5 MB | 287/335 kB | 192/240 kBProgress (4): 1.5/2.7 MB | 1.1/1.5 MB | 287/335 kB | 197/240 kBProgress (4): 1.5/2.7 MB | 1.1/1.5 MB | 287/335 kB | 201/240 kBProgress (4): 1.5/2.7 MB | 1.1/1.5 MB | 287/335 kB | 205/240 kBProgress (4): 1.5/2.7 MB | 1.1/1.5 MB | 287/335 kB | 209/240 kBProgress (4): 1.5/2.7 MB | 1.1/1.5 MB | 287/335 kB | 213/240 kBProgress (4): 1.5/2.7 MB | 1.1/1.5 MB | 287/335 kB | 213/240 kBProgress (4): 1.5/2.7 MB | 1.1/1.5 MB | 287/335 kB | 213/240 kBProgress (4): 1.5/2.7 MB | 1.2/1.5 MB | 287/335 kB | 213/240 kBProgress (4): 1.5/2.7 MB | 1.2/1.5 MB | 287/335 kB | 213/240 kBProgress (4): 1.5/2.7 MB | 1.2/1.5 MB | 287/335 kB | 213/240 kBProgress (4): 1.5/2.7 MB | 1.2/1.5 MB | 287/335 kB | 213/240 kBProgress (5): 1.5/2.7 MB | 1.2/1.5 MB | 287/335 kB | 213/240 kB | 4.1/61 kBProgress (5): 1.5/2.7 MB | 1.2/1.5 MB | 287/335 kB | 213/240 kB | 8.2/61 kBProgress (5): 1.5/2.7 MB | 1.2/1.5 MB | 287/335 kB | 213/240 kB | 12/61 kB Progress (5): 1.5/2.7 MB | 1.2/1.5 MB | 287/335 kB | 213/240 kB | 16/61 kBProgress (5): 1.5/2.7 MB | 1.2/1.5 MB | 291/335 kB | 213/240 kB | 16/61 kBProgress (5): 1.5/2.7 MB | 1.2/1.5 MB | 295/335 kB | 213/240 kB | 16/61 kBProgress (5): 1.5/2.7 MB | 1.2/1.5 MB | 299/335 kB | 213/240 kB | 16/61 kBProgress (5): 1.5/2.7 MB | 1.2/1.5 MB | 303/335 kB | 213/240 kB | 16/61 kBProgress (5): 1.5/2.7 MB | 1.2/1.5 MB | 307/335 kB | 213/240 kB | 16/61 kBProgress (5): 1.5/2.7 MB | 1.2/1.5 MB | 311/335 kB | 213/240 kB | 16/61 kBProgress (5): 1.5/2.7 MB | 1.2/1.5 MB | 315/335 kB | 213/240 kB | 16/61 kBProgress (5): 1.5/2.7 MB | 1.2/1.5 MB | 319/335 kB | 213/240 kB | 16/61 kBProgress (5): 1.5/2.7 MB | 1.2/1.5 MB | 324/335 kB | 213/240 kB | 16/61 kBProgress (5): 1.5/2.7 MB | 1.2/1.5 MB | 328/335 kB | 213/240 kB | 16/61 kBProgress (5): 1.5/2.7 MB | 1.2/1.5 MB | 328/335 kB | 213/240 kB | 20/61 kBProgress (5): 1.5/2.7 MB | 1.2/1.5 MB | 328/335 kB | 213/240 kB | 25/61 kBProgress (5): 1.5/2.7 MB | 1.2/1.5 MB | 328/335 kB | 213/240 kB | 29/61 kBProgress (5): 1.5/2.7 MB | 1.2/1.5 MB | 328/335 kB | 213/240 kB | 33/61 kBProgress (5): 1.5/2.7 MB | 1.2/1.5 MB | 328/335 kB | 213/240 kB | 37/61 kBProgress (5): 1.5/2.7 MB | 1.2/1.5 MB | 328/335 kB | 213/240 kB | 41/61 kBProgress (5): 1.5/2.7 MB | 1.2/1.5 MB | 328/335 kB | 213/240 kB | 45/61 kBProgress (5): 1.5/2.7 MB | 1.2/1.5 MB | 328/335 kB | 213/240 kB | 49/61 kBProgress (5): 1.5/2.7 MB | 1.2/1.5 MB | 328/335 kB | 213/240 kB | 53/61 kBProgress (5): 1.5/2.7 MB | 1.2/1.5 MB | 328/335 kB | 213/240 kB | 57/61 kBProgress (5): 1.5/2.7 MB | 1.2/1.5 MB | 328/335 kB | 213/240 kB | 61 kB   Progress (5): 1.5/2.7 MB | 1.2/1.5 MB | 328/335 kB | 213/240 kB | 61 kBProgress (5): 1.5/2.7 MB | 1.2/1.5 MB | 328/335 kB | 213/240 kB | 61 kBProgress (5): 1.5/2.7 MB | 1.2/1.5 MB | 328/335 kB | 213/240 kB | 61 kBProgress (5): 1.5/2.7 MB | 1.2/1.5 MB | 328/335 kB | 213/240 kB | 61 kBProgress (5): 1.5/2.7 MB | 1.2/1.5 MB | 328/335 kB | 217/240 kB | 61 kBProgress (5): 1.5/2.7 MB | 1.2/1.5 MB | 328/335 kB | 221/240 kB | 61 kBProgress (5): 1.5/2.7 MB | 1.2/1.5 MB | 328/335 kB | 225/240 kB | 61 kBProgress (5): 1.5/2.7 MB | 1.2/1.5 MB | 328/335 kB | 229/240 kB | 61 kBProgress (5): 1.5/2.7 MB | 1.2/1.5 MB | 328/335 kB | 233/240 kB | 61 kBProgress (5): 1.5/2.7 MB | 1.2/1.5 MB | 328/335 kB | 237/240 kB | 61 kBProgress (5): 1.5/2.7 MB | 1.2/1.5 MB | 328/335 kB | 240 kB | 61 kB    Progress (5): 1.5/2.7 MB | 1.2/1.5 MB | 332/335 kB | 240 kB | 61 kBProgress (5): 1.5/2.7 MB | 1.2/1.5 MB | 335 kB | 240 kB | 61 kB    Progress (5): 1.5/2.7 MB | 1.2/1.5 MB | 335 kB | 240 kB | 61 kBProgress (5): 1.5/2.7 MB | 1.2/1.5 MB | 335 kB | 240 kB | 61 kBProgress (5): 1.5/2.7 MB | 1.2/1.5 MB | 335 kB | 240 kB | 61 kBProgress (5): 1.5/2.7 MB | 1.2/1.5 MB | 335 kB | 240 kB | 61 kBProgress (5): 1.5/2.7 MB | 1.2/1.5 MB | 335 kB | 240 kB | 61 kBProgress (5): 1.5/2.7 MB | 1.2/1.5 MB | 335 kB | 240 kB | 61 kBProgress (5): 1.5/2.7 MB | 1.2/1.5 MB | 335 kB | 240 kB | 61 kBProgress (5): 1.5/2.7 MB | 1.3/1.5 MB | 335 kB | 240 kB | 61 kBProgress (5): 1.5/2.7 MB | 1.3/1.5 MB | 335 kB | 240 kB | 61 kBProgress (5): 1.5/2.7 MB | 1.3/1.5 MB | 335 kB | 240 kB | 61 kBProgress (5): 1.5/2.7 MB | 1.3/1.5 MB | 335 kB | 240 kB | 61 kBProgress (5): 1.5/2.7 MB | 1.3/1.5 MB | 335 kB | 240 kB | 61 kBProgress (5): 1.5/2.7 MB | 1.3/1.5 MB | 335 kB | 240 kB | 61 kBProgress (5): 1.6/2.7 MB | 1.3/1.5 MB | 335 kB | 240 kB | 61 kBProgress (5): 1.6/2.7 MB | 1.3/1.5 MB | 335 kB | 240 kB | 61 kBProgress (5): 1.6/2.7 MB | 1.3/1.5 MB | 335 kB | 240 kB | 61 kBProgress (5): 1.6/2.7 MB | 1.3/1.5 MB | 335 kB | 240 kB | 61 kBProgress (5): 1.6/2.7 MB | 1.3/1.5 MB | 335 kB | 240 kB | 61 kBProgress (5): 1.6/2.7 MB | 1.3/1.5 MB | 335 kB | 240 kB | 61 kBProgress (5): 1.7/2.7 MB | 1.3/1.5 MB | 335 kB | 240 kB | 61 kBProgress (5): 1.7/2.7 MB | 1.3/1.5 MB | 335 kB | 240 kB | 61 kB                                                               Downloaded from central: https://repo.maven.apache.org/maven2/commons-codec/commons-codec/1.11/commons-codec-1.11.jar (335 kB at 1.7 MB/s)
Downloaded from central: https://repo.maven.apache.org/maven2/org/springframework/boot/spring-boot-loader-tools/2.3.2.RELEASE/spring-boot-loader-tools-2.3.2.RELEASE.jar (240 kB at 1.2 MB/s)
Downloading from central: https://repo.maven.apache.org/maven2/org/codehaus/plexus/plexus-component-annotations/1.5.5/plexus-component-annotations-1.5.5.jar
Downloaded from central: https://repo.maven.apache.org/maven2/org/apache/maven/shared/maven-common-artifact-filters/3.1.0/maven-common-artifact-filters-3.1.0.jar (61 kB at 300 kB/s)
Downloading from central: https://repo.maven.apache.org/maven2/org/apache/maven/shared/maven-shared-utils/3.1.0/maven-shared-utils-3.1.0.jar
Progress (2): 1.7/2.7 MB | 1.3/1.5 MBProgress (2): 1.7/2.7 MB | 1.3/1.5 MBProgress (2): 1.7/2.7 MB | 1.3/1.5 MBProgress (2): 1.7/2.7 MB | 1.3/1.5 MBProgress (2): 1.7/2.7 MB | 1.3/1.5 MB                                     Downloading from central: https://repo.maven.apache.org/maven2/org/apache/maven/maven-plugin-api/3.6.3/maven-plugin-api-3.6.3.jar
Progress (3): 1.7/2.7 MB | 1.3/1.5 MB | 4.1/4.2 kBProgress (3): 1.7/2.7 MB | 1.3/1.5 MB | 4.2 kB    Progress (3): 1.7/2.7 MB | 1.3/1.5 MB | 4.2 kBProgress (3): 1.7/2.7 MB | 1.3/1.5 MB | 4.2 kBProgress (3): 1.7/2.7 MB | 1.4/1.5 MB | 4.2 kBProgress (3): 1.7/2.7 MB | 1.4/1.5 MB | 4.2 kBProgress (3): 1.7/2.7 MB | 1.4/1.5 MB | 4.2 kBProgress (3): 1.7/2.7 MB | 1.4/1.5 MB | 4.2 kBProgress (3): 1.7/2.7 MB | 1.4/1.5 MB | 4.2 kBProgress (3): 1.7/2.7 MB | 1.4/1.5 MB | 4.2 kBProgress (3): 1.7/2.7 MB | 1.4/1.5 MB | 4.2 kBProgress (3): 1.7/2.7 MB | 1.4/1.5 MB | 4.2 kB                                              Downloaded from central: https://repo.maven.apache.org/maven2/org/codehaus/plexus/plexus-component-annotations/1.5.5/plexus-component-annotations-1.5.5.jar (4.2 kB at 19 kB/s)
Progress (3): 1.7/2.7 MB | 1.4/1.5 MB | 4.1/47 kBProgress (3): 1.7/2.7 MB | 1.4/1.5 MB | 8.2/47 kBProgress (3): 1.7/2.7 MB | 1.4/1.5 MB | 12/47 kB Progress (3): 1.7/2.7 MB | 1.4/1.5 MB | 16/47 kBProgress (3): 1.7/2.7 MB | 1.4/1.5 MB | 20/47 kBProgress (3): 1.7/2.7 MB | 1.4/1.5 MB | 25/47 kBProgress (3): 1.7/2.7 MB | 1.4/1.5 MB | 29/47 kBProgress (3): 1.7/2.7 MB | 1.4/1.5 MB | 33/47 kBProgress (3): 1.7/2.7 MB | 1.4/1.5 MB | 37/47 kBProgress (3): 1.7/2.7 MB | 1.4/1.5 MB | 41/47 kBProgress (3): 1.7/2.7 MB | 1.4/1.5 MB | 45/47 kBProgress (3): 1.7/2.7 MB | 1.4/1.5 MB | 47 kB   Progress (4): 1.7/2.7 MB | 1.4/1.5 MB | 47 kB | 4.1/164 kBProgress (4): 1.7/2.7 MB | 1.4/1.5 MB | 47 kB | 8.2/164 kBProgress (4): 1.7/2.7 MB | 1.4/1.5 MB | 47 kB | 12/164 kB Progress (4): 1.7/2.7 MB | 1.4/1.5 MB | 47 kB | 16/164 kBProgress (4): 1.7/2.7 MB | 1.4/1.5 MB | 47 kB | 20/164 kBProgress (4): 1.7/2.7 MB | 1.4/1.5 MB | 47 kB | 25/164 kBProgress (4): 1.7/2.7 MB | 1.4/1.5 MB | 47 kB | 29/164 kBProgress (4): 1.7/2.7 MB | 1.4/1.5 MB | 47 kB | 33/164 kBProgress (4): 1.7/2.7 MB | 1.4/1.5 MB | 47 kB | 37/164 kBProgress (4): 1.7/2.7 MB | 1.4/1.5 MB | 47 kB | 41/164 kBProgress (4): 1.7/2.7 MB | 1.4/1.5 MB | 47 kB | 45/164 kBProgress (4): 1.7/2.7 MB | 1.4/1.5 MB | 47 kB | 49/164 kBProgress (4): 1.7/2.7 MB | 1.4/1.5 MB | 47 kB | 53/164 kBProgress (4): 1.7/2.7 MB | 1.4/1.5 MB | 47 kB | 57/164 kBProgress (4): 1.7/2.7 MB | 1.4/1.5 MB | 47 kB | 61/164 kBProgress (4): 1.7/2.7 MB | 1.4/1.5 MB | 47 kB | 66/164 kBProgress (4): 1.7/2.7 MB | 1.4/1.5 MB | 47 kB | 70/164 kBProgress (4): 1.7/2.7 MB | 1.4/1.5 MB | 47 kB | 74/164 kBProgress (4): 1.7/2.7 MB | 1.4/1.5 MB | 47 kB | 78/164 kBProgress (4): 1.7/2.7 MB | 1.4/1.5 MB | 47 kB | 82/164 kBProgress (4): 1.7/2.7 MB | 1.4/1.5 MB | 47 kB | 86/164 kBProgress (4): 1.7/2.7 MB | 1.4/1.5 MB | 47 kB | 90/164 kBProgress (4): 1.7/2.7 MB | 1.4/1.5 MB | 47 kB | 94/164 kBProgress (4): 1.7/2.7 MB | 1.4/1.5 MB | 47 kB | 98/164 kBProgress (4): 1.7/2.7 MB | 1.4/1.5 MB | 47 kB | 102/164 kBProgress (4): 1.7/2.7 MB | 1.4/1.5 MB | 47 kB | 106/164 kBProgress (4): 1.7/2.7 MB | 1.4/1.5 MB | 47 kB | 111/164 kBProgress (4): 1.7/2.7 MB | 1.4/1.5 MB | 47 kB | 111/164 kBProgress (4): 1.7/2.7 MB | 1.4/1.5 MB | 47 kB | 111/164 kBProgress (4): 1.7/2.7 MB | 1.4/1.5 MB | 47 kB | 111/164 kBProgress (4): 1.7/2.7 MB | 1.4/1.5 MB | 47 kB | 111/164 kBProgress (4): 1.7/2.7 MB | 1.4/1.5 MB | 47 kB | 111/164 kBProgress (4): 1.7/2.7 MB | 1.5/1.5 MB | 47 kB | 111/164 kBProgress (4): 1.7/2.7 MB | 1.5/1.5 MB | 47 kB | 111/164 kBProgress (4): 1.7/2.7 MB | 1.5/1.5 MB | 47 kB | 111/164 kBProgress (4): 1.7/2.7 MB | 1.5/1.5 MB | 47 kB | 111/164 kBProgress (4): 1.7/2.7 MB | 1.5/1.5 MB | 47 kB | 111/164 kBProgress (4): 1.7/2.7 MB | 1.5/1.5 MB | 47 kB | 111/164 kBProgress (4): 1.7/2.7 MB | 1.5/1.5 MB | 47 kB | 111/164 kBProgress (4): 1.7/2.7 MB | 1.5 MB | 47 kB | 111/164 kB    Progress (4): 1.7/2.7 MB | 1.5 MB | 47 kB | 111/164 kBProgress (4): 1.7/2.7 MB | 1.5 MB | 47 kB | 111/164 kBProgress (4): 1.7/2.7 MB | 1.5 MB | 47 kB | 111/164 kB                                                      Downloading from central: https://repo.maven.apache.org/maven2/org/eclipse/sisu/org.eclipse.sisu.plexus/0.3.4/org.eclipse.sisu.plexus-0.3.4.jar
Downloaded from central: https://repo.maven.apache.org/maven2/org/apache/maven/maven-plugin-api/3.6.3/maven-plugin-api-3.6.3.jar (47 kB at 204 kB/s)
Downloading from central: https://repo.maven.apache.org/maven2/javax/enterprise/cdi-api/1.0/cdi-api-1.0.jar
Progress (3): 1.8/2.7 MB | 1.5 MB | 111/164 kBProgress (3): 1.8/2.7 MB | 1.5 MB | 111/164 kBProgress (3): 1.8/2.7 MB | 1.5 MB | 111/164 kBProgress (3): 1.8/2.7 MB | 1.5 MB | 111/164 kBProgress (3): 1.8/2.7 MB | 1.5 MB | 111/164 kBProgress (3): 1.8/2.7 MB | 1.5 MB | 111/164 kBProgress (3): 1.9/2.7 MB | 1.5 MB | 111/164 kBProgress (3): 1.9/2.7 MB | 1.5 MB | 111/164 kBProgress (3): 1.9/2.7 MB | 1.5 MB | 111/164 kBProgress (3): 1.9/2.7 MB | 1.5 MB | 111/164 kBProgress (3): 1.9/2.7 MB | 1.5 MB | 111/164 kBProgress (3): 1.9/2.7 MB | 1.5 MB | 111/164 kBProgress (3): 2.0/2.7 MB | 1.5 MB | 111/164 kBProgress (3): 2.0/2.7 MB | 1.5 MB | 111/164 kBProgress (3): 2.0/2.7 MB | 1.5 MB | 111/164 kBProgress (3): 2.0/2.7 MB | 1.5 MB | 111/164 kBProgress (3): 2.0/2.7 MB | 1.5 MB | 111/164 kBProgress (3): 2.0/2.7 MB | 1.5 MB | 111/164 kBProgress (3): 2.1/2.7 MB | 1.5 MB | 111/164 kBProgress (3): 2.1/2.7 MB | 1.5 MB | 111/164 kBProgress (3): 2.1/2.7 MB | 1.5 MB | 111/164 kBProgress (3): 2.1/2.7 MB | 1.5 MB | 111/164 kBProgress (3): 2.1/2.7 MB | 1.5 MB | 111/164 kBProgress (3): 2.1/2.7 MB | 1.5 MB | 111/164 kBProgress (3): 2.2/2.7 MB | 1.5 MB | 111/164 kBProgress (3): 2.2/2.7 MB | 1.5 MB | 111/164 kBProgress (3): 2.2/2.7 MB | 1.5 MB | 111/164 kBProgress (3): 2.2/2.7 MB | 1.5 MB | 111/164 kBProgress (3): 2.2/2.7 MB | 1.5 MB | 111/164 kBProgress (3): 2.2/2.7 MB | 1.5 MB | 111/164 kBProgress (3): 2.3/2.7 MB | 1.5 MB | 111/164 kBProgress (3): 2.3/2.7 MB | 1.5 MB | 111/164 kBProgress (3): 2.3/2.7 MB | 1.5 MB | 111/164 kBProgress (3): 2.3/2.7 MB | 1.5 MB | 111/164 kBProgress (4): 2.3/2.7 MB | 1.5 MB | 111/164 kB | 4.1/205 kBProgress (4): 2.3/2.7 MB | 1.5 MB | 111/164 kB | 8.2/205 kBProgress (4): 2.3/2.7 MB | 1.5 MB | 111/164 kB | 12/205 kB Progress (4): 2.3/2.7 MB | 1.5 MB | 111/164 kB | 16/205 kBProgress (4): 2.3/2.7 MB | 1.5 MB | 111/164 kB | 19/205 kBProgress (4): 2.3/2.7 MB | 1.5 MB | 111/164 kB | 23/205 kBProgress (4): 2.3/2.7 MB | 1.5 MB | 111/164 kB | 27/205 kBProgress (4): 2.3/2.7 MB | 1.5 MB | 111/164 kB | 31/205 kBProgress (4): 2.3/2.7 MB | 1.5 MB | 111/164 kB | 35/205 kBProgress (4): 2.3/2.7 MB | 1.5 MB | 111/164 kB | 39/205 kBProgress (4): 2.3/2.7 MB | 1.5 MB | 111/164 kB | 43/205 kBProgress (4): 2.3/2.7 MB | 1.5 MB | 111/164 kB | 47/205 kBProgress (4): 2.3/2.7 MB | 1.5 MB | 111/164 kB | 51/205 kBProgress (4): 2.3/2.7 MB | 1.5 MB | 111/164 kB | 55/205 kBProgress (4): 2.3/2.7 MB | 1.5 MB | 111/164 kB | 59/205 kBProgress (4): 2.3/2.7 MB | 1.5 MB | 111/164 kB | 64/205 kBProgress (4): 2.3/2.7 MB | 1.5 MB | 111/164 kB | 68/205 kBProgress (4): 2.3/2.7 MB | 1.5 MB | 111/164 kB | 72/205 kBProgress (4): 2.3/2.7 MB | 1.5 MB | 111/164 kB | 76/205 kBProgress (4): 2.3/2.7 MB | 1.5 MB | 111/164 kB | 80/205 kBProgress (4): 2.3/2.7 MB | 1.5 MB | 111/164 kB | 84/205 kBProgress (4): 2.3/2.7 MB | 1.5 MB | 111/164 kB | 88/205 kBProgress (4): 2.3/2.7 MB | 1.5 MB | 111/164 kB | 92/205 kBProgress (4): 2.3/2.7 MB | 1.5 MB | 111/164 kB | 96/205 kBProgress (4): 2.3/2.7 MB | 1.5 MB | 111/164 kB | 100/205 kBProgress (4): 2.3/2.7 MB | 1.5 MB | 111/164 kB | 105/205 kBProgress (4): 2.3/2.7 MB | 1.5 MB | 111/164 kB | 109/205 kBProgress (4): 2.3/2.7 MB | 1.5 MB | 111/164 kB | 113/205 kBProgress (4): 2.3/2.7 MB | 1.5 MB | 111/164 kB | 117/205 kBProgress (4): 2.3/2.7 MB | 1.5 MB | 111/164 kB | 121/205 kBProgress (4): 2.3/2.7 MB | 1.5 MB | 111/164 kB | 125/205 kBProgress (4): 2.3/2.7 MB | 1.5 MB | 111/164 kB | 129/205 kBProgress (4): 2.3/2.7 MB | 1.5 MB | 111/164 kB | 133/205 kBProgress (4): 2.3/2.7 MB | 1.5 MB | 111/164 kB | 137/205 kBProgress (4): 2.3/2.7 MB | 1.5 MB | 111/164 kB | 141/205 kBProgress (4): 2.3/2.7 MB | 1.5 MB | 111/164 kB | 145/205 kBProgress (4): 2.3/2.7 MB | 1.5 MB | 111/164 kB | 150/205 kBProgress (4): 2.3/2.7 MB | 1.5 MB | 111/164 kB | 154/205 kBProgress (4): 2.3/2.7 MB | 1.5 MB | 111/164 kB | 158/205 kBProgress (4): 2.3/2.7 MB | 1.5 MB | 111/164 kB | 162/205 kBProgress (4): 2.3/2.7 MB | 1.5 MB | 111/164 kB | 166/205 kBProgress (4): 2.3/2.7 MB | 1.5 MB | 111/164 kB | 170/205 kBProgress (4): 2.3/2.7 MB | 1.5 MB | 111/164 kB | 174/205 kBProgress (4): 2.3/2.7 MB | 1.5 MB | 111/164 kB | 178/205 kBProgress (4): 2.3/2.7 MB | 1.5 MB | 111/164 kB | 182/205 kBProgress (4): 2.3/2.7 MB | 1.5 MB | 111/164 kB | 186/205 kBProgress (4): 2.3/2.7 MB | 1.5 MB | 111/164 kB | 191/205 kBProgress (4): 2.3/2.7 MB | 1.5 MB | 111/164 kB | 195/205 kBProgress (4): 2.3/2.7 MB | 1.5 MB | 111/164 kB | 199/205 kBProgress (4): 2.3/2.7 MB | 1.5 MB | 111/164 kB | 203/205 kBProgress (4): 2.3/2.7 MB | 1.5 MB | 111/164 kB | 205 kB                                                           Downloaded from central: https://repo.maven.apache.org/maven2/net/java/dev/jna/jna/5.5.0/jna-5.5.0.jar (1.5 MB at 5.4 MB/s)
Downloading from central: https://repo.maven.apache.org/maven2/javax/annotation/jsr250-api/1.0/jsr250-api-1.0.jar
Progress (4): 2.3/2.7 MB | 111/164 kB | 205 kB | 4.1/45 kBProgress (4): 2.3/2.7 MB | 111/164 kB | 205 kB | 8.2/45 kBProgress (4): 2.3/2.7 MB | 111/164 kB | 205 kB | 12/45 kB Progress (4): 2.3/2.7 MB | 111/164 kB | 205 kB | 16/45 kBProgress (4): 2.3/2.7 MB | 111/164 kB | 205 kB | 20/45 kBProgress (4): 2.3/2.7 MB | 111/164 kB | 205 kB | 25/45 kBProgress (4): 2.3/2.7 MB | 111/164 kB | 205 kB | 29/45 kBProgress (4): 2.3/2.7 MB | 111/164 kB | 205 kB | 33/45 kBProgress (4): 2.3/2.7 MB | 111/164 kB | 205 kB | 37/45 kBProgress (4): 2.3/2.7 MB | 111/164 kB | 205 kB | 41/45 kBProgress (4): 2.3/2.7 MB | 111/164 kB | 205 kB | 45 kB   Progress (4): 2.3/2.7 MB | 115/164 kB | 205 kB | 45 kBProgress (4): 2.3/2.7 MB | 119/164 kB | 205 kB | 45 kBProgress (4): 2.3/2.7 MB | 123/164 kB | 205 kB | 45 kBProgress (4): 2.3/2.7 MB | 127/164 kB | 205 kB | 45 kBProgress (4): 2.3/2.7 MB | 131/164 kB | 205 kB | 45 kBProgress (4): 2.3/2.7 MB | 135/164 kB | 205 kB | 45 kBProgress (4): 2.3/2.7 MB | 139/164 kB | 205 kB | 45 kBProgress (4): 2.3/2.7 MB | 143/164 kB | 205 kB | 45 kBProgress (4): 2.3/2.7 MB | 147/164 kB | 205 kB | 45 kBProgress (4): 2.3/2.7 MB | 152/164 kB | 205 kB | 45 kBProgress (4): 2.3/2.7 MB | 156/164 kB | 205 kB | 45 kBProgress (4): 2.3/2.7 MB | 160/164 kB | 205 kB | 45 kBProgress (4): 2.3/2.7 MB | 164 kB | 205 kB | 45 kB    Progress (5): 2.3/2.7 MB | 164 kB | 205 kB | 45 kB | 4.1/5.8 kBProgress (5): 2.3/2.7 MB | 164 kB | 205 kB | 45 kB | 5.8 kB                                                               Downloaded from central: https://repo.maven.apache.org/maven2/javax/annotation/jsr250-api/1.0/jsr250-api-1.0.jar (5.8 kB at 22 kB/s)
Downloading from central: https://repo.maven.apache.org/maven2/javax/inject/javax.inject/1/javax.inject-1.jar
Downloaded from central: https://repo.maven.apache.org/maven2/javax/enterprise/cdi-api/1.0/cdi-api-1.0.jar (45 kB at 170 kB/s)
Downloading from central: https://repo.maven.apache.org/maven2/org/eclipse/sisu/org.eclipse.sisu.inject/0.3.4/org.eclipse.sisu.inject-0.3.4.jar
Downloaded from central: https://repo.maven.apache.org/maven2/org/apache/maven/shared/maven-shared-utils/3.1.0/maven-shared-utils-3.1.0.jar (164 kB at 615 kB/s)
Downloading from central: https://repo.maven.apache.org/maven2/org/codehaus/plexus/plexus-utils/3.2.1/plexus-utils-3.2.1.jar
Progress (3): 2.3/2.7 MB | 205 kB | 2.5 kBProgress (4): 2.3/2.7 MB | 205 kB | 2.5 kB | 4.1/379 kBProgress (4): 2.3/2.7 MB | 205 kB | 2.5 kB | 8.2/379 kBProgress (4): 2.3/2.7 MB | 205 kB | 2.5 kB | 12/379 kB Progress (4): 2.3/2.7 MB | 205 kB | 2.5 kB | 16/379 kBProgress (4): 2.3/2.7 MB | 205 kB | 2.5 kB | 20/379 kBProgress (4): 2.3/2.7 MB | 205 kB | 2.5 kB | 25/379 kBProgress (4): 2.3/2.7 MB | 205 kB | 2.5 kB | 29/379 kBProgress (4): 2.3/2.7 MB | 205 kB | 2.5 kB | 33/379 kBProgress (4): 2.3/2.7 MB | 205 kB | 2.5 kB | 37/379 kBProgress (5): 2.3/2.7 MB | 205 kB | 2.5 kB | 37/379 kB | 4.1/262 kBProgress (5): 2.3/2.7 MB | 205 kB | 2.5 kB | 37/379 kB | 8.2/262 kBProgress (5): 2.3/2.7 MB | 205 kB | 2.5 kB | 37/379 kB | 12/262 kB Progress (5): 2.3/2.7 MB | 205 kB | 2.5 kB | 37/379 kB | 16/262 kBProgress (5): 2.3/2.7 MB | 205 kB | 2.5 kB | 37/379 kB | 20/262 kBProgress (5): 2.3/2.7 MB | 205 kB | 2.5 kB | 37/379 kB | 25/262 kBProgress (5): 2.3/2.7 MB | 205 kB | 2.5 kB | 37/379 kB | 29/262 kBProgress (5): 2.3/2.7 MB | 205 kB | 2.5 kB | 37/379 kB | 33/262 kBProgress (5): 2.3/2.7 MB | 205 kB | 2.5 kB | 37/379 kB | 37/262 kBProgress (5): 2.3/2.7 MB | 205 kB | 2.5 kB | 37/379 kB | 41/262 kBProgress (5): 2.3/2.7 MB | 205 kB | 2.5 kB | 37/379 kB | 45/262 kBProgress (5): 2.3/2.7 MB | 205 kB | 2.5 kB | 37/379 kB | 49/262 kBProgress (5): 2.3/2.7 MB | 205 kB | 2.5 kB | 37/379 kB | 53/262 kBProgress (5): 2.3/2.7 MB | 205 kB | 2.5 kB | 37/379 kB | 57/262 kBProgress (5): 2.3/2.7 MB | 205 kB | 2.5 kB | 37/379 kB | 61/262 kBProgress (5): 2.3/2.7 MB | 205 kB | 2.5 kB | 37/379 kB | 66/262 kBProgress (5): 2.3/2.7 MB | 205 kB | 2.5 kB | 37/379 kB | 70/262 kBProgress (5): 2.3/2.7 MB | 205 kB | 2.5 kB | 37/379 kB | 74/262 kBProgress (5): 2.3/2.7 MB | 205 kB | 2.5 kB | 37/379 kB | 78/262 kBProgress (5): 2.3/2.7 MB | 205 kB | 2.5 kB | 37/379 kB | 82/262 kB                                                                  Downloaded from central: https://repo.maven.apache.org/maven2/org/eclipse/sisu/org.eclipse.sisu.plexus/0.3.4/org.eclipse.sisu.plexus-0.3.4.jar (205 kB at 744 kB/s)
Downloaded from central: https://repo.maven.apache.org/maven2/javax/inject/javax.inject/1/javax.inject-1.jar (2.5 kB at 9.0 kB/s)
Downloading from central: https://repo.maven.apache.org/maven2/org/codehaus/plexus/plexus-classworlds/2.6.0/plexus-classworlds-2.6.0.jar
Progress (3): 2.3/2.7 MB | 41/379 kB | 82/262 kBProgress (3): 2.3/2.7 MB | 45/379 kB | 82/262 kBProgress (3): 2.3/2.7 MB | 49/379 kB | 82/262 kBProgress (3): 2.3/2.7 MB | 53/379 kB | 82/262 kBProgress (3): 2.3/2.7 MB | 57/379 kB | 82/262 kBProgress (3): 2.3/2.7 MB | 61/379 kB | 82/262 kBProgress (3): 2.3/2.7 MB | 65/379 kB | 82/262 kBProgress (3): 2.3/2.7 MB | 70/379 kB | 82/262 kBProgress (3): 2.3/2.7 MB | 74/379 kB | 82/262 kBProgress (3): 2.3/2.7 MB | 78/379 kB | 82/262 kBProgress (3): 2.3/2.7 MB | 82/379 kB | 82/262 kBProgress (3): 2.3/2.7 MB | 86/379 kB | 82/262 kBProgress (3): 2.3/2.7 MB | 90/379 kB | 82/262 kBProgress (3): 2.3/2.7 MB | 94/379 kB | 82/262 kBProgress (3): 2.3/2.7 MB | 98/379 kB | 82/262 kBProgress (3): 2.3/2.7 MB | 102/379 kB | 82/262 kBProgress (3): 2.3/2.7 MB | 106/379 kB | 82/262 kBProgress (3): 2.3/2.7 MB | 110/379 kB | 82/262 kBProgress (3): 2.3/2.7 MB | 115/379 kB | 82/262 kBProgress (3): 2.3/2.7 MB | 119/379 kB | 82/262 kBProgress (3): 2.3/2.7 MB | 123/379 kB | 82/262 kBProgress (3): 2.3/2.7 MB | 127/379 kB | 82/262 kBProgress (3): 2.3/2.7 MB | 131/379 kB | 82/262 kBProgress (3): 2.3/2.7 MB | 135/379 kB | 82/262 kBProgress (3): 2.3/2.7 MB | 135/379 kB | 86/262 kBProgress (3): 2.3/2.7 MB | 135/379 kB | 90/262 kBProgress (3): 2.3/2.7 MB | 135/379 kB | 94/262 kBProgress (3): 2.3/2.7 MB | 135/379 kB | 98/262 kBProgress (4): 2.3/2.7 MB | 135/379 kB | 98/262 kB | 4.1/53 kBProgress (4): 2.3/2.7 MB | 135/379 kB | 98/262 kB | 8.2/53 kBProgress (4): 2.3/2.7 MB | 135/379 kB | 98/262 kB | 12/53 kB Progress (4): 2.3/2.7 MB | 135/379 kB | 98/262 kB | 16/53 kBProgress (4): 2.3/2.7 MB | 135/379 kB | 98/262 kB | 20/53 kBProgress (4): 2.3/2.7 MB | 135/379 kB | 98/262 kB | 25/53 kBProgress (4): 2.3/2.7 MB | 135/379 kB | 98/262 kB | 29/53 kBProgress (4): 2.3/2.7 MB | 135/379 kB | 98/262 kB | 33/53 kBProgress (4): 2.3/2.7 MB | 135/379 kB | 98/262 kB | 37/53 kBProgress (4): 2.3/2.7 MB | 135/379 kB | 98/262 kB | 41/53 kBProgress (4): 2.3/2.7 MB | 135/379 kB | 98/262 kB | 45/53 kBProgress (4): 2.3/2.7 MB | 135/379 kB | 98/262 kB | 49/53 kBProgress (4): 2.3/2.7 MB | 135/379 kB | 98/262 kB | 53 kB   Progress (4): 2.3/2.7 MB | 135/379 kB | 98/262 kB | 53 kBProgress (4): 2.3/2.7 MB | 135/379 kB | 98/262 kB | 53 kBProgress (4): 2.4/2.7 MB | 135/379 kB | 98/262 kB | 53 kBProgress (4): 2.4/2.7 MB | 135/379 kB | 98/262 kB | 53 kBProgress (4): 2.4/2.7 MB | 135/379 kB | 102/262 kB | 53 kBProgress (4): 2.4/2.7 MB | 135/379 kB | 106/262 kB | 53 kBProgress (4): 2.4/2.7 MB | 135/379 kB | 111/262 kB | 53 kBProgress (4): 2.4/2.7 MB | 135/379 kB | 115/262 kB | 53 kBProgress (4): 2.4/2.7 MB | 135/379 kB | 119/262 kB | 53 kBProgress (4): 2.4/2.7 MB | 135/379 kB | 123/262 kB | 53 kBProgress (4): 2.4/2.7 MB | 135/379 kB | 127/262 kB | 53 kBProgress (4): 2.4/2.7 MB | 135/379 kB | 131/262 kB | 53 kBProgress (4): 2.4/2.7 MB | 135/379 kB | 135/262 kB | 53 kBProgress (4): 2.4/2.7 MB | 135/379 kB | 139/262 kB | 53 kBProgress (4): 2.4/2.7 MB | 135/379 kB | 143/262 kB | 53 kBProgress (4): 2.4/2.7 MB | 135/379 kB | 147/262 kB | 53 kBProgress (4): 2.4/2.7 MB | 135/379 kB | 152/262 kB | 53 kBProgress (4): 2.4/2.7 MB | 135/379 kB | 156/262 kB | 53 kBProgress (4): 2.4/2.7 MB | 135/379 kB | 160/262 kB | 53 kBProgress (4): 2.4/2.7 MB | 135/379 kB | 164/262 kB | 53 kBProgress (4): 2.4/2.7 MB | 135/379 kB | 168/262 kB | 53 kBProgress (4): 2.4/2.7 MB | 135/379 kB | 172/262 kB | 53 kBProgress (4): 2.4/2.7 MB | 135/379 kB | 176/262 kB | 53 kBProgress (4): 2.4/2.7 MB | 139/379 kB | 176/262 kB | 53 kBProgress (4): 2.4/2.7 MB | 143/379 kB | 176/262 kB | 53 kBProgress (4): 2.4/2.7 MB | 147/379 kB | 176/262 kB | 53 kBProgress (4): 2.4/2.7 MB | 151/379 kB | 176/262 kB | 53 kBProgress (4): 2.4/2.7 MB | 156/379 kB | 176/262 kB | 53 kBProgress (4): 2.4/2.7 MB | 160/379 kB | 176/262 kB | 53 kBProgress (4): 2.4/2.7 MB | 164/379 kB | 176/262 kB | 53 kBProgress (4): 2.4/2.7 MB | 168/379 kB | 176/262 kB | 53 kBProgress (4): 2.4/2.7 MB | 172/379 kB | 176/262 kB | 53 kBProgress (4): 2.4/2.7 MB | 176/379 kB | 176/262 kB | 53 kBProgress (4): 2.4/2.7 MB | 180/379 kB | 176/262 kB | 53 kBProgress (4): 2.4/2.7 MB | 184/379 kB | 176/262 kB | 53 kBProgress (4): 2.4/2.7 MB | 188/379 kB | 176/262 kB | 53 kBProgress (4): 2.4/2.7 MB | 192/379 kB | 176/262 kB | 53 kBProgress (4): 2.4/2.7 MB | 196/379 kB | 176/262 kB | 53 kBProgress (4): 2.4/2.7 MB | 201/379 kB | 176/262 kB | 53 kBProgress (4): 2.4/2.7 MB | 205/379 kB | 176/262 kB | 53 kBProgress (4): 2.4/2.7 MB | 209/379 kB | 176/262 kB | 53 kBProgress (4): 2.4/2.7 MB | 213/379 kB | 176/262 kB | 53 kBProgress (4): 2.4/2.7 MB | 217/379 kB | 176/262 kB | 53 kBProgress (4): 2.4/2.7 MB | 217/379 kB | 176/262 kB | 53 kBProgress (4): 2.4/2.7 MB | 217/379 kB | 176/262 kB | 53 kBProgress (4): 2.4/2.7 MB | 217/379 kB | 176/262 kB | 53 kB                                                          Downloaded from central: https://repo.maven.apache.org/maven2/org/codehaus/plexus/plexus-classworlds/2.6.0/plexus-classworlds-2.6.0.jar (53 kB at 180 kB/s)
Progress (3): 2.4/2.7 MB | 217/379 kB | 180/262 kBProgress (3): 2.4/2.7 MB | 217/379 kB | 184/262 kBProgress (3): 2.4/2.7 MB | 217/379 kB | 188/262 kBProgress (3): 2.4/2.7 MB | 217/379 kB | 193/262 kBProgress (3): 2.4/2.7 MB | 217/379 kB | 197/262 kBProgress (3): 2.4/2.7 MB | 217/379 kB | 201/262 kBProgress (3): 2.4/2.7 MB | 217/379 kB | 205/262 kBProgress (3): 2.4/2.7 MB | 217/379 kB | 209/262 kBProgress (3): 2.4/2.7 MB | 217/379 kB | 213/262 kBProgress (3): 2.4/2.7 MB | 217/379 kB | 217/262 kBProgress (3): 2.4/2.7 MB | 217/379 kB | 221/262 kBProgress (3): 2.4/2.7 MB | 217/379 kB | 225/262 kBProgress (3): 2.4/2.7 MB | 217/379 kB | 229/262 kBProgress (3): 2.4/2.7 MB | 217/379 kB | 233/262 kBProgress (3): 2.4/2.7 MB | 217/379 kB | 238/262 kBProgress (3): 2.4/2.7 MB | 217/379 kB | 242/262 kBProgress (3): 2.4/2.7 MB | 217/379 kB | 246/262 kBProgress (3): 2.4/2.7 MB | 217/379 kB | 250/262 kBProgress (3): 2.4/2.7 MB | 217/379 kB | 250/262 kBProgress (3): 2.5/2.7 MB | 217/379 kB | 250/262 kBProgress (3): 2.5/2.7 MB | 217/379 kB | 250/262 kBProgress (3): 2.5/2.7 MB | 217/379 kB | 250/262 kBProgress (3): 2.5/2.7 MB | 217/379 kB | 250/262 kBProgress (3): 2.5/2.7 MB | 217/379 kB | 250/262 kBProgress (3): 2.5/2.7 MB | 217/379 kB | 250/262 kBProgress (3): 2.5/2.7 MB | 221/379 kB | 250/262 kBProgress (3): 2.5/2.7 MB | 225/379 kB | 250/262 kBProgress (3): 2.5/2.7 MB | 229/379 kB | 250/262 kBProgress (3): 2.5/2.7 MB | 233/379 kB | 250/262 kBProgress (3): 2.5/2.7 MB | 237/379 kB | 250/262 kBProgress (3): 2.5/2.7 MB | 242/379 kB | 250/262 kBProgress (3): 2.5/2.7 MB | 246/379 kB | 250/262 kBProgress (3): 2.5/2.7 MB | 250/379 kB | 250/262 kBProgress (3): 2.5/2.7 MB | 254/379 kB | 250/262 kBProgress (3): 2.5/2.7 MB | 258/379 kB | 250/262 kBProgress (3): 2.5/2.7 MB | 262/379 kB | 250/262 kBProgress (3): 2.5/2.7 MB | 266/379 kB | 250/262 kBProgress (3): 2.5/2.7 MB | 270/379 kB | 250/262 kBProgress (3): 2.5/2.7 MB | 274/379 kB | 250/262 kBProgress (3): 2.5/2.7 MB | 278/379 kB | 250/262 kBProgress (3): 2.5/2.7 MB | 283/379 kB | 250/262 kBProgress (3): 2.5/2.7 MB | 287/379 kB | 250/262 kBProgress (3): 2.5/2.7 MB | 291/379 kB | 250/262 kBProgress (3): 2.5/2.7 MB | 295/379 kB | 250/262 kBProgress (3): 2.5/2.7 MB | 299/379 kB | 250/262 kBProgress (3): 2.5/2.7 MB | 303/379 kB | 250/262 kBProgress (3): 2.5/2.7 MB | 307/379 kB | 250/262 kBProgress (3): 2.5/2.7 MB | 311/379 kB | 250/262 kBProgress (3): 2.5/2.7 MB | 315/379 kB | 250/262 kBProgress (3): 2.5/2.7 MB | 319/379 kB | 250/262 kBProgress (3): 2.5/2.7 MB | 319/379 kB | 254/262 kBProgress (3): 2.5/2.7 MB | 319/379 kB | 258/262 kBProgress (3): 2.5/2.7 MB | 319/379 kB | 262 kB    Progress (3): 2.6/2.7 MB | 319/379 kB | 262 kBProgress (3): 2.6/2.7 MB | 319/379 kB | 262 kBProgress (3): 2.6/2.7 MB | 319/379 kB | 262 kBProgress (3): 2.6/2.7 MB | 319/379 kB | 262 kBProgress (3): 2.6/2.7 MB | 319/379 kB | 262 kBProgress (3): 2.6/2.7 MB | 319/379 kB | 262 kBProgress (3): 2.6/2.7 MB | 319/379 kB | 262 kBProgress (3): 2.7/2.7 MB | 319/379 kB | 262 kBProgress (3): 2.7/2.7 MB | 323/379 kB | 262 kBProgress (3): 2.7/2.7 MB | 328/379 kB | 262 kBProgress (3): 2.7/2.7 MB | 332/379 kB | 262 kBProgress (3): 2.7/2.7 MB | 336/379 kB | 262 kBProgress (3): 2.7/2.7 MB | 340/379 kB | 262 kBProgress (3): 2.7/2.7 MB | 344/379 kB | 262 kBProgress (3): 2.7/2.7 MB | 348/379 kB | 262 kBProgress (3): 2.7/2.7 MB | 352/379 kB | 262 kBProgress (3): 2.7/2.7 MB | 356/379 kB | 262 kBProgress (3): 2.7/2.7 MB | 360/379 kB | 262 kB                                              Downloaded from central: https://repo.maven.apache.org/maven2/org/codehaus/plexus/plexus-utils/3.2.1/plexus-utils-3.2.1.jar (262 kB at 850 kB/s)
Progress (2): 2.7/2.7 MB | 364/379 kBProgress (2): 2.7/2.7 MB | 369/379 kBProgress (2): 2.7/2.7 MB | 373/379 kBProgress (2): 2.7/2.7 MB | 377/379 kBProgress (2): 2.7/2.7 MB | 379 kB    Progress (2): 2.7 MB | 379 kB                                 Downloaded from central: https://repo.maven.apache.org/maven2/net/java/dev/jna/jna-platform/5.5.0/jna-platform-5.5.0.jar (2.7 MB at 7.7 MB/s)
Downloaded from central: https://repo.maven.apache.org/maven2/org/eclipse/sisu/org.eclipse.sisu.inject/0.3.4/org.eclipse.sisu.inject-0.3.4.jar (379 kB at 1.2 MB/s)
[INFO] Replacing main artifact with repackaged archive
[INFO] ------------------------------------------------------------------------
[INFO] BUILD SUCCESS
[INFO] ------------------------------------------------------------------------
[INFO] Total time:  19.118 s
[INFO] Finished at: 2024-09-15T14:40:25Z
[INFO] ------------------------------------------------------------------------
Finished: SUCCESS
